[2026-02-10 21:03:35] local.INFO: PurokLeaderMiddleware - User check {"user_id":46,"user_role":"purok_leader","purok_id":3,"allowed_roles":["purok_leader","admin"]} 
[2026-02-10 21:04:30] local.DEBUG: CheckRole: Checking access {"user_id":17,"user_role":"barangay_captain","allowed_roles":["barangay_captain","barangay_kagawad","secretary","purok_leader","admin"],"path":"reports/purok-clearance"} 
[2026-02-10 21:05:10] local.DEBUG: CheckRole: Checking access {"user_id":17,"user_role":"barangay_captain","allowed_roles":["barangay_captain","admin"],"path":"captain/secretaries"} 
[2026-02-10 21:05:27] local.DEBUG: CheckRole: Checking access {"user_id":17,"user_role":"barangay_captain","allowed_roles":["barangay_captain","admin","barangay_kagawad"],"path":"admin/dashboard"} 
[2026-02-10 21:05:48] local.INFO: PurokLeaderMiddleware - User check {"user_id":55,"user_role":"purok_leader","purok_id":2,"allowed_roles":["purok_leader","admin"]} 
[2026-02-10 21:05:54] local.INFO: PurokLeaderMiddleware - User check {"user_id":55,"user_role":"purok_leader","purok_id":2,"allowed_roles":["purok_leader","admin"]} 
[2026-02-10 21:06:13] local.INFO: PurokLeaderMiddleware - User check {"user_id":55,"user_role":"purok_leader","purok_id":2,"allowed_roles":["purok_leader","admin"]} 
[2026-02-10 21:06:14] local.INFO: PurokLeaderMiddleware - User check {"user_id":55,"user_role":"purok_leader","purok_id":2,"allowed_roles":["purok_leader","admin"]} 
[2026-02-10 21:06:15] local.DEBUG: CheckRole: Checking access {"user_id":17,"user_role":"barangay_captain","allowed_roles":["barangay_captain","admin"],"path":"captain/secretaries"} 
[2026-02-10 21:06:20] local.INFO: PurokLeaderMiddleware - User check {"user_id":55,"user_role":"purok_leader","purok_id":2,"allowed_roles":["purok_leader","admin"]} 
[2026-02-10 21:07:01] local.INFO: PurokLeaderMiddleware - User check {"user_id":55,"user_role":"purok_leader","purok_id":2,"allowed_roles":["purok_leader","admin"]} 
[2026-02-10 21:07:05] local.ERROR: Pusher error: cURL error 6: Could not resolve host: api-ap1.pusher.com (see https://curl.haxx.se/libcurl/c/libcurl-errors.html) for https://api-ap1.pusher.com/apps/2020389/events?auth_key=39ed0339a3ef1d378fa6&auth_timestamp=1770728824&auth_version=1.0&body_md5=989a3f18667a7a6a5fd4784eb65bbf9d&auth_signature=326283ed7ec726f653df4a65274a5096e667100e91376201cb6ea19bf05849a9. {"userId":55,"exception":"[object] (Illuminate\\Broadcasting\\BroadcastException(code: 0): Pusher error: cURL error 6: Could not resolve host: api-ap1.pusher.com (see https://curl.haxx.se/libcurl/c/libcurl-errors.html) for https://api-ap1.pusher.com/apps/2020389/events?auth_key=39ed0339a3ef1d378fa6&auth_timestamp=1770728824&auth_version=1.0&body_md5=989a3f18667a7a6a5fd4784eb65bbf9d&auth_signature=326283ed7ec726f653df4a65274a5096e667100e91376201cb6ea19bf05849a9. at C:/Users/PC/Documents/Capstone/Capstone System/kalawag_brgy_system/vendor/laravel/framework/src/Illuminate/Broadcasting/Broadcasters/PusherBroadcaster.php:164)
[stacktrace]
#0 C:/Users/PC/Documents/Capstone/Capstone System/kalawag_brgy_system/vendor/laravel/framework/src/Illuminate/Broadcasting/BroadcastEvent.php(93): Illuminate/Broadcasting/Broadcasters/PusherBroadcaster->broadcast(Object(Illuminate/Support/Collection), 'request-status-...', Array)
#1 C:/Users/PC/Documents/Capstone/Capstone System/kalawag_brgy_system/vendor/laravel/framework/src/Illuminate/Container/BoundMethod.php(36): Illuminate/Broadcasting/BroadcastEvent->handle(Object(Illuminate/Broadcasting/BroadcastManager))
#2 C:/Users/PC/Documents/Capstone/Capstone System/kalawag_brgy_system/vendor/laravel/framework/src/Illuminate/Container/Util.php(43): Illuminate/Container/BoundMethod::Illuminate/Container/{closure}()
#3 C:/Users/PC/Documents/Capstone/Capstone System/kalawag_brgy_system/vendor/laravel/framework/src/Illuminate/Container/BoundMethod.php(95): Illuminate/Container/Util::unwrapIfClosure(Object(Closure))
#4 C:/Users/PC/Documents/Capstone/Capstone System/kalawag_brgy_system/vendor/laravel/framework/src/Illuminate/Container/BoundMethod.php(35): Illuminate/Container/BoundMethod::callBoundMethod(Object(Illuminate/Foundation/Application), Array, Object(Closure))
#5 C:/Users/PC/Documents/Capstone/Capstone System/kalawag_brgy_system/vendor/laravel/framework/src/Illuminate/Container/Container.php(696): Illuminate/Container/BoundMethod::call(Object(Illuminate/Foundation/Application), Array, Array, NULL)
#6 C:/Users/PC/Documents/Capstone/Capstone System/kalawag_brgy_system/vendor/laravel/framework/src/Illuminate/Bus/Dispatcher.php(126): Illuminate/Container/Container->call(Array)
#7 C:/Users/PC/Documents/Capstone/Capstone System/kalawag_brgy_system/vendor/laravel/framework/src/Illuminate/Pipeline/Pipeline.php(170): Illuminate/Bus/Dispatcher->Illuminate/Bus/{closure}(Object(Illuminate/Broadcasting/BroadcastEvent))
#8 C:/Users/PC/Documents/Capstone/Capstone System/kalawag_brgy_system/vendor/laravel/framework/src/Illuminate/Pipeline/Pipeline.php(127): Illuminate/Pipeline/Pipeline->Illuminate/Pipeline/{closure}(Object(Illuminate/Broadcasting/BroadcastEvent))
#9 C:/Users/PC/Documents/Capstone/Capstone System/kalawag_brgy_system/vendor/laravel/framework/src/Illuminate/Bus/Dispatcher.php(130): Illuminate/Pipeline/Pipeline->then(Object(Closure))
#10 C:/Users/PC/Documents/Capstone/Capstone System/kalawag_brgy_system/vendor/laravel/framework/src/Illuminate/Broadcasting/BroadcastManager.php(182): Illuminate/Bus/Dispatcher->dispatchNow(Object(Illuminate/Broadcasting/BroadcastEvent))
#11 C:/Users/PC/Documents/Capstone/Capstone System/kalawag_brgy_system/vendor/laravel/framework/src/Illuminate/Events/Dispatcher.php(358): Illuminate/Broadcasting/BroadcastManager->queue(Object(App/Events/RequestStatusUpdated))
#12 C:/Users/PC/Documents/Capstone/Capstone System/kalawag_brgy_system/vendor/laravel/framework/src/Illuminate/Events/Dispatcher.php(281): Illuminate/Events/Dispatcher->broadcastEvent(Object(App/Events/RequestStatusUpdated))
#13 C:/Users/PC/Documents/Capstone/Capstone System/kalawag_brgy_system/vendor/laravel/framework/src/Illuminate/Events/Dispatcher.php(267): Illuminate/Events/Dispatcher->invokeListeners('App//Events//Requ...', Array, false)
#14 C:/Users/PC/Documents/Capstone/Capstone System/kalawag_brgy_system/vendor/laravel/framework/src/Illuminate/Foundation/helpers.php(473): Illuminate/Events/Dispatcher->dispatch('App//Events//Requ...')
#15 C:/Users/PC/Documents/Capstone/Capstone System/kalawag_brgy_system/app/Models/Request.php(90): event(Object(App/Events/RequestStatusUpdated))
#16 C:/Users/PC/Documents/Capstone/Capstone System/kalawag_brgy_system/vendor/laravel/framework/src/Illuminate/Events/Dispatcher.php(459): App/Models/Request::App/Models/{closure}(Object(App/Models/Request))
#17 C:/Users/PC/Documents/Capstone/Capstone System/kalawag_brgy_system/vendor/laravel/framework/src/Illuminate/Events/Dispatcher.php(287): Illuminate/Events/Dispatcher->Illuminate/Events/{closure}('eloquent.update...', Array)
#18 C:/Users/PC/Documents/Capstone/Capstone System/kalawag_brgy_system/vendor/laravel/framework/src/Illuminate/Events/Dispatcher.php(267): Illuminate/Events/Dispatcher->invokeListeners('eloquent.update...', Array, false)
#19 C:/Users/PC/Documents/Capstone/Capstone System/kalawag_brgy_system/vendor/laravel/framework/src/Illuminate/Database/Eloquent/Concerns/HasEvents.php(224): Illuminate/Events/Dispatcher->dispatch('eloquent.update...', Array)
#20 C:/Users/PC/Documents/Capstone/Capstone System/kalawag_brgy_system/vendor/laravel/framework/src/Illuminate/Database/Eloquent/Model.php(1243): Illuminate/Database/Eloquent/Model->fireModelEvent('updated', false)
#21 C:/Users/PC/Documents/Capstone/Capstone System/kalawag_brgy_system/vendor/laravel/framework/src/Illuminate/Database/Eloquent/Model.php(1156): Illuminate/Database/Eloquent/Model->performUpdate(Object(Illuminate/Database/Eloquent/Builder))
#22 C:/Users/PC/Documents/Capstone/Capstone System/kalawag_brgy_system/vendor/laravel/framework/src/Illuminate/Database/Eloquent/Model.php(1014): Illuminate/Database/Eloquent/Model->save(Array)
#23 C:/Users/PC/Documents/Capstone/Capstone System/kalawag_brgy_system/app/Http/Controllers/Pdf/PurokClearanceDocumentController.php(324): Illuminate/Database/Eloquent/Model->update(Array)
#24 C:/Users/PC/Documents/Capstone/Capstone System/kalawag_brgy_system/vendor/laravel/framework/src/Illuminate/Routing/Controller.php(54): App/Http/Controllers/Pdf/PurokClearanceDocumentController->finalize(Object(App/Models/Request), Object(Illuminate/Http/Request))
#25 C:/Users/PC/Documents/Capstone/Capstone System/kalawag_brgy_system/vendor/laravel/framework/src/Illuminate/Routing/ControllerDispatcher.php(44): Illuminate/Routing/Controller->callAction('finalize', Array)
#26 C:/Users/PC/Documents/Capstone/Capstone System/kalawag_brgy_system/vendor/laravel/framework/src/Illuminate/Routing/Route.php(266): Illuminate/Routing/ControllerDispatcher->dispatch(Object(Illuminate/Routing/Route), Object(App/Http/Controllers/Pdf/PurokClearanceDocumentController), 'finalize')
#27 C:/Users/PC/Documents/Capstone/Capstone System/kalawag_brgy_system/vendor/laravel/framework/src/Illuminate/Routing/Route.php(212): Illuminate/Routing/Route->runController()
#28 C:/Users/PC/Documents/Capstone/Capstone System/kalawag_brgy_system/vendor/laravel/framework/src/Illuminate/Routing/Router.php(808): Illuminate/Routing/Route->run()
#29 C:/Users/PC/Documents/Capstone/Capstone System/kalawag_brgy_system/vendor/laravel/framework/src/Illuminate/Pipeline/Pipeline.php(170): Illuminate/Routing/Router->Illuminate/Routing/{closure}(Object(Illuminate/Http/Request))
#30 C:/Users/PC/Documents/Capstone/Capstone System/kalawag_brgy_system/app/Http/Middleware/PurokLeaderMiddleware.php(44): Illuminate/Pipeline/Pipeline->Illuminate/Pipeline/{closure}(Object(Illuminate/Http/Request))
#31 C:/Users/PC/Documents/Capstone/Capstone System/kalawag_brgy_system/vendor/laravel/framework/src/Illuminate/Pipeline/Pipeline.php(209): App/Http/Middleware/PurokLeaderMiddleware->handle(Object(Illuminate/Http/Request), Object(Closure))
#32 C:/Users/PC/Documents/Capstone/Capstone System/kalawag_brgy_system/app/Http/Middleware/CheckForPendingFeedback.php(29): Illuminate/Pipeline/Pipeline->Illuminate/Pipeline/{closure}(Object(Illuminate/Http/Request))
#33 C:/Users/PC/Documents/Capstone/Capstone System/kalawag_brgy_system/vendor/laravel/framework/src/Illuminate/Pipeline/Pipeline.php(209): App/Http/Middleware/CheckForPendingFeedback->handle(Object(Illuminate/Http/Request), Object(Closure))
#34 C:/Users/PC/Documents/Capstone/Capstone System/kalawag_brgy_system/app/Http/Middleware/CheckFeedbackEligibility.php(57): Illuminate/Pipeline/Pipeline->Illuminate/Pipeline/{closure}(Object(Illuminate/Http/Request))
#35 C:/Users/PC/Documents/Capstone/Capstone System/kalawag_brgy_system/vendor/laravel/framework/src/Illuminate/Pipeline/Pipeline.php(209): App/Http/Middleware/CheckFeedbackEligibility->handle(Object(Illuminate/Http/Request), Object(Closure))
#36 C:/Users/PC/Documents/Capstone/Capstone System/kalawag_brgy_system/vendor/laravel/framework/src/Illuminate/Routing/Middleware/SubstituteBindings.php(51): Illuminate/Pipeline/Pipeline->Illuminate/Pipeline/{closure}(Object(Illuminate/Http/Request))
#37 C:/Users/PC/Documents/Capstone/Capstone System/kalawag_brgy_system/vendor/laravel/framework/src/Illuminate/Pipeline/Pipeline.php(209): Illuminate/Routing/Middleware/SubstituteBindings->handle(Object(Illuminate/Http/Request), Object(Closure))
#38 C:/Users/PC/Documents/Capstone/Capstone System/kalawag_brgy_system/vendor/laravel/framework/src/Illuminate/Auth/Middleware/Authenticate.php(64): Illuminate/Pipeline/Pipeline->Illuminate/Pipeline/{closure}(Object(Illuminate/Http/Request))
#39 C:/Users/PC/Documents/Capstone/Capstone System/kalawag_brgy_system/vendor/laravel/framework/src/Illuminate/Pipeline/Pipeline.php(209): Illuminate/Auth/Middleware/Authenticate->handle(Object(Illuminate/Http/Request), Object(Closure))
#40 C:/Users/PC/Documents/Capstone/Capstone System/kalawag_brgy_system/vendor/laravel/framework/src/Illuminate/Foundation/Http/Middleware/VerifyCsrfToken.php(88): Illuminate/Pipeline/Pipeline->Illuminate/Pipeline/{closure}(Object(Illuminate/Http/Request))
#41 C:/Users/PC/Documents/Capstone/Capstone System/kalawag_brgy_system/vendor/laravel/framework/src/Illuminate/Pipeline/Pipeline.php(209): Illuminate/Foundation/Http/Middleware/VerifyCsrfToken->handle(Object(Illuminate/Http/Request), Object(Closure))
#42 C:/Users/PC/Documents/Capstone/Capstone System/kalawag_brgy_system/vendor/laravel/framework/src/Illuminate/View/Middleware/ShareErrorsFromSession.php(49): Illuminate/Pipeline/Pipeline->Illuminate/Pipeline/{closure}(Object(Illuminate/Http/Request))
#43 C:/Users/PC/Documents/Capstone/Capstone System/kalawag_brgy_system/vendor/laravel/framework/src/Illuminate/Pipeline/Pipeline.php(209): Illuminate/View/Middleware/ShareErrorsFromSession->handle(Object(Illuminate/Http/Request), Object(Closure))
#44 C:/Users/PC/Documents/Capstone/Capstone System/kalawag_brgy_system/vendor/laravel/framework/src/Illuminate/Session/Middleware/StartSession.php(121): Illuminate/Pipeline/Pipeline->Illuminate/Pipeline/{closure}(Object(Illuminate/Http/Request))
#45 C:/Users/PC/Documents/Capstone/Capstone System/kalawag_brgy_system/vendor/laravel/framework/src/Illuminate/Session/Middleware/StartSession.php(64): Illuminate/Session/Middleware/StartSession->handleStatefulRequest(Object(Illuminate/Http/Request), Object(Illuminate/Session/Store), Object(Closure))
#46 C:/Users/PC/Documents/Capstone/Capstone System/kalawag_brgy_system/vendor/laravel/framework/src/Illuminate/Pipeline/Pipeline.php(209): Illuminate/Session/Middleware/StartSession->handle(Object(Illuminate/Http/Request), Object(Closure))
#47 C:/Users/PC/Documents/Capstone/Capstone System/kalawag_brgy_system/vendor/laravel/framework/src/Illuminate/Cookie/Middleware/AddQueuedCookiesToResponse.php(37): Illuminate/Pipeline/Pipeline->Illuminate/Pipeline/{closure}(Object(Illuminate/Http/Request))
#48 C:/Users/PC/Documents/Capstone/Capstone System/kalawag_brgy_system/vendor/laravel/framework/src/Illuminate/Pipeline/Pipeline.php(209): Illuminate/Cookie/Middleware/AddQueuedCookiesToResponse->handle(Object(Illuminate/Http/Request), Object(Closure))
#49 C:/Users/PC/Documents/Capstone/Capstone System/kalawag_brgy_system/vendor/laravel/framework/src/Illuminate/Cookie/Middleware/EncryptCookies.php(75): Illuminate/Pipeline/Pipeline->Illuminate/Pipeline/{closure}(Object(Illuminate/Http/Request))
#50 C:/Users/PC/Documents/Capstone/Capstone System/kalawag_brgy_system/vendor/laravel/framework/src/Illuminate/Pipeline/Pipeline.php(209): Illuminate/Cookie/Middleware/EncryptCookies->handle(Object(Illuminate/Http/Request), Object(Closure))
#51 C:/Users/PC/Documents/Capstone/Capstone System/kalawag_brgy_system/vendor/laravel/framework/src/Illuminate/Pipeline/Pipeline.php(127): Illuminate/Pipeline/Pipeline->Illuminate/Pipeline/{closure}(Object(Illuminate/Http/Request))
#52 C:/Users/PC/Documents/Capstone/Capstone System/kalawag_brgy_system/vendor/laravel/framework/src/Illuminate/Routing/Router.php(807): Illuminate/Pipeline/Pipeline->then(Object(Closure))
#53 C:/Users/PC/Documents/Capstone/Capstone System/kalawag_brgy_system/vendor/laravel/framework/src/Illuminate/Routing/Router.php(786): Illuminate/Routing/Router->runRouteWithinStack(Object(Illuminate/Routing/Route), Object(Illuminate/Http/Request))
#54 C:/Users/PC/Documents/Capstone/Capstone System/kalawag_brgy_system/vendor/laravel/framework/src/Illuminate/Routing/Router.php(750): Illuminate/Routing/Router->runRoute(Object(Illuminate/Http/Request), Object(Illuminate/Routing/Route))
#55 C:/Users/PC/Documents/Capstone/Capstone System/kalawag_brgy_system/vendor/laravel/framework/src/Illuminate/Routing/Router.php(739): Illuminate/Routing/Router->dispatchToRoute(Object(Illuminate/Http/Request))
#56 C:/Users/PC/Documents/Capstone/Capstone System/kalawag_brgy_system/vendor/laravel/framework/src/Illuminate/Foundation/Http/Kernel.php(201): Illuminate/Routing/Router->dispatch(Object(Illuminate/Http/Request))
#57 C:/Users/PC/Documents/Capstone/Capstone System/kalawag_brgy_system/vendor/laravel/framework/src/Illuminate/Pipeline/Pipeline.php(170): Illuminate/Foundation/Http/Kernel->Illuminate/Foundation/Http/{closure}(Object(Illuminate/Http/Request))
#58 C:/Users/PC/Documents/Capstone/Capstone System/kalawag_brgy_system/vendor/laravel/framework/src/Illuminate/Foundation/Http/Middleware/TransformsRequest.php(21): Illuminate/Pipeline/Pipeline->Illuminate/Pipeline/{closure}(Object(Illuminate/Http/Request))
#59 C:/Users/PC/Documents/Capstone/Capstone System/kalawag_brgy_system/vendor/laravel/framework/src/Illuminate/Foundation/Http/Middleware/ConvertEmptyStringsToNull.php(31): Illuminate/Foundation/Http/Middleware/TransformsRequest->handle(Object(Illuminate/Http/Request), Object(Closure))
#60 C:/Users/PC/Documents/Capstone/Capstone System/kalawag_brgy_system/vendor/laravel/framework/src/Illuminate/Pipeline/Pipeline.php(209): Illuminate/Foundation/Http/Middleware/ConvertEmptyStringsToNull->handle(Object(Illuminate/Http/Request), Object(Closure))
#61 C:/Users/PC/Documents/Capstone/Capstone System/kalawag_brgy_system/vendor/laravel/framework/src/Illuminate/Foundation/Http/Middleware/TransformsRequest.php(21): Illuminate/Pipeline/Pipeline->Illuminate/Pipeline/{closure}(Object(Illuminate/Http/Request))
#62 C:/Users/PC/Documents/Capstone/Capstone System/kalawag_brgy_system/vendor/laravel/framework/src/Illuminate/Foundation/Http/Middleware/TrimStrings.php(51): Illuminate/Foundation/Http/Middleware/TransformsRequest->handle(Object(Illuminate/Http/Request), Object(Closure))
#63 C:/Users/PC/Documents/Capstone/Capstone System/kalawag_brgy_system/vendor/laravel/framework/src/Illuminate/Pipeline/Pipeline.php(209): Illuminate/Foundation/Http/Middleware/TrimStrings->handle(Object(Illuminate/Http/Request), Object(Closure))
#64 C:/Users/PC/Documents/Capstone/Capstone System/kalawag_brgy_system/vendor/laravel/framework/src/Illuminate/Http/Middleware/ValidatePostSize.php(27): Illuminate/Pipeline/Pipeline->Illuminate/Pipeline/{closure}(Object(Illuminate/Http/Request))
#65 C:/Users/PC/Documents/Capstone/Capstone System/kalawag_brgy_system/vendor/laravel/framework/src/Illuminate/Pipeline/Pipeline.php(209): Illuminate/Http/Middleware/ValidatePostSize->handle(Object(Illuminate/Http/Request), Object(Closure))
#66 C:/Users/PC/Documents/Capstone/Capstone System/kalawag_brgy_system/vendor/laravel/framework/src/Illuminate/Foundation/Http/Middleware/PreventRequestsDuringMaintenance.php(110): Illuminate/Pipeline/Pipeline->Illuminate/Pipeline/{closure}(Object(Illuminate/Http/Request))
#67 C:/Users/PC/Documents/Capstone/Capstone System/kalawag_brgy_system/vendor/laravel/framework/src/Illuminate/Pipeline/Pipeline.php(209): Illuminate/Foundation/Http/Middleware/PreventRequestsDuringMaintenance->handle(Object(Illuminate/Http/Request), Object(Closure))
#68 C:/Users/PC/Documents/Capstone/Capstone System/kalawag_brgy_system/vendor/laravel/framework/src/Illuminate/Http/Middleware/HandleCors.php(49): Illuminate/Pipeline/Pipeline->Illuminate/Pipeline/{closure}(Object(Illuminate/Http/Request))
#69 C:/Users/PC/Documents/Capstone/Capstone System/kalawag_brgy_system/vendor/laravel/framework/src/Illuminate/Pipeline/Pipeline.php(209): Illuminate/Http/Middleware/HandleCors->handle(Object(Illuminate/Http/Request), Object(Closure))
#70 C:/Users/PC/Documents/Capstone/Capstone System/kalawag_brgy_system/vendor/laravel/framework/src/Illuminate/Http/Middleware/TrustProxies.php(58): Illuminate/Pipeline/Pipeline->Illuminate/Pipeline/{closure}(Object(Illuminate/Http/Request))
#71 C:/Users/PC/Documents/Capstone/Capstone System/kalawag_brgy_system/vendor/laravel/framework/src/Illuminate/Pipeline/Pipeline.php(209): Illuminate/Http/Middleware/TrustProxies->handle(Object(Illuminate/Http/Request), Object(Closure))
#72 C:/Users/PC/Documents/Capstone/Capstone System/kalawag_brgy_system/vendor/laravel/framework/src/Illuminate/Foundation/Http/Middleware/InvokeDeferredCallbacks.php(22): Illuminate/Pipeline/Pipeline->Illuminate/Pipeline/{closure}(Object(Illuminate/Http/Request))
#73 C:/Users/PC/Documents/Capstone/Capstone System/kalawag_brgy_system/vendor/laravel/framework/src/Illuminate/Pipeline/Pipeline.php(209): Illuminate/Foundation/Http/Middleware/InvokeDeferredCallbacks->handle(Object(Illuminate/Http/Request), Object(Closure))
#74 C:/Users/PC/Documents/Capstone/Capstone System/kalawag_brgy_system/vendor/laravel/framework/src/Illuminate/Pipeline/Pipeline.php(127): Illuminate/Pipeline/Pipeline->Illuminate/Pipeline/{closure}(Object(Illuminate/Http/Request))
#75 C:/Users/PC/Documents/Capstone/Capstone System/kalawag_brgy_system/vendor/laravel/framework/src/Illuminate/Foundation/Http/Kernel.php(176): Illuminate/Pipeline/Pipeline->then(Object(Closure))
#76 C:/Users/PC/Documents/Capstone/Capstone System/kalawag_brgy_system/vendor/laravel/framework/src/Illuminate/Foundation/Http/Kernel.php(145): Illuminate/Foundation/Http/Kernel->sendRequestThroughRouter(Object(Illuminate/Http/Request))
#77 C:/Users/PC/Documents/Capstone/Capstone System/kalawag_brgy_system/vendor/laravel/framework/src/Illuminate/Foundation/Application.php(1220): Illuminate/Foundation/Http/Kernel->handle(Object(Illuminate/Http/Request))
#78 C:/Users/PC/Documents/Capstone/Capstone System/kalawag_brgy_system/public/index.php(20): Illuminate/Foundation/Application->handleRequest(Object(Illuminate/Http/Request))
#79 C:/Users/PC/Documents/Capstone/Capstone System/kalawag_brgy_system/vendor/laravel/framework/src/Illuminate/Foundation/resources/server.php(23): require_once('C://Users//PC//Doc...')
#80 {main}
"} 
[2026-02-10 21:07:43] local.INFO: PurokLeaderMiddleware - User check {"user_id":55,"user_role":"purok_leader","purok_id":2,"allowed_roles":["purok_leader","admin"]} 
[2026-02-10 21:07:56] local.INFO: PurokLeaderMiddleware - User check {"user_id":55,"user_role":"purok_leader","purok_id":2,"allowed_roles":["purok_leader","admin"]} 
[2026-02-10 21:10:21] local.INFO: PurokLeaderMiddleware - User check {"user_id":55,"user_role":"purok_leader","purok_id":2,"allowed_roles":["purok_leader","admin"]} 
[2026-02-10 21:10:25] local.INFO: PurokLeaderMiddleware - User check {"user_id":55,"user_role":"purok_leader","purok_id":2,"allowed_roles":["purok_leader","admin"]} 
[2026-02-10 21:10:29] local.INFO: PurokLeaderMiddleware - User check {"user_id":55,"user_role":"purok_leader","purok_id":2,"allowed_roles":["purok_leader","admin"]} 
[2026-02-10 21:10:49] local.DEBUG: CheckRole: Checking access {"user_id":55,"user_role":"purok_leader","allowed_roles":["purok_leader","secretary","barangay_captain","barangay_kagawad","admin"],"path":"purok-leader/resident-records"} 
[2026-02-10 21:10:53] local.INFO: PurokLeaderMiddleware - User check {"user_id":55,"user_role":"purok_leader","purok_id":2,"allowed_roles":["purok_leader","admin"]} 
[2026-02-10 21:10:55] local.INFO: PurokLeaderMiddleware - User check {"user_id":55,"user_role":"purok_leader","purok_id":2,"allowed_roles":["purok_leader","admin"]} 
[2026-02-10 21:11:05] local.INFO: PurokLeaderMiddleware - User check {"user_id":55,"user_role":"purok_leader","purok_id":2,"allowed_roles":["purok_leader","admin"]} 
[2026-02-10 21:11:09] local.INFO: PurokLeaderMiddleware - User check {"user_id":55,"user_role":"purok_leader","purok_id":2,"allowed_roles":["purok_leader","admin"]} 
[2026-02-10 21:12:27] local.DEBUG: CheckRole: Checking access {"user_id":55,"user_role":"purok_leader","allowed_roles":["purok_leader","secretary","barangay_captain","barangay_kagawad","admin"],"path":"purok-leader/resident-records"} 
[2026-02-10 21:14:17] local.DEBUG: CheckRole: Checking access {"user_id":55,"user_role":"purok_leader","allowed_roles":["purok_leader","secretary","barangay_captain","barangay_kagawad","admin"],"path":"purok-leader/resident-records"} 
[2026-02-10 21:14:18] local.INFO: PurokLeaderMiddleware - User check {"user_id":55,"user_role":"purok_leader","purok_id":2,"allowed_roles":["purok_leader","admin"]} 
[2026-02-10 21:14:23] local.INFO: PurokLeaderMiddleware - User check {"user_id":55,"user_role":"purok_leader","purok_id":2,"allowed_roles":["purok_leader","admin"]} 
[2026-02-10 21:14:27] local.INFO: PurokLeaderMiddleware - User check {"user_id":55,"user_role":"purok_leader","purok_id":2,"allowed_roles":["purok_leader","admin"]} 
[2026-02-10 21:14:37] local.INFO: PurokLeaderMiddleware - User check {"user_id":55,"user_role":"purok_leader","purok_id":2,"allowed_roles":["purok_leader","admin"]} 
[2026-02-10 21:14:38] local.INFO: PurokLeaderMiddleware - User check {"user_id":55,"user_role":"purok_leader","purok_id":2,"allowed_roles":["purok_leader","admin"]} 
[2026-02-10 21:14:49] local.INFO: PurokLeaderMiddleware - User check {"user_id":55,"user_role":"purok_leader","purok_id":2,"allowed_roles":["purok_leader","admin"]} 
[2026-02-10 21:14:49] local.ERROR: Pusher error: cURL error 6: Could not resolve host: api-ap1.pusher.com (see https://curl.haxx.se/libcurl/c/libcurl-errors.html) for https://api-ap1.pusher.com/apps/2020389/events?auth_key=39ed0339a3ef1d378fa6&auth_timestamp=1770729289&auth_version=1.0&body_md5=248566579c06cfe34e847de9d4cf867f&auth_signature=9c98c73c5011e73a5b157edb5e8b2479973a2dc63453240fe9d889eaa43ae214. {"userId":55,"exception":"[object] (Illuminate\\Broadcasting\\BroadcastException(code: 0): Pusher error: cURL error 6: Could not resolve host: api-ap1.pusher.com (see https://curl.haxx.se/libcurl/c/libcurl-errors.html) for https://api-ap1.pusher.com/apps/2020389/events?auth_key=39ed0339a3ef1d378fa6&auth_timestamp=1770729289&auth_version=1.0&body_md5=248566579c06cfe34e847de9d4cf867f&auth_signature=9c98c73c5011e73a5b157edb5e8b2479973a2dc63453240fe9d889eaa43ae214. at C:/Users/PC/Documents/Capstone/Capstone System/kalawag_brgy_system/vendor/laravel/framework/src/Illuminate/Broadcasting/Broadcasters/PusherBroadcaster.php:164)
[stacktrace]
#0 C:/Users/PC/Documents/Capstone/Capstone System/kalawag_brgy_system/vendor/laravel/framework/src/Illuminate/Broadcasting/BroadcastEvent.php(93): Illuminate/Broadcasting/Broadcasters/PusherBroadcaster->broadcast(Object(Illuminate/Support/Collection), 'request-status-...', Array)
#1 C:/Users/PC/Documents/Capstone/Capstone System/kalawag_brgy_system/vendor/laravel/framework/src/Illuminate/Container/BoundMethod.php(36): Illuminate/Broadcasting/BroadcastEvent->handle(Object(Illuminate/Broadcasting/BroadcastManager))
#2 C:/Users/PC/Documents/Capstone/Capstone System/kalawag_brgy_system/vendor/laravel/framework/src/Illuminate/Container/Util.php(43): Illuminate/Container/BoundMethod::Illuminate/Container/{closure}()
#3 C:/Users/PC/Documents/Capstone/Capstone System/kalawag_brgy_system/vendor/laravel/framework/src/Illuminate/Container/BoundMethod.php(95): Illuminate/Container/Util::unwrapIfClosure(Object(Closure))
#4 C:/Users/PC/Documents/Capstone/Capstone System/kalawag_brgy_system/vendor/laravel/framework/src/Illuminate/Container/BoundMethod.php(35): Illuminate/Container/BoundMethod::callBoundMethod(Object(Illuminate/Foundation/Application), Array, Object(Closure))
#5 C:/Users/PC/Documents/Capstone/Capstone System/kalawag_brgy_system/vendor/laravel/framework/src/Illuminate/Container/Container.php(696): Illuminate/Container/BoundMethod::call(Object(Illuminate/Foundation/Application), Array, Array, NULL)
#6 C:/Users/PC/Documents/Capstone/Capstone System/kalawag_brgy_system/vendor/laravel/framework/src/Illuminate/Bus/Dispatcher.php(126): Illuminate/Container/Container->call(Array)
#7 C:/Users/PC/Documents/Capstone/Capstone System/kalawag_brgy_system/vendor/laravel/framework/src/Illuminate/Pipeline/Pipeline.php(170): Illuminate/Bus/Dispatcher->Illuminate/Bus/{closure}(Object(Illuminate/Broadcasting/BroadcastEvent))
#8 C:/Users/PC/Documents/Capstone/Capstone System/kalawag_brgy_system/vendor/laravel/framework/src/Illuminate/Pipeline/Pipeline.php(127): Illuminate/Pipeline/Pipeline->Illuminate/Pipeline/{closure}(Object(Illuminate/Broadcasting/BroadcastEvent))
#9 C:/Users/PC/Documents/Capstone/Capstone System/kalawag_brgy_system/vendor/laravel/framework/src/Illuminate/Bus/Dispatcher.php(130): Illuminate/Pipeline/Pipeline->then(Object(Closure))
#10 C:/Users/PC/Documents/Capstone/Capstone System/kalawag_brgy_system/vendor/laravel/framework/src/Illuminate/Broadcasting/BroadcastManager.php(182): Illuminate/Bus/Dispatcher->dispatchNow(Object(Illuminate/Broadcasting/BroadcastEvent))
#11 C:/Users/PC/Documents/Capstone/Capstone System/kalawag_brgy_system/vendor/laravel/framework/src/Illuminate/Events/Dispatcher.php(358): Illuminate/Broadcasting/BroadcastManager->queue(Object(App/Events/RequestStatusUpdated))
#12 C:/Users/PC/Documents/Capstone/Capstone System/kalawag_brgy_system/vendor/laravel/framework/src/Illuminate/Events/Dispatcher.php(281): Illuminate/Events/Dispatcher->broadcastEvent(Object(App/Events/RequestStatusUpdated))
#13 C:/Users/PC/Documents/Capstone/Capstone System/kalawag_brgy_system/vendor/laravel/framework/src/Illuminate/Events/Dispatcher.php(267): Illuminate/Events/Dispatcher->invokeListeners('App//Events//Requ...', Array, false)
#14 C:/Users/PC/Documents/Capstone/Capstone System/kalawag_brgy_system/vendor/laravel/framework/src/Illuminate/Foundation/helpers.php(473): Illuminate/Events/Dispatcher->dispatch('App//Events//Requ...')
#15 C:/Users/PC/Documents/Capstone/Capstone System/kalawag_brgy_system/app/Models/Request.php(90): event(Object(App/Events/RequestStatusUpdated))
#16 C:/Users/PC/Documents/Capstone/Capstone System/kalawag_brgy_system/vendor/laravel/framework/src/Illuminate/Events/Dispatcher.php(459): App/Models/Request::App/Models/{closure}(Object(App/Models/Request))
#17 C:/Users/PC/Documents/Capstone/Capstone System/kalawag_brgy_system/vendor/laravel/framework/src/Illuminate/Events/Dispatcher.php(287): Illuminate/Events/Dispatcher->Illuminate/Events/{closure}('eloquent.update...', Array)
#18 C:/Users/PC/Documents/Capstone/Capstone System/kalawag_brgy_system/vendor/laravel/framework/src/Illuminate/Events/Dispatcher.php(267): Illuminate/Events/Dispatcher->invokeListeners('eloquent.update...', Array, false)
#19 C:/Users/PC/Documents/Capstone/Capstone System/kalawag_brgy_system/vendor/laravel/framework/src/Illuminate/Database/Eloquent/Concerns/HasEvents.php(224): Illuminate/Events/Dispatcher->dispatch('eloquent.update...', Array)
#20 C:/Users/PC/Documents/Capstone/Capstone System/kalawag_brgy_system/vendor/laravel/framework/src/Illuminate/Database/Eloquent/Model.php(1243): Illuminate/Database/Eloquent/Model->fireModelEvent('updated', false)
#21 C:/Users/PC/Documents/Capstone/Capstone System/kalawag_brgy_system/vendor/laravel/framework/src/Illuminate/Database/Eloquent/Model.php(1156): Illuminate/Database/Eloquent/Model->performUpdate(Object(Illuminate/Database/Eloquent/Builder))
#22 C:/Users/PC/Documents/Capstone/Capstone System/kalawag_brgy_system/vendor/laravel/framework/src/Illuminate/Database/Eloquent/Model.php(1014): Illuminate/Database/Eloquent/Model->save(Array)
#23 C:/Users/PC/Documents/Capstone/Capstone System/kalawag_brgy_system/app/Http/Controllers/Pdf/PurokClearanceDocumentController.php(324): Illuminate/Database/Eloquent/Model->update(Array)
#24 C:/Users/PC/Documents/Capstone/Capstone System/kalawag_brgy_system/vendor/laravel/framework/src/Illuminate/Routing/Controller.php(54): App/Http/Controllers/Pdf/PurokClearanceDocumentController->finalize(Object(App/Models/Request), Object(Illuminate/Http/Request))
#25 C:/Users/PC/Documents/Capstone/Capstone System/kalawag_brgy_system/vendor/laravel/framework/src/Illuminate/Routing/ControllerDispatcher.php(44): Illuminate/Routing/Controller->callAction('finalize', Array)
#26 C:/Users/PC/Documents/Capstone/Capstone System/kalawag_brgy_system/vendor/laravel/framework/src/Illuminate/Routing/Route.php(266): Illuminate/Routing/ControllerDispatcher->dispatch(Object(Illuminate/Routing/Route), Object(App/Http/Controllers/Pdf/PurokClearanceDocumentController), 'finalize')
#27 C:/Users/PC/Documents/Capstone/Capstone System/kalawag_brgy_system/vendor/laravel/framework/src/Illuminate/Routing/Route.php(212): Illuminate/Routing/Route->runController()
#28 C:/Users/PC/Documents/Capstone/Capstone System/kalawag_brgy_system/vendor/laravel/framework/src/Illuminate/Routing/Router.php(808): Illuminate/Routing/Route->run()
#29 C:/Users/PC/Documents/Capstone/Capstone System/kalawag_brgy_system/vendor/laravel/framework/src/Illuminate/Pipeline/Pipeline.php(170): Illuminate/Routing/Router->Illuminate/Routing/{closure}(Object(Illuminate/Http/Request))
#30 C:/Users/PC/Documents/Capstone/Capstone System/kalawag_brgy_system/app/Http/Middleware/PurokLeaderMiddleware.php(44): Illuminate/Pipeline/Pipeline->Illuminate/Pipeline/{closure}(Object(Illuminate/Http/Request))
#31 C:/Users/PC/Documents/Capstone/Capstone System/kalawag_brgy_system/vendor/laravel/framework/src/Illuminate/Pipeline/Pipeline.php(209): App/Http/Middleware/PurokLeaderMiddleware->handle(Object(Illuminate/Http/Request), Object(Closure))
#32 C:/Users/PC/Documents/Capstone/Capstone System/kalawag_brgy_system/app/Http/Middleware/CheckForPendingFeedback.php(29): Illuminate/Pipeline/Pipeline->Illuminate/Pipeline/{closure}(Object(Illuminate/Http/Request))
#33 C:/Users/PC/Documents/Capstone/Capstone System/kalawag_brgy_system/vendor/laravel/framework/src/Illuminate/Pipeline/Pipeline.php(209): App/Http/Middleware/CheckForPendingFeedback->handle(Object(Illuminate/Http/Request), Object(Closure))
#34 C:/Users/PC/Documents/Capstone/Capstone System/kalawag_brgy_system/app/Http/Middleware/CheckFeedbackEligibility.php(57): Illuminate/Pipeline/Pipeline->Illuminate/Pipeline/{closure}(Object(Illuminate/Http/Request))
#35 C:/Users/PC/Documents/Capstone/Capstone System/kalawag_brgy_system/vendor/laravel/framework/src/Illuminate/Pipeline/Pipeline.php(209): App/Http/Middleware/CheckFeedbackEligibility->handle(Object(Illuminate/Http/Request), Object(Closure))
#36 C:/Users/PC/Documents/Capstone/Capstone System/kalawag_brgy_system/vendor/laravel/framework/src/Illuminate/Routing/Middleware/SubstituteBindings.php(51): Illuminate/Pipeline/Pipeline->Illuminate/Pipeline/{closure}(Object(Illuminate/Http/Request))
#37 C:/Users/PC/Documents/Capstone/Capstone System/kalawag_brgy_system/vendor/laravel/framework/src/Illuminate/Pipeline/Pipeline.php(209): Illuminate/Routing/Middleware/SubstituteBindings->handle(Object(Illuminate/Http/Request), Object(Closure))
#38 C:/Users/PC/Documents/Capstone/Capstone System/kalawag_brgy_system/vendor/laravel/framework/src/Illuminate/Auth/Middleware/Authenticate.php(64): Illuminate/Pipeline/Pipeline->Illuminate/Pipeline/{closure}(Object(Illuminate/Http/Request))
#39 C:/Users/PC/Documents/Capstone/Capstone System/kalawag_brgy_system/vendor/laravel/framework/src/Illuminate/Pipeline/Pipeline.php(209): Illuminate/Auth/Middleware/Authenticate->handle(Object(Illuminate/Http/Request), Object(Closure))
#40 C:/Users/PC/Documents/Capstone/Capstone System/kalawag_brgy_system/vendor/laravel/framework/src/Illuminate/Foundation/Http/Middleware/VerifyCsrfToken.php(88): Illuminate/Pipeline/Pipeline->Illuminate/Pipeline/{closure}(Object(Illuminate/Http/Request))
#41 C:/Users/PC/Documents/Capstone/Capstone System/kalawag_brgy_system/vendor/laravel/framework/src/Illuminate/Pipeline/Pipeline.php(209): Illuminate/Foundation/Http/Middleware/VerifyCsrfToken->handle(Object(Illuminate/Http/Request), Object(Closure))
#42 C:/Users/PC/Documents/Capstone/Capstone System/kalawag_brgy_system/vendor/laravel/framework/src/Illuminate/View/Middleware/ShareErrorsFromSession.php(49): Illuminate/Pipeline/Pipeline->Illuminate/Pipeline/{closure}(Object(Illuminate/Http/Request))
#43 C:/Users/PC/Documents/Capstone/Capstone System/kalawag_brgy_system/vendor/laravel/framework/src/Illuminate/Pipeline/Pipeline.php(209): Illuminate/View/Middleware/ShareErrorsFromSession->handle(Object(Illuminate/Http/Request), Object(Closure))
#44 C:/Users/PC/Documents/Capstone/Capstone System/kalawag_brgy_system/vendor/laravel/framework/src/Illuminate/Session/Middleware/StartSession.php(121): Illuminate/Pipeline/Pipeline->Illuminate/Pipeline/{closure}(Object(Illuminate/Http/Request))
#45 C:/Users/PC/Documents/Capstone/Capstone System/kalawag_brgy_system/vendor/laravel/framework/src/Illuminate/Session/Middleware/StartSession.php(64): Illuminate/Session/Middleware/StartSession->handleStatefulRequest(Object(Illuminate/Http/Request), Object(Illuminate/Session/Store), Object(Closure))
#46 C:/Users/PC/Documents/Capstone/Capstone System/kalawag_brgy_system/vendor/laravel/framework/src/Illuminate/Pipeline/Pipeline.php(209): Illuminate/Session/Middleware/StartSession->handle(Object(Illuminate/Http/Request), Object(Closure))
#47 C:/Users/PC/Documents/Capstone/Capstone System/kalawag_brgy_system/vendor/laravel/framework/src/Illuminate/Cookie/Middleware/AddQueuedCookiesToResponse.php(37): Illuminate/Pipeline/Pipeline->Illuminate/Pipeline/{closure}(Object(Illuminate/Http/Request))
#48 C:/Users/PC/Documents/Capstone/Capstone System/kalawag_brgy_system/vendor/laravel/framework/src/Illuminate/Pipeline/Pipeline.php(209): Illuminate/Cookie/Middleware/AddQueuedCookiesToResponse->handle(Object(Illuminate/Http/Request), Object(Closure))
#49 C:/Users/PC/Documents/Capstone/Capstone System/kalawag_brgy_system/vendor/laravel/framework/src/Illuminate/Cookie/Middleware/EncryptCookies.php(75): Illuminate/Pipeline/Pipeline->Illuminate/Pipeline/{closure}(Object(Illuminate/Http/Request))
#50 C:/Users/PC/Documents/Capstone/Capstone System/kalawag_brgy_system/vendor/laravel/framework/src/Illuminate/Pipeline/Pipeline.php(209): Illuminate/Cookie/Middleware/EncryptCookies->handle(Object(Illuminate/Http/Request), Object(Closure))
#51 C:/Users/PC/Documents/Capstone/Capstone System/kalawag_brgy_system/vendor/laravel/framework/src/Illuminate/Pipeline/Pipeline.php(127): Illuminate/Pipeline/Pipeline->Illuminate/Pipeline/{closure}(Object(Illuminate/Http/Request))
#52 C:/Users/PC/Documents/Capstone/Capstone System/kalawag_brgy_system/vendor/laravel/framework/src/Illuminate/Routing/Router.php(807): Illuminate/Pipeline/Pipeline->then(Object(Closure))
#53 C:/Users/PC/Documents/Capstone/Capstone System/kalawag_brgy_system/vendor/laravel/framework/src/Illuminate/Routing/Router.php(786): Illuminate/Routing/Router->runRouteWithinStack(Object(Illuminate/Routing/Route), Object(Illuminate/Http/Request))
#54 C:/Users/PC/Documents/Capstone/Capstone System/kalawag_brgy_system/vendor/laravel/framework/src/Illuminate/Routing/Router.php(750): Illuminate/Routing/Router->runRoute(Object(Illuminate/Http/Request), Object(Illuminate/Routing/Route))
#55 C:/Users/PC/Documents/Capstone/Capstone System/kalawag_brgy_system/vendor/laravel/framework/src/Illuminate/Routing/Router.php(739): Illuminate/Routing/Router->dispatchToRoute(Object(Illuminate/Http/Request))
#56 C:/Users/PC/Documents/Capstone/Capstone System/kalawag_brgy_system/vendor/laravel/framework/src/Illuminate/Foundation/Http/Kernel.php(201): Illuminate/Routing/Router->dispatch(Object(Illuminate/Http/Request))
#57 C:/Users/PC/Documents/Capstone/Capstone System/kalawag_brgy_system/vendor/laravel/framework/src/Illuminate/Pipeline/Pipeline.php(170): Illuminate/Foundation/Http/Kernel->Illuminate/Foundation/Http/{closure}(Object(Illuminate/Http/Request))
#58 C:/Users/PC/Documents/Capstone/Capstone System/kalawag_brgy_system/vendor/laravel/framework/src/Illuminate/Foundation/Http/Middleware/TransformsRequest.php(21): Illuminate/Pipeline/Pipeline->Illuminate/Pipeline/{closure}(Object(Illuminate/Http/Request))
#59 C:/Users/PC/Documents/Capstone/Capstone System/kalawag_brgy_system/vendor/laravel/framework/src/Illuminate/Foundation/Http/Middleware/ConvertEmptyStringsToNull.php(31): Illuminate/Foundation/Http/Middleware/TransformsRequest->handle(Object(Illuminate/Http/Request), Object(Closure))
#60 C:/Users/PC/Documents/Capstone/Capstone System/kalawag_brgy_system/vendor/laravel/framework/src/Illuminate/Pipeline/Pipeline.php(209): Illuminate/Foundation/Http/Middleware/ConvertEmptyStringsToNull->handle(Object(Illuminate/Http/Request), Object(Closure))
#61 C:/Users/PC/Documents/Capstone/Capstone System/kalawag_brgy_system/vendor/laravel/framework/src/Illuminate/Foundation/Http/Middleware/TransformsRequest.php(21): Illuminate/Pipeline/Pipeline->Illuminate/Pipeline/{closure}(Object(Illuminate/Http/Request))
#62 C:/Users/PC/Documents/Capstone/Capstone System/kalawag_brgy_system/vendor/laravel/framework/src/Illuminate/Foundation/Http/Middleware/TrimStrings.php(51): Illuminate/Foundation/Http/Middleware/TransformsRequest->handle(Object(Illuminate/Http/Request), Object(Closure))
#63 C:/Users/PC/Documents/Capstone/Capstone System/kalawag_brgy_system/vendor/laravel/framework/src/Illuminate/Pipeline/Pipeline.php(209): Illuminate/Foundation/Http/Middleware/TrimStrings->handle(Object(Illuminate/Http/Request), Object(Closure))
#64 C:/Users/PC/Documents/Capstone/Capstone System/kalawag_brgy_system/vendor/laravel/framework/src/Illuminate/Http/Middleware/ValidatePostSize.php(27): Illuminate/Pipeline/Pipeline->Illuminate/Pipeline/{closure}(Object(Illuminate/Http/Request))
#65 C:/Users/PC/Documents/Capstone/Capstone System/kalawag_brgy_system/vendor/laravel/framework/src/Illuminate/Pipeline/Pipeline.php(209): Illuminate/Http/Middleware/ValidatePostSize->handle(Object(Illuminate/Http/Request), Object(Closure))
#66 C:/Users/PC/Documents/Capstone/Capstone System/kalawag_brgy_system/vendor/laravel/framework/src/Illuminate/Foundation/Http/Middleware/PreventRequestsDuringMaintenance.php(110): Illuminate/Pipeline/Pipeline->Illuminate/Pipeline/{closure}(Object(Illuminate/Http/Request))
#67 C:/Users/PC/Documents/Capstone/Capstone System/kalawag_brgy_system/vendor/laravel/framework/src/Illuminate/Pipeline/Pipeline.php(209): Illuminate/Foundation/Http/Middleware/PreventRequestsDuringMaintenance->handle(Object(Illuminate/Http/Request), Object(Closure))
#68 C:/Users/PC/Documents/Capstone/Capstone System/kalawag_brgy_system/vendor/laravel/framework/src/Illuminate/Http/Middleware/HandleCors.php(49): Illuminate/Pipeline/Pipeline->Illuminate/Pipeline/{closure}(Object(Illuminate/Http/Request))
#69 C:/Users/PC/Documents/Capstone/Capstone System/kalawag_brgy_system/vendor/laravel/framework/src/Illuminate/Pipeline/Pipeline.php(209): Illuminate/Http/Middleware/HandleCors->handle(Object(Illuminate/Http/Request), Object(Closure))
#70 C:/Users/PC/Documents/Capstone/Capstone System/kalawag_brgy_system/vendor/laravel/framework/src/Illuminate/Http/Middleware/TrustProxies.php(58): Illuminate/Pipeline/Pipeline->Illuminate/Pipeline/{closure}(Object(Illuminate/Http/Request))
#71 C:/Users/PC/Documents/Capstone/Capstone System/kalawag_brgy_system/vendor/laravel/framework/src/Illuminate/Pipeline/Pipeline.php(209): Illuminate/Http/Middleware/TrustProxies->handle(Object(Illuminate/Http/Request), Object(Closure))
#72 C:/Users/PC/Documents/Capstone/Capstone System/kalawag_brgy_system/vendor/laravel/framework/src/Illuminate/Foundation/Http/Middleware/InvokeDeferredCallbacks.php(22): Illuminate/Pipeline/Pipeline->Illuminate/Pipeline/{closure}(Object(Illuminate/Http/Request))
#73 C:/Users/PC/Documents/Capstone/Capstone System/kalawag_brgy_system/vendor/laravel/framework/src/Illuminate/Pipeline/Pipeline.php(209): Illuminate/Foundation/Http/Middleware/InvokeDeferredCallbacks->handle(Object(Illuminate/Http/Request), Object(Closure))
#74 C:/Users/PC/Documents/Capstone/Capstone System/kalawag_brgy_system/vendor/laravel/framework/src/Illuminate/Pipeline/Pipeline.php(127): Illuminate/Pipeline/Pipeline->Illuminate/Pipeline/{closure}(Object(Illuminate/Http/Request))
#75 C:/Users/PC/Documents/Capstone/Capstone System/kalawag_brgy_system/vendor/laravel/framework/src/Illuminate/Foundation/Http/Kernel.php(176): Illuminate/Pipeline/Pipeline->then(Object(Closure))
#76 C:/Users/PC/Documents/Capstone/Capstone System/kalawag_brgy_system/vendor/laravel/framework/src/Illuminate/Foundation/Http/Kernel.php(145): Illuminate/Foundation/Http/Kernel->sendRequestThroughRouter(Object(Illuminate/Http/Request))
#77 C:/Users/PC/Documents/Capstone/Capstone System/kalawag_brgy_system/vendor/laravel/framework/src/Illuminate/Foundation/Application.php(1220): Illuminate/Foundation/Http/Kernel->handle(Object(Illuminate/Http/Request))
#78 C:/Users/PC/Documents/Capstone/Capstone System/kalawag_brgy_system/public/index.php(20): Illuminate/Foundation/Application->handleRequest(Object(Illuminate/Http/Request))
#79 C:/Users/PC/Documents/Capstone/Capstone System/kalawag_brgy_system/vendor/laravel/framework/src/Illuminate/Foundation/resources/server.php(23): require_once('C://Users//PC//Doc...')
#80 {main}
"} 
[2026-02-10 21:19:51] local.INFO: PurokLeaderMiddleware - User check {"user_id":55,"user_role":"purok_leader","purok_id":2,"allowed_roles":["purok_leader","admin"]} 
[2026-02-10 21:20:01] local.INFO: PurokLeaderMiddleware - User check {"user_id":55,"user_role":"purok_leader","purok_id":2,"allowed_roles":["purok_leader","admin"]} 
[2026-02-10 21:20:02] local.DEBUG: CheckRole: Checking access {"user_id":17,"user_role":"barangay_captain","allowed_roles":["barangay_captain","admin"],"path":"captain/secretaries"} 
[2026-02-10 21:25:41] local.INFO: PurokLeaderMiddleware - User check {"user_id":55,"user_role":"purok_leader","purok_id":2,"allowed_roles":["purok_leader","admin"]} 
[2026-02-10 21:25:42] local.INFO: PurokLeaderMiddleware - User check {"user_id":55,"user_role":"purok_leader","purok_id":2,"allowed_roles":["purok_leader","admin"]} 
[2026-02-10 21:25:43] local.DEBUG: CheckRole: Checking access {"user_id":17,"user_role":"barangay_captain","allowed_roles":["barangay_captain","admin"],"path":"captain/secretaries"} 
[2026-02-10 21:25:45] local.INFO: PurokLeaderMiddleware - User check {"user_id":55,"user_role":"purok_leader","purok_id":2,"allowed_roles":["purok_leader","admin"]} 
[2026-02-10 21:25:48] local.INFO: PurokLeaderMiddleware - User check {"user_id":55,"user_role":"purok_leader","purok_id":2,"allowed_roles":["purok_leader","admin"]} 
[2026-02-10 21:25:53] local.INFO: PurokLeaderMiddleware - User check {"user_id":55,"user_role":"purok_leader","purok_id":2,"allowed_roles":["purok_leader","admin"]} 
[2026-02-10 21:25:53] local.WARNING: Broadcast failed (RequestStatusUpdated) {"error":"Pusher error: cURL error 6: Could not resolve host: api-ap1.pusher.com (see https://curl.haxx.se/libcurl/c/libcurl-errors.html) for https://api-ap1.pusher.com/apps/2020389/events?auth_key=39ed0339a3ef1d378fa6&auth_timestamp=1770729953&auth_version=1.0&body_md5=51bb9eda5d7f298048b3e073dd11f513&auth_signature=45e576ac37fcf90bd5a0bae94b90321f7b082794cfa6cf50fa90317151b588d7."} 
[2026-02-10 21:25:54] local.ERROR: Failed to send approval email: Connection could not be established with host "smtp.gmail.com:587": stream_socket_client(): php_network_getaddresses: getaddrinfo for smtp.gmail.com failed: No such host is known.   
[2026-02-10 21:26:00] local.INFO: PurokLeaderMiddleware - User check {"user_id":55,"user_role":"purok_leader","purok_id":2,"allowed_roles":["purok_leader","admin"]} 
[2026-02-10 21:26:04] local.INFO: PurokLeaderMiddleware - User check {"user_id":55,"user_role":"purok_leader","purok_id":2,"allowed_roles":["purok_leader","admin"]} 
[2026-02-10 21:26:04] local.ERROR: Failed to send approval email: Connection could not be established with host "smtp.gmail.com:587": stream_socket_client(): php_network_getaddresses: getaddrinfo for smtp.gmail.com failed: No such host is known.   
[2026-02-10 21:26:12] local.INFO: PurokLeaderMiddleware - User check {"user_id":55,"user_role":"purok_leader","purok_id":2,"allowed_roles":["purok_leader","admin"]} 
[2026-02-10 21:26:25] local.INFO: PurokLeaderMiddleware - User check {"user_id":55,"user_role":"purok_leader","purok_id":2,"allowed_roles":["purok_leader","admin"]} 
[2026-02-10 21:26:27] local.DEBUG: CheckRole: Checking access {"user_id":55,"user_role":"purok_leader","allowed_roles":["purok_leader","secretary","barangay_captain","barangay_kagawad","admin"],"path":"purok-leader/resident-records"} 
[2026-02-10 21:26:30] local.INFO: PurokLeaderMiddleware - User check {"user_id":55,"user_role":"purok_leader","purok_id":2,"allowed_roles":["purok_leader","admin"]} 
[2026-02-10 21:28:08] local.INFO: PurokLeaderMiddleware - User check {"user_id":55,"user_role":"purok_leader","purok_id":2,"allowed_roles":["purok_leader","admin"]} 
[2026-02-10 21:28:10] local.INFO: PurokLeaderMiddleware - User check {"user_id":55,"user_role":"purok_leader","purok_id":2,"allowed_roles":["purok_leader","admin"]} 
[2026-02-10 21:29:27] local.DEBUG: CheckRole: Checking access {"user_id":17,"user_role":"barangay_captain","allowed_roles":["barangay_captain","barangay_kagawad","secretary","purok_leader","admin"],"path":"reports/purok-clearance"} 
[2026-02-10 21:29:29] local.DEBUG: CheckRole: Checking access {"user_id":17,"user_role":"barangay_captain","allowed_roles":["secretary","barangay_captain","barangay_kagawad","admin"],"path":"official/requests/144/document"} 
[2026-02-10 21:35:11] local.ERROR: Error in CheckForPendingFeedback: SQLSTATE[42S22]: Column not found: 1054 Unknown column 'resolved_at' in 'order clause' (Connection: mysql, SQL: select * from `incident_reports` where `user_id` = 20 and `status` = resolved and `feedback_skipped` = 0 and `feedback_submitted_at` is null and `feedback_dismissed_at` is null order by `resolved_at` desc limit 1)  
[2026-02-10 21:40:51] local.INFO: PurokLeaderMiddleware - User check {"user_id":55,"user_role":"purok_leader","purok_id":2,"allowed_roles":["purok_leader","admin"]} 
[2026-02-10 21:40:52] local.DEBUG: CheckRole: Checking access {"user_id":17,"user_role":"barangay_captain","allowed_roles":["secretary","barangay_captain","barangay_kagawad","admin"],"path":"official/requests/144/document"} 
[2026-02-10 21:42:35] local.DEBUG: CheckRole: Checking access {"user_id":20,"user_role":"secretary","allowed_roles":["barangay_captain","barangay_kagawad","secretary","purok_leader","admin"],"path":"reports/purok-clearance"} 
[2026-02-10 21:42:39] local.DEBUG: CheckRole: Checking access {"user_id":20,"user_role":"secretary","allowed_roles":["barangay_captain","barangay_kagawad","secretary","admin"],"path":"reports/purok-leaders"} 
[2026-02-10 21:42:47] local.DEBUG: CheckRole: Checking access {"user_id":20,"user_role":"secretary","allowed_roles":["secretary","barangay_captain","admin"],"path":"secretary/purok-leaders/22/edit"} 
[2026-02-10 21:43:09] local.DEBUG: CheckRole: Checking access {"user_id":20,"user_role":"secretary","allowed_roles":["purok_leader","secretary","barangay_captain","barangay_kagawad","admin"],"path":"purok-leader/resident-records/create"} 
[2026-02-10 21:43:17] local.DEBUG: CheckRole: Checking access {"user_id":20,"user_role":"secretary","allowed_roles":["barangay_captain","barangay_kagawad","secretary","admin"],"path":"reports/purok-leaders"} 
[2026-02-10 21:43:23] local.DEBUG: CheckRole: Checking access {"user_id":20,"user_role":"secretary","allowed_roles":["secretary","barangay_captain","admin"],"path":"secretary/purok-leaders/22/edit"} 
[2026-02-10 21:43:35] local.DEBUG: CheckRole: Checking access {"user_id":20,"user_role":"secretary","allowed_roles":["secretary","barangay_captain","admin"],"path":"secretary/purok-leaders/22"} 
[2026-02-10 21:43:36] local.DEBUG: CheckRole: Checking access {"user_id":20,"user_role":"secretary","allowed_roles":["barangay_captain","barangay_kagawad","secretary","admin"],"path":"reports/purok-leaders"} 
[2026-02-10 21:43:50] local.DEBUG: CheckRole: Checking access {"user_id":20,"user_role":"secretary","allowed_roles":["secretary","barangay_captain","admin"],"path":"secretary/purok-leaders/create"} 
[2026-02-10 21:45:02] local.DEBUG: CheckRole: Checking access {"user_id":20,"user_role":"secretary","allowed_roles":["secretary","barangay_captain","admin"],"path":"secretary/purok-leaders"} 
[2026-02-10 21:45:03] local.DEBUG: CheckRole: Checking access {"user_id":20,"user_role":"secretary","allowed_roles":["barangay_captain","barangay_kagawad","secretary","admin"],"path":"reports/purok-leaders"} 
[2026-02-10 21:45:10] local.DEBUG: CheckRole: Checking access {"user_id":20,"user_role":"secretary","allowed_roles":["secretary","barangay_captain","admin"],"path":"secretary/purok-leaders/57/edit"} 
[2026-02-10 21:45:12] local.DEBUG: CheckRole: Checking access {"user_id":20,"user_role":"secretary","allowed_roles":["barangay_captain","barangay_kagawad","secretary","admin"],"path":"reports/purok-leaders"} 
[2026-02-10 21:45:53] local.INFO: PurokLeaderMiddleware - User check {"user_id":55,"user_role":"purok_leader","purok_id":2,"allowed_roles":["purok_leader","admin"]} 
[2026-02-10 21:46:36] local.INFO: PurokLeaderMiddleware - User check {"user_id":55,"user_role":"purok_leader","purok_id":2,"allowed_roles":["purok_leader","admin"]} 
[2026-02-10 21:46:47] local.DEBUG: CheckRole: Checking access {"user_id":20,"user_role":"secretary","allowed_roles":["barangay_captain","barangay_kagawad","secretary","purok_leader","admin"],"path":"reports/purok-clearance"} 
[2026-02-10 21:48:26] local.DEBUG: CheckRole: Checking access {"user_id":20,"user_role":"secretary","allowed_roles":["barangay_captain","barangay_kagawad","secretary","purok_leader","admin"],"path":"reports/preview/purok-clearance"} 
[2026-02-10 21:50:26] local.INFO: PurokLeaderMiddleware - User check {"user_id":55,"user_role":"purok_leader","purok_id":2,"allowed_roles":["purok_leader","admin"]} 
[2026-02-10 21:50:34] local.INFO: PurokLeaderMiddleware - User check {"user_id":55,"user_role":"purok_leader","purok_id":2,"allowed_roles":["purok_leader","admin"]} 
[2026-02-10 21:54:44] local.DEBUG: CheckRole: Checking access {"user_id":17,"user_role":"barangay_captain","allowed_roles":["barangay_captain","barangay_kagawad","secretary","purok_leader","admin"],"path":"reports/purok-clearance"} 
[2026-02-10 21:56:58] local.DEBUG: CheckRole: Checking access {"user_id":20,"user_role":"secretary","allowed_roles":["barangay_captain","barangay_kagawad","secretary","purok_leader","admin"],"path":"reports/purok-clearance"} 
[2026-02-10 21:57:00] local.INFO: PurokLeaderMiddleware - User check {"user_id":55,"user_role":"purok_leader","purok_id":2,"allowed_roles":["purok_leader","admin"]} 
[2026-02-10 21:57:03] local.DEBUG: CheckRole: Checking access {"user_id":17,"user_role":"barangay_captain","allowed_roles":["barangay_captain","barangay_kagawad","secretary","purok_leader","admin"],"path":"reports/purok-clearance"} 
[2026-02-10 21:57:06] local.DEBUG: CheckRole: Checking access {"user_id":17,"user_role":"barangay_captain","allowed_roles":["barangay_captain","barangay_kagawad","secretary","purok_leader","admin"],"path":"reports/purok-clearance"} 
[2026-02-10 21:58:07] local.DEBUG: CheckRole: Checking access {"user_id":20,"user_role":"secretary","allowed_roles":["barangay_captain","barangay_kagawad","secretary","purok_leader","admin"],"path":"reports/purok-clearance"} 
[2026-02-10 21:58:09] local.INFO: PurokLeaderMiddleware - User check {"user_id":55,"user_role":"purok_leader","purok_id":2,"allowed_roles":["purok_leader","admin"]} 
[2026-02-10 21:58:10] local.INFO: PurokLeaderMiddleware - User check {"user_id":55,"user_role":"purok_leader","purok_id":2,"allowed_roles":["purok_leader","admin"]} 
[2026-02-10 21:58:12] local.DEBUG: CheckRole: Checking access {"user_id":17,"user_role":"barangay_captain","allowed_roles":["barangay_captain","barangay_kagawad","secretary","purok_leader","admin"],"path":"reports/purok-clearance"} 
[2026-02-10 21:58:13] local.DEBUG: CheckRole: Checking access {"user_id":17,"user_role":"barangay_captain","allowed_roles":["barangay_captain","barangay_kagawad","secretary","purok_leader","admin"],"path":"reports/purok-clearance"} 
[2026-02-10 22:00:54] local.INFO: PurokLeaderMiddleware - User check {"user_id":55,"user_role":"purok_leader","purok_id":2,"allowed_roles":["purok_leader","admin"]} 
[2026-02-10 22:01:09] local.DEBUG: CheckRole: Checking access {"user_id":55,"user_role":"purok_leader","allowed_roles":["barangay_captain","barangay_kagawad","secretary","purok_leader","admin"],"path":"reports/preview/purok-clearance"} 
[2026-02-10 22:02:12] local.DEBUG: CheckRole: Checking access {"user_id":55,"user_role":"purok_leader","allowed_roles":["barangay_captain","barangay_kagawad","secretary","purok_leader","admin"],"path":"reports/preview/purok-clearance"} 
[2026-02-10 22:02:51] local.DEBUG: CheckRole: Checking access {"user_id":55,"user_role":"purok_leader","allowed_roles":["barangay_captain","barangay_kagawad","secretary","purok_leader","admin"],"path":"reports/preview/purok-clearance"} 
[2026-02-10 22:02:55] local.DEBUG: CheckRole: Checking access {"user_id":55,"user_role":"purok_leader","allowed_roles":["barangay_captain","barangay_kagawad","secretary","purok_leader","admin"],"path":"reports/preview/purok-clearance"} 
[2026-02-10 22:02:59] local.DEBUG: CheckRole: Checking access {"user_id":55,"user_role":"purok_leader","allowed_roles":["barangay_captain","barangay_kagawad","secretary","purok_leader","admin"],"path":"reports/preview/purok-clearance"} 
[2026-02-10 22:03:10] local.DEBUG: CheckRole: Checking access {"user_id":20,"user_role":"secretary","allowed_roles":["barangay_captain","barangay_kagawad","secretary","purok_leader","admin"],"path":"reports/preview/purok-clearance"} 
[2026-02-10 22:03:57] local.DEBUG: CheckRole: Checking access {"user_id":55,"user_role":"purok_leader","allowed_roles":["barangay_captain","barangay_kagawad","secretary","purok_leader","admin"],"path":"reports/preview/purok-clearance"} 
[2026-02-10 22:04:05] local.DEBUG: CheckRole: Checking access {"user_id":55,"user_role":"purok_leader","allowed_roles":["barangay_captain","barangay_kagawad","secretary","purok_leader","admin"],"path":"reports/preview/purok-clearance"} 
[2026-02-10 22:04:10] local.DEBUG: CheckRole: Checking access {"user_id":55,"user_role":"purok_leader","allowed_roles":["barangay_captain","barangay_kagawad","secretary","purok_leader","admin"],"path":"reports/preview/purok-clearance"} 
[2026-02-10 22:08:31] local.DEBUG: CheckRole: Checking access {"user_id":20,"user_role":"secretary","allowed_roles":["barangay_captain","barangay_kagawad","secretary","purok_leader","admin"],"path":"reports/purok-clearance"} 
[2026-02-10 22:08:33] local.DEBUG: CheckRole: Checking access {"user_id":55,"user_role":"purok_leader","allowed_roles":["barangay_captain","barangay_kagawad","secretary","purok_leader","admin"],"path":"reports/preview/purok-clearance"} 
[2026-02-10 22:08:33] local.DEBUG: CheckRole: Checking access {"user_id":55,"user_role":"purok_leader","allowed_roles":["barangay_captain","barangay_kagawad","secretary","purok_leader","admin"],"path":"reports/preview/purok-clearance"} 
[2026-02-10 22:08:34] local.INFO: PurokLeaderMiddleware - User check {"user_id":55,"user_role":"purok_leader","purok_id":2,"allowed_roles":["purok_leader","admin"]} 
[2026-02-10 22:08:36] local.DEBUG: CheckRole: Checking access {"user_id":20,"user_role":"secretary","allowed_roles":["barangay_captain","barangay_kagawad","secretary","purok_leader","admin"],"path":"reports/purok-clearance"} 
[2026-02-10 22:08:38] local.INFO: PurokLeaderMiddleware - User check {"user_id":55,"user_role":"purok_leader","purok_id":2,"allowed_roles":["purok_leader","admin"]} 
[2026-02-10 22:08:39] local.DEBUG: CheckRole: Checking access {"user_id":55,"user_role":"purok_leader","allowed_roles":["barangay_captain","barangay_kagawad","secretary","purok_leader","admin"],"path":"reports/preview/purok-clearance"} 
[2026-02-10 22:08:41] local.DEBUG: CheckRole: Checking access {"user_id":55,"user_role":"purok_leader","allowed_roles":["barangay_captain","barangay_kagawad","secretary","purok_leader","admin"],"path":"reports/preview/purok-clearance"} 
[2026-02-10 22:10:07] local.DEBUG: CheckRole: Checking access {"user_id":20,"user_role":"secretary","allowed_roles":["barangay_captain","barangay_kagawad","secretary","purok_leader","admin"],"path":"reports/purok-clearance"} 
[2026-02-10 22:10:11] local.DEBUG: CheckRole: Checking access {"user_id":55,"user_role":"purok_leader","allowed_roles":["barangay_captain","barangay_kagawad","secretary","purok_leader","admin"],"path":"reports/preview/purok-clearance"} 
[2026-02-10 22:10:12] local.INFO: PurokLeaderMiddleware - User check {"user_id":55,"user_role":"purok_leader","purok_id":2,"allowed_roles":["purok_leader","admin"]} 
[2026-02-10 22:10:15] local.DEBUG: CheckRole: Checking access {"user_id":55,"user_role":"purok_leader","allowed_roles":["barangay_captain","barangay_kagawad","secretary","purok_leader","admin"],"path":"reports/preview/purok-clearance"} 
[2026-02-10 22:10:15] local.INFO: PurokLeaderMiddleware - User check {"user_id":55,"user_role":"purok_leader","purok_id":2,"allowed_roles":["purok_leader","admin"]} 
[2026-02-10 22:10:17] local.DEBUG: CheckRole: Checking access {"user_id":55,"user_role":"purok_leader","allowed_roles":["barangay_captain","barangay_kagawad","secretary","purok_leader","admin"],"path":"reports/preview/purok-clearance"} 
[2026-02-10 22:10:19] local.DEBUG: CheckRole: Checking access {"user_id":20,"user_role":"secretary","allowed_roles":["barangay_captain","barangay_kagawad","secretary","purok_leader","admin"],"path":"reports/purok-clearance"} 
[2026-02-10 22:11:19] local.INFO: PurokLeaderMiddleware - User check {"user_id":55,"user_role":"purok_leader","purok_id":2,"allowed_roles":["purok_leader","admin"]} 
[2026-02-10 22:11:26] local.INFO: PurokLeaderMiddleware - User check {"user_id":55,"user_role":"purok_leader","purok_id":2,"allowed_roles":["purok_leader","admin"]} 
[2026-02-10 22:11:35] local.INFO: PurokLeaderMiddleware - User check {"user_id":55,"user_role":"purok_leader","purok_id":2,"allowed_roles":["purok_leader","admin"]} 
[2026-02-10 22:11:52] local.INFO: PurokLeaderMiddleware - User check {"user_id":55,"user_role":"purok_leader","purok_id":2,"allowed_roles":["purok_leader","admin"]} 
[2026-02-10 22:12:30] local.INFO: PurokLeaderMiddleware - User check {"user_id":55,"user_role":"purok_leader","purok_id":2,"allowed_roles":["purok_leader","admin"]} 
[2026-02-10 22:12:41] local.DEBUG: CheckRole: Checking access {"user_id":55,"user_role":"purok_leader","allowed_roles":["barangay_captain","barangay_kagawad","secretary","purok_leader","admin"],"path":"reports/preview/purok-clearance"} 
[2026-02-10 22:12:48] local.DEBUG: CheckRole: Checking access {"user_id":55,"user_role":"purok_leader","allowed_roles":["barangay_captain","barangay_kagawad","secretary","purok_leader","admin"],"path":"reports/download/purok-clearance"} 
[2026-02-10 22:13:33] local.INFO: PurokLeaderMiddleware - User check {"user_id":55,"user_role":"purok_leader","purok_id":2,"allowed_roles":["purok_leader","admin"]} 
[2026-02-10 22:14:37] local.DEBUG: CheckRole: Checking access {"user_id":20,"user_role":"secretary","allowed_roles":["barangay_captain","barangay_kagawad","secretary","purok_leader","admin"],"path":"reports/download/purok-clearance"} 
[2026-02-10 22:16:40] local.DEBUG: CheckRole: Checking access {"user_id":20,"user_role":"secretary","allowed_roles":["barangay_captain","barangay_kagawad","secretary","purok_leader","admin"],"path":"reports/purok-clearance"} 
[2026-02-10 22:16:42] local.DEBUG: CheckRole: Checking access {"user_id":17,"user_role":"barangay_captain","allowed_roles":["barangay_captain","barangay_kagawad","secretary","purok_leader","admin"],"path":"reports/purok-clearance"} 
[2026-02-10 22:16:43] local.INFO: PurokLeaderMiddleware - User check {"user_id":55,"user_role":"purok_leader","purok_id":2,"allowed_roles":["purok_leader","admin"]} 
[2026-02-10 22:16:46] local.INFO: PurokLeaderMiddleware - User check {"user_id":55,"user_role":"purok_leader","purok_id":2,"allowed_roles":["purok_leader","admin"]} 
[2026-02-10 22:17:21] local.DEBUG: CheckRole: Checking access {"user_id":20,"user_role":"secretary","allowed_roles":["barangay_captain","barangay_kagawad","secretary","purok_leader","admin"],"path":"reports/purok-clearance"} 
[2026-02-10 22:17:24] local.INFO: PurokLeaderMiddleware - User check {"user_id":55,"user_role":"purok_leader","purok_id":2,"allowed_roles":["purok_leader","admin"]} 
[2026-02-10 22:17:25] local.DEBUG: CheckRole: Checking access {"user_id":17,"user_role":"barangay_captain","allowed_roles":["barangay_captain","barangay_kagawad","secretary","purok_leader","admin"],"path":"reports/purok-clearance"} 
[2026-02-10 22:18:56] local.INFO: PurokLeaderMiddleware - User check {"user_id":55,"user_role":"purok_leader","purok_id":2,"allowed_roles":["purok_leader","admin"]} 
[2026-02-10 22:19:00] local.DEBUG: CheckRole: Checking access {"user_id":20,"user_role":"secretary","allowed_roles":["barangay_captain","barangay_kagawad","secretary","purok_leader","admin"],"path":"reports/purok-clearance"} 
[2026-02-10 22:19:01] local.DEBUG: CheckRole: Checking access {"user_id":17,"user_role":"barangay_captain","allowed_roles":["barangay_captain","barangay_kagawad","secretary","purok_leader","admin"],"path":"reports/purok-clearance"} 
[2026-02-10 22:19:02] local.DEBUG: CheckRole: Checking access {"user_id":17,"user_role":"barangay_captain","allowed_roles":["barangay_captain","barangay_kagawad","secretary","purok_leader","admin"],"path":"reports/purok-clearance"} 
[2026-02-10 22:19:29] local.DEBUG: CheckRole: Checking access {"user_id":20,"user_role":"secretary","allowed_roles":["barangay_captain","barangay_kagawad","secretary","purok_leader","admin"],"path":"reports/download/purok-clearance"} 
[2026-02-10 22:19:44] local.DEBUG: CheckRole: Checking access {"user_id":20,"user_role":"secretary","allowed_roles":["barangay_captain","barangay_kagawad","secretary","purok_leader","admin"],"path":"reports/purok-clearance"} 
[2026-02-10 22:19:47] local.DEBUG: CheckRole: Checking access {"user_id":20,"user_role":"secretary","allowed_roles":["barangay_captain","barangay_kagawad","secretary","purok_leader","admin"],"path":"reports/download/purok-clearance"} 
[2026-02-10 22:19:57] local.INFO: PurokLeaderMiddleware - User check {"user_id":55,"user_role":"purok_leader","purok_id":2,"allowed_roles":["purok_leader","admin"]} 
[2026-02-10 22:20:03] local.DEBUG: CheckRole: Checking access {"user_id":55,"user_role":"purok_leader","allowed_roles":["barangay_captain","barangay_kagawad","secretary","purok_leader","admin"],"path":"reports/pdf/purok-clearance"} 
[2026-02-10 22:20:12] local.DEBUG: CheckRole: Checking access {"user_id":55,"user_role":"purok_leader","allowed_roles":["barangay_captain","barangay_kagawad","secretary","purok_leader","admin"],"path":"reports/pdf/purok-clearance"} 
[2026-02-10 22:21:25] local.INFO: PurokLeaderMiddleware - User check {"user_id":55,"user_role":"purok_leader","purok_id":2,"allowed_roles":["purok_leader","admin"]} 
[2026-02-10 22:21:29] local.INFO: PurokLeaderMiddleware - User check {"user_id":55,"user_role":"purok_leader","purok_id":2,"allowed_roles":["purok_leader","admin"]} 
[2026-02-10 22:21:38] local.INFO: PurokLeaderMiddleware - User check {"user_id":55,"user_role":"purok_leader","purok_id":2,"allowed_roles":["purok_leader","admin"]} 
[2026-02-10 22:22:28] local.DEBUG: CheckRole: Checking access {"user_id":20,"user_role":"secretary","allowed_roles":["barangay_captain","barangay_kagawad","secretary","purok_leader","admin"],"path":"reports/purok-clearance"} 
[2026-02-10 22:22:29] local.DEBUG: CheckRole: Checking access {"user_id":17,"user_role":"barangay_captain","allowed_roles":["barangay_captain","barangay_kagawad","secretary","purok_leader","admin"],"path":"reports/purok-clearance"} 
[2026-02-10 22:22:30] local.INFO: PurokLeaderMiddleware - User check {"user_id":55,"user_role":"purok_leader","purok_id":2,"allowed_roles":["purok_leader","admin"]} 
[2026-02-10 22:24:13] local.DEBUG: CheckRole: Checking access {"user_id":17,"user_role":"barangay_captain","allowed_roles":["barangay_captain","barangay_kagawad","secretary","purok_leader","admin"],"path":"reports/purok-clearance"} 
[2026-02-10 22:24:14] local.INFO: PurokLeaderMiddleware - User check {"user_id":55,"user_role":"purok_leader","purok_id":2,"allowed_roles":["purok_leader","admin"]} 
[2026-02-10 22:24:15] local.DEBUG: CheckRole: Checking access {"user_id":20,"user_role":"secretary","allowed_roles":["barangay_captain","barangay_kagawad","secretary","purok_leader","admin"],"path":"reports/purok-clearance"} 
[2026-02-10 22:25:09] local.INFO: PurokLeaderMiddleware - User check {"user_id":55,"user_role":"purok_leader","purok_id":2,"allowed_roles":["purok_leader","admin"]} 
[2026-02-10 22:25:10] local.DEBUG: CheckRole: Checking access {"user_id":20,"user_role":"secretary","allowed_roles":["barangay_captain","barangay_kagawad","secretary","purok_leader","admin"],"path":"reports/purok-clearance"} 
[2026-02-10 22:25:12] local.DEBUG: CheckRole: Checking access {"user_id":17,"user_role":"barangay_captain","allowed_roles":["barangay_captain","barangay_kagawad","secretary","purok_leader","admin"],"path":"reports/purok-clearance"} 
[2026-02-10 22:25:13] local.DEBUG: CheckRole: Checking access {"user_id":17,"user_role":"barangay_captain","allowed_roles":["barangay_captain","barangay_kagawad","secretary","purok_leader","admin"],"path":"reports/purok-clearance"} 
[2026-02-10 22:25:37] local.DEBUG: CheckRole: Checking access {"user_id":20,"user_role":"secretary","allowed_roles":["barangay_captain","barangay_kagawad","secretary","purok_leader","admin"],"path":"reports/purok-clearance"} 
[2026-02-10 22:25:38] local.INFO: PurokLeaderMiddleware - User check {"user_id":55,"user_role":"purok_leader","purok_id":2,"allowed_roles":["purok_leader","admin"]} 
[2026-02-10 22:25:40] local.DEBUG: CheckRole: Checking access {"user_id":17,"user_role":"barangay_captain","allowed_roles":["barangay_captain","barangay_kagawad","secretary","purok_leader","admin"],"path":"reports/purok-clearance"} 
[2026-02-10 22:27:47] local.INFO: PurokLeaderMiddleware - User check {"user_id":55,"user_role":"purok_leader","purok_id":2,"allowed_roles":["purok_leader","admin"]} 
[2026-02-10 22:27:48] local.DEBUG: CheckRole: Checking access {"user_id":20,"user_role":"secretary","allowed_roles":["barangay_captain","barangay_kagawad","secretary","purok_leader","admin"],"path":"reports/purok-clearance"} 
[2026-02-10 22:27:49] local.DEBUG: CheckRole: Checking access {"user_id":17,"user_role":"barangay_captain","allowed_roles":["barangay_captain","barangay_kagawad","secretary","purok_leader","admin"],"path":"reports/purok-clearance"} 
[2026-02-10 22:30:07] local.DEBUG: CheckRole: Checking access {"user_id":17,"user_role":"barangay_captain","allowed_roles":["barangay_captain","barangay_kagawad","secretary","purok_leader","admin"],"path":"reports/purok-clearance"} 
[2026-02-10 22:30:09] local.DEBUG: CheckRole: Checking access {"user_id":17,"user_role":"barangay_captain","allowed_roles":["barangay_captain","barangay_kagawad","secretary","purok_leader","admin"],"path":"reports/pdf/purok-clearance"} 
