[2026-02-13 11:40:19] local.ERROR: Error in CheckForPendingFeedback: SQLSTATE[42S22]: Column not found: 1054 Unknown column 'resolved_at' in 'order clause' (Connection: mysql, SQL: select * from `incident_reports` where `user_id` = 1 and `status` = resolved and `feedback_skipped` = 0 and `feedback_submitted_at` is null and `feedback_dismissed_at` is null order by `resolved_at` desc limit 1)  
[2026-02-13 11:40:32] local.DEBUG: CheckRole: Checking access {"user_id":1,"user_role":"barangay_captain","allowed_roles":["barangay_captain","admin"],"path":"captain/secretaries"} 
[2026-02-13 11:40:39] local.DEBUG: CheckRole: Checking access {"user_id":1,"user_role":"barangay_captain","allowed_roles":["barangay_captain","admin"],"path":"captain/secretaries/create"} 
[2026-02-13 11:41:07] local.DEBUG: CheckRole: Checking access {"user_id":1,"user_role":"barangay_captain","allowed_roles":["barangay_captain","admin"],"path":"captain/secretaries"} 
[2026-02-13 11:41:10] local.DEBUG: CheckRole: Checking access {"user_id":1,"user_role":"barangay_captain","allowed_roles":["barangay_captain","admin"],"path":"captain/secretaries"} 
[2026-02-13 11:42:31] local.DEBUG: CheckRole: Checking access {"user_id":1,"user_role":"barangay_captain","allowed_roles":["barangay_captain","admin"],"path":"captain/secretaries/3/edit"} 
[2026-02-13 11:50:53] local.DEBUG: CheckRole: Checking access {"user_id":1,"user_role":"barangay_captain","allowed_roles":["barangay_captain","admin"],"path":"captain/secretaries"} 
[2026-02-13 11:59:47] local.DEBUG: CheckRole: Checking access {"user_id":1,"user_role":"barangay_captain","allowed_roles":["barangay_captain","admin"],"path":"captain/secretaries"} 
[2026-02-13 11:59:55] local.DEBUG: CheckRole: Checking access {"user_id":1,"user_role":"barangay_captain","allowed_roles":["barangay_captain","admin"],"path":"captain/secretaries"} 
[2026-02-13 11:59:58] local.DEBUG: CheckRole: Checking access {"user_id":1,"user_role":"barangay_captain","allowed_roles":["barangay_captain","admin"],"path":"captain/secretaries"} 
[2026-02-13 12:00:01] local.DEBUG: CheckRole: Checking access {"user_id":1,"user_role":"barangay_captain","allowed_roles":["barangay_captain","admin"],"path":"captain/secretaries"} 
[2026-02-13 12:00:04] local.DEBUG: CheckRole: Checking access {"user_id":1,"user_role":"barangay_captain","allowed_roles":["barangay_captain","admin"],"path":"captain/secretaries"} 
[2026-02-13 12:00:07] local.DEBUG: CheckRole: Checking access {"user_id":1,"user_role":"barangay_captain","allowed_roles":["barangay_captain","admin"],"path":"captain/secretaries"} 
[2026-02-13 12:00:10] local.DEBUG: CheckRole: Checking access {"user_id":1,"user_role":"barangay_captain","allowed_roles":["barangay_captain","admin"],"path":"captain/secretaries"} 
[2026-02-13 12:00:11] local.DEBUG: CheckRole: Checking access {"user_id":1,"user_role":"barangay_captain","allowed_roles":["barangay_captain","admin"],"path":"captain/secretaries"} 
[2026-02-13 12:00:12] local.DEBUG: CheckRole: Checking access {"user_id":1,"user_role":"barangay_captain","allowed_roles":["barangay_captain","admin"],"path":"captain/secretaries"} 
[2026-02-13 12:00:13] local.DEBUG: CheckRole: Checking access {"user_id":1,"user_role":"barangay_captain","allowed_roles":["barangay_captain","admin"],"path":"captain/secretaries"} 
[2026-02-13 12:00:14] local.DEBUG: CheckRole: Checking access {"user_id":1,"user_role":"barangay_captain","allowed_roles":["barangay_captain","admin"],"path":"captain/secretaries"} 
[2026-02-13 12:00:15] local.DEBUG: CheckRole: Checking access {"user_id":1,"user_role":"barangay_captain","allowed_roles":["barangay_captain","admin"],"path":"captain/secretaries/2/edit"} 
[2026-02-13 12:00:16] local.DEBUG: CheckRole: Checking access {"user_id":1,"user_role":"barangay_captain","allowed_roles":["barangay_captain","admin"],"path":"captain/secretaries"} 
[2026-02-13 12:00:17] local.DEBUG: CheckRole: Checking access {"user_id":1,"user_role":"barangay_captain","allowed_roles":["barangay_captain","admin"],"path":"captain/secretaries"} 
[2026-02-13 12:00:18] local.DEBUG: CheckRole: Checking access {"user_id":1,"user_role":"barangay_captain","allowed_roles":["barangay_captain","admin"],"path":"captain/secretaries"} 
[2026-02-13 12:00:18] local.DEBUG: CheckRole: Checking access {"user_id":1,"user_role":"barangay_captain","allowed_roles":["barangay_captain","admin"],"path":"captain/secretaries"} 
[2026-02-13 12:00:19] local.DEBUG: CheckRole: Checking access {"user_id":1,"user_role":"barangay_captain","allowed_roles":["barangay_captain","admin"],"path":"captain/secretaries"} 
[2026-02-13 12:00:19] local.DEBUG: CheckRole: Checking access {"user_id":1,"user_role":"barangay_captain","allowed_roles":["barangay_captain","admin"],"path":"captain/secretaries"} 
[2026-02-13 12:00:20] local.DEBUG: CheckRole: Checking access {"user_id":1,"user_role":"barangay_captain","allowed_roles":["barangay_captain","admin"],"path":"captain/secretaries"} 
[2026-02-13 12:00:21] local.DEBUG: CheckRole: Checking access {"user_id":1,"user_role":"barangay_captain","allowed_roles":["barangay_captain","admin"],"path":"captain/secretaries"} 
[2026-02-13 12:00:21] local.DEBUG: CheckRole: Checking access {"user_id":1,"user_role":"barangay_captain","allowed_roles":["barangay_captain","admin"],"path":"captain/secretaries"} 
[2026-02-13 12:00:22] local.DEBUG: CheckRole: Checking access {"user_id":1,"user_role":"barangay_captain","allowed_roles":["barangay_captain","admin"],"path":"captain/secretaries"} 
[2026-02-13 12:00:22] local.DEBUG: CheckRole: Checking access {"user_id":1,"user_role":"barangay_captain","allowed_roles":["barangay_captain","admin"],"path":"captain/secretaries"} 
[2026-02-13 12:00:24] local.DEBUG: CheckRole: Checking access {"user_id":1,"user_role":"barangay_captain","allowed_roles":["barangay_captain","admin"],"path":"captain/secretaries"} 
[2026-02-13 12:00:24] local.DEBUG: CheckRole: Checking access {"user_id":1,"user_role":"barangay_captain","allowed_roles":["barangay_captain","admin"],"path":"captain/secretaries"} 
[2026-02-13 12:00:25] local.DEBUG: CheckRole: Checking access {"user_id":1,"user_role":"barangay_captain","allowed_roles":["barangay_captain","admin"],"path":"captain/secretaries"} 
[2026-02-13 12:00:26] local.DEBUG: CheckRole: Checking access {"user_id":1,"user_role":"barangay_captain","allowed_roles":["barangay_captain","admin"],"path":"captain/secretaries"} 
[2026-02-13 12:00:28] local.DEBUG: CheckRole: Checking access {"user_id":1,"user_role":"barangay_captain","allowed_roles":["barangay_captain","admin"],"path":"captain/secretaries"} 
[2026-02-13 12:00:29] local.DEBUG: CheckRole: Checking access {"user_id":1,"user_role":"barangay_captain","allowed_roles":["barangay_captain","admin"],"path":"captain/secretaries"} 
[2026-02-13 12:00:30] local.DEBUG: CheckRole: Checking access {"user_id":1,"user_role":"barangay_captain","allowed_roles":["barangay_captain","admin"],"path":"captain/secretaries"} 
[2026-02-13 12:00:31] local.DEBUG: CheckRole: Checking access {"user_id":1,"user_role":"barangay_captain","allowed_roles":["barangay_captain","admin"],"path":"captain/secretaries"} 
[2026-02-13 12:00:31] local.DEBUG: CheckRole: Checking access {"user_id":1,"user_role":"barangay_captain","allowed_roles":["barangay_captain","admin"],"path":"captain/secretaries"} 
[2026-02-13 12:00:32] local.DEBUG: CheckRole: Checking access {"user_id":1,"user_role":"barangay_captain","allowed_roles":["barangay_captain","admin"],"path":"captain/secretaries"} 
[2026-02-13 12:00:33] local.DEBUG: CheckRole: Checking access {"user_id":1,"user_role":"barangay_captain","allowed_roles":["barangay_captain","admin"],"path":"captain/secretaries"} 
[2026-02-13 12:00:38] local.DEBUG: CheckRole: Checking access {"user_id":1,"user_role":"barangay_captain","allowed_roles":["barangay_captain","admin"],"path":"captain/secretaries"} 
[2026-02-13 12:00:39] local.DEBUG: CheckRole: Checking access {"user_id":1,"user_role":"barangay_captain","allowed_roles":["barangay_captain","admin"],"path":"captain/secretaries"} 
[2026-02-13 12:00:41] local.DEBUG: CheckRole: Checking access {"user_id":1,"user_role":"barangay_captain","allowed_roles":["barangay_captain","admin"],"path":"captain/secretaries"} 
[2026-02-13 12:00:42] local.DEBUG: CheckRole: Checking access {"user_id":1,"user_role":"barangay_captain","allowed_roles":["barangay_captain","admin"],"path":"captain/secretaries"} 
[2026-02-13 12:00:43] local.DEBUG: CheckRole: Checking access {"user_id":1,"user_role":"barangay_captain","allowed_roles":["barangay_captain","admin"],"path":"captain/secretaries"} 
[2026-02-13 12:00:43] local.DEBUG: CheckRole: Checking access {"user_id":1,"user_role":"barangay_captain","allowed_roles":["barangay_captain","admin"],"path":"captain/secretaries"} 
[2026-02-13 12:00:44] local.DEBUG: CheckRole: Checking access {"user_id":1,"user_role":"barangay_captain","allowed_roles":["barangay_captain","admin"],"path":"captain/secretaries"} 
[2026-02-13 12:00:44] local.DEBUG: CheckRole: Checking access {"user_id":1,"user_role":"barangay_captain","allowed_roles":["barangay_captain","admin"],"path":"captain/secretaries"} 
[2026-02-13 12:00:45] local.DEBUG: CheckRole: Checking access {"user_id":1,"user_role":"barangay_captain","allowed_roles":["barangay_captain","admin"],"path":"captain/secretaries"} 
[2026-02-13 12:00:46] local.DEBUG: CheckRole: Checking access {"user_id":1,"user_role":"barangay_captain","allowed_roles":["barangay_captain","admin"],"path":"captain/secretaries"} 
[2026-02-13 12:00:47] local.DEBUG: CheckRole: Checking access {"user_id":1,"user_role":"barangay_captain","allowed_roles":["barangay_captain","admin"],"path":"captain/secretaries"} 
[2026-02-13 12:00:47] local.DEBUG: CheckRole: Checking access {"user_id":1,"user_role":"barangay_captain","allowed_roles":["barangay_captain","admin"],"path":"captain/secretaries"} 
[2026-02-13 12:00:48] local.DEBUG: CheckRole: Checking access {"user_id":1,"user_role":"barangay_captain","allowed_roles":["barangay_captain","admin"],"path":"captain/secretaries"} 
[2026-02-13 12:00:49] local.DEBUG: CheckRole: Checking access {"user_id":1,"user_role":"barangay_captain","allowed_roles":["barangay_captain","admin"],"path":"captain/secretaries"} 
[2026-02-13 12:00:49] local.DEBUG: CheckRole: Checking access {"user_id":1,"user_role":"barangay_captain","allowed_roles":["barangay_captain","admin"],"path":"captain/secretaries"} 
[2026-02-13 12:00:50] local.DEBUG: CheckRole: Checking access {"user_id":1,"user_role":"barangay_captain","allowed_roles":["barangay_captain","admin"],"path":"captain/secretaries"} 
[2026-02-13 12:00:50] local.DEBUG: CheckRole: Checking access {"user_id":1,"user_role":"barangay_captain","allowed_roles":["barangay_captain","admin"],"path":"captain/secretaries"} 
[2026-02-13 12:00:51] local.DEBUG: CheckRole: Checking access {"user_id":1,"user_role":"barangay_captain","allowed_roles":["barangay_captain","admin"],"path":"captain/secretaries"} 
[2026-02-13 12:00:51] local.DEBUG: CheckRole: Checking access {"user_id":1,"user_role":"barangay_captain","allowed_roles":["barangay_captain","admin"],"path":"captain/secretaries"} 
[2026-02-13 12:00:52] local.DEBUG: CheckRole: Checking access {"user_id":1,"user_role":"barangay_captain","allowed_roles":["barangay_captain","admin"],"path":"captain/secretaries"} 
[2026-02-13 12:00:52] local.DEBUG: CheckRole: Checking access {"user_id":1,"user_role":"barangay_captain","allowed_roles":["barangay_captain","admin"],"path":"captain/secretaries"} 
[2026-02-13 12:00:52] local.DEBUG: CheckRole: Checking access {"user_id":1,"user_role":"barangay_captain","allowed_roles":["barangay_captain","admin"],"path":"captain/secretaries"} 
[2026-02-13 12:00:53] local.DEBUG: CheckRole: Checking access {"user_id":1,"user_role":"barangay_captain","allowed_roles":["barangay_captain","admin"],"path":"captain/secretaries"} 
[2026-02-13 12:00:53] local.DEBUG: CheckRole: Checking access {"user_id":1,"user_role":"barangay_captain","allowed_roles":["barangay_captain","admin"],"path":"captain/secretaries"} 
[2026-02-13 12:00:54] local.DEBUG: CheckRole: Checking access {"user_id":1,"user_role":"barangay_captain","allowed_roles":["barangay_captain","admin"],"path":"captain/secretaries"} 
[2026-02-13 12:00:54] local.DEBUG: CheckRole: Checking access {"user_id":1,"user_role":"barangay_captain","allowed_roles":["barangay_captain","admin"],"path":"captain/secretaries"} 
[2026-02-13 12:00:55] local.DEBUG: CheckRole: Checking access {"user_id":1,"user_role":"barangay_captain","allowed_roles":["barangay_captain","admin"],"path":"captain/secretaries"} 
[2026-02-13 12:00:56] local.DEBUG: CheckRole: Checking access {"user_id":1,"user_role":"barangay_captain","allowed_roles":["barangay_captain","admin"],"path":"captain/secretaries"} 
[2026-02-13 12:00:56] local.DEBUG: CheckRole: Checking access {"user_id":1,"user_role":"barangay_captain","allowed_roles":["barangay_captain","admin"],"path":"captain/secretaries"} 
[2026-02-13 12:00:57] local.DEBUG: CheckRole: Checking access {"user_id":1,"user_role":"barangay_captain","allowed_roles":["barangay_captain","admin"],"path":"captain/secretaries"} 
[2026-02-13 12:00:57] local.DEBUG: CheckRole: Checking access {"user_id":1,"user_role":"barangay_captain","allowed_roles":["barangay_captain","admin"],"path":"captain/secretaries"} 
[2026-02-13 12:00:58] local.DEBUG: CheckRole: Checking access {"user_id":1,"user_role":"barangay_captain","allowed_roles":["barangay_captain","admin"],"path":"captain/secretaries"} 
[2026-02-13 12:09:06] local.DEBUG: CheckRole: Checking access {"user_id":1,"user_role":"barangay_captain","allowed_roles":["barangay_captain","admin"],"path":"captain/secretaries"} 
[2026-02-13 12:09:11] local.DEBUG: CheckRole: Checking access {"user_id":1,"user_role":"barangay_captain","allowed_roles":["purok_leader","secretary","barangay_captain","barangay_kagawad","admin"],"path":"purok-leader/resident-records/create"} 
[2026-02-13 12:09:12] local.DEBUG: CheckRole: Checking access {"user_id":1,"user_role":"barangay_captain","allowed_roles":["purok_leader","secretary","barangay_captain","barangay_kagawad","admin"],"path":"purok-leader/resident-records/1/edit"} 
[2026-02-13 12:09:17] local.DEBUG: CheckRole: Checking access {"user_id":1,"user_role":"barangay_captain","allowed_roles":["barangay_captain","admin"],"path":"captain/secretaries/2/edit"} 
[2026-02-13 12:09:22] local.DEBUG: CheckRole: Checking access {"user_id":1,"user_role":"barangay_captain","allowed_roles":["barangay_captain","admin"],"path":"captain/secretaries"} 
[2026-02-13 12:09:25] local.DEBUG: CheckRole: Checking access {"user_id":1,"user_role":"barangay_captain","allowed_roles":["purok_leader","secretary","barangay_captain","barangay_kagawad","admin"],"path":"purok-leader/resident-records/create"} 
[2026-02-13 12:09:26] local.DEBUG: CheckRole: Checking access {"user_id":1,"user_role":"barangay_captain","allowed_roles":["purok_leader","secretary","barangay_captain","barangay_kagawad","admin"],"path":"purok-leader/resident-records/1/edit"} 
[2026-02-13 12:09:43] local.DEBUG: CheckRole: Checking access {"user_id":1,"user_role":"barangay_captain","allowed_roles":["purok_leader","secretary","barangay_captain","barangay_kagawad","admin"],"path":"purok-leader/resident-records/1"} 
[2026-02-13 12:09:44] local.DEBUG: CheckRole: Checking access {"user_id":1,"user_role":"barangay_captain","allowed_roles":["barangay_captain","admin"],"path":"captain/secretaries"} 
[2026-02-13 12:10:02] local.DEBUG: CheckRole: Checking access {"user_id":1,"user_role":"barangay_captain","allowed_roles":["barangay_captain","admin"],"path":"captain/secretaries/create"} 
[2026-02-13 12:10:06] local.DEBUG: CheckRole: Checking access {"user_id":1,"user_role":"barangay_captain","allowed_roles":["barangay_captain","admin"],"path":"captain/secretaries"} 
[2026-02-13 12:10:10] local.DEBUG: CheckRole: Checking access {"user_id":1,"user_role":"barangay_captain","allowed_roles":["barangay_captain","admin"],"path":"captain/secretaries/3/edit"} 
[2026-02-13 12:10:19] local.DEBUG: CheckRole: Checking access {"user_id":1,"user_role":"barangay_captain","allowed_roles":["barangay_captain","admin"],"path":"captain/secretaries/3"} 
[2026-02-13 12:10:20] local.DEBUG: CheckRole: Checking access {"user_id":1,"user_role":"barangay_captain","allowed_roles":["barangay_captain","admin"],"path":"captain/secretaries"} 
[2026-02-13 12:10:26] local.DEBUG: CheckRole: Checking access {"user_id":1,"user_role":"barangay_captain","allowed_roles":["barangay_captain","barangay_kagawad","secretary","admin"],"path":"reports/residents"} 
[2026-02-13 12:10:41] local.DEBUG: CheckRole: Checking access {"user_id":1,"user_role":"barangay_captain","allowed_roles":["barangay_captain","admin"],"path":"captain/secretaries"} 
[2026-02-13 12:10:46] local.DEBUG: CheckRole: Checking access {"user_id":1,"user_role":"barangay_captain","allowed_roles":["purok_leader","secretary","barangay_captain","barangay_kagawad","admin"],"path":"purok-leader/resident-records/create"} 
[2026-02-13 12:10:47] local.DEBUG: CheckRole: Checking access {"user_id":1,"user_role":"barangay_captain","allowed_roles":["purok_leader","secretary","barangay_captain","barangay_kagawad","admin"],"path":"purok-leader/resident-records/1/edit"} 
[2026-02-13 12:10:53] local.DEBUG: CheckRole: Checking access {"user_id":1,"user_role":"barangay_captain","allowed_roles":["purok_leader","secretary","barangay_captain","barangay_kagawad","admin"],"path":"purok-leader/resident-records/1"} 
[2026-02-13 12:10:54] local.DEBUG: CheckRole: Checking access {"user_id":1,"user_role":"barangay_captain","allowed_roles":["barangay_captain","admin"],"path":"captain/secretaries"} 
[2026-02-13 12:10:57] local.DEBUG: CheckRole: Checking access {"user_id":1,"user_role":"barangay_captain","allowed_roles":["barangay_captain","admin"],"path":"captain/secretaries/3/edit"} 
[2026-02-13 12:11:03] local.DEBUG: CheckRole: Checking access {"user_id":1,"user_role":"barangay_captain","allowed_roles":["barangay_captain","admin"],"path":"captain/secretaries/3"} 
[2026-02-13 12:11:04] local.DEBUG: CheckRole: Checking access {"user_id":1,"user_role":"barangay_captain","allowed_roles":["barangay_captain","admin"],"path":"captain/secretaries"} 
[2026-02-13 12:11:08] local.DEBUG: CheckRole: Checking access {"user_id":1,"user_role":"barangay_captain","allowed_roles":["barangay_captain","barangay_kagawad","secretary","admin"],"path":"reports/residents"} 
[2026-02-13 12:11:41] local.DEBUG: CheckRole: Checking access {"user_id":1,"user_role":"barangay_captain","allowed_roles":["barangay_captain","barangay_kagawad","secretary","admin"],"path":"reports/residents"} 
[2026-02-13 12:27:17] local.DEBUG: CheckRole: Checking access {"user_id":1,"user_role":"barangay_captain","allowed_roles":["barangay_captain","barangay_kagawad","secretary","admin"],"path":"reports/incident-reports"} 
[2026-02-13 14:20:25] local.DEBUG: CheckRole: Checking access {"user_id":1,"user_role":"barangay_captain","allowed_roles":["barangay_captain","barangay_kagawad","secretary","purok_leader","admin"],"path":"reports/purok-clearance"} 
[2026-02-13 20:32:22] local.DEBUG: CheckRole: Checking access {"user_id":1,"user_role":"barangay_captain","allowed_roles":["barangay_captain","barangay_kagawad","secretary","purok_leader","admin"],"path":"reports/purok-clearance"} 
[2026-02-13 20:33:59] local.DEBUG: CheckRole: Checking access {"user_id":1,"user_role":"barangay_captain","allowed_roles":["barangay_captain","barangay_kagawad","secretary","purok_leader","admin"],"path":"reports/purok-clearance"} 
[2026-02-13 20:38:35] local.DEBUG: CheckRole: Checking access {"user_id":1,"user_role":"barangay_captain","allowed_roles":["barangay_captain","barangay_kagawad","secretary","admin"],"path":"reports/residents"} 
[2026-02-13 20:41:52] local.DEBUG: CheckRole: Checking access {"user_id":1,"user_role":"barangay_captain","allowed_roles":["barangay_captain","barangay_kagawad","secretary","admin"],"path":"reports/residents"} 
[2026-02-13 20:42:18] local.DEBUG: CheckRole: Checking access {"user_id":1,"user_role":"barangay_captain","allowed_roles":["barangay_captain","barangay_kagawad","secretary","admin"],"path":"reports/preview/residents-rbi"} 
[2026-02-13 20:42:42] local.DEBUG: CheckRole: Checking access {"user_id":1,"user_role":"barangay_captain","allowed_roles":["barangay_captain","barangay_kagawad","secretary","admin"],"path":"reports/residents"} 
[2026-02-13 20:42:44] local.DEBUG: CheckRole: Checking access {"user_id":1,"user_role":"barangay_captain","allowed_roles":["barangay_captain","barangay_kagawad","secretary","admin"],"path":"reports/residents"} 
[2026-02-13 20:42:44] local.DEBUG: CheckRole: Checking access {"user_id":1,"user_role":"barangay_captain","allowed_roles":["barangay_captain","barangay_kagawad","secretary","admin"],"path":"reports/residents"} 
[2026-02-13 20:43:01] local.DEBUG: CheckRole: Checking access {"user_id":1,"user_role":"barangay_captain","allowed_roles":["barangay_captain","barangay_kagawad","secretary","admin"],"path":"reports/preview/residents-rbi"} 
[2026-02-13 20:43:03] local.DEBUG: CheckRole: Checking access {"user_id":1,"user_role":"barangay_captain","allowed_roles":["barangay_captain","barangay_kagawad","secretary","admin"],"path":"reports/residents"} 
[2026-02-13 21:48:31] local.DEBUG: CheckRole: Checking access {"user_id":1,"user_role":"barangay_captain","allowed_roles":["barangay_captain","barangay_kagawad","secretary","admin"],"path":"reports/residents"} 
[2026-02-13 21:51:06] local.DEBUG: CheckRole: Checking access {"user_id":1,"user_role":"barangay_captain","allowed_roles":["barangay_captain","barangay_kagawad","secretary","purok_leader","admin"],"path":"reports/purok-clearance"} 
[2026-02-13 21:51:07] local.DEBUG: CheckRole: Checking access {"user_id":1,"user_role":"barangay_captain","allowed_roles":["barangay_captain","barangay_kagawad","secretary","admin"],"path":"reports/residents"} 
[2026-02-13 21:51:10] local.DEBUG: CheckRole: Checking access {"user_id":1,"user_role":"barangay_captain","allowed_roles":["barangay_captain","barangay_kagawad","secretary","purok_leader","admin"],"path":"reports/purok-clearance"} 
[2026-02-13 21:51:20] local.DEBUG: CheckRole: Checking access {"user_id":1,"user_role":"barangay_captain","allowed_roles":["barangay_captain","barangay_kagawad","secretary","purok_leader","admin"],"path":"reports/purok-clearance"} 
[2026-02-13 21:51:23] local.DEBUG: CheckRole: Checking access {"user_id":1,"user_role":"barangay_captain","allowed_roles":["barangay_captain","barangay_kagawad","secretary","purok_leader","admin"],"path":"reports/purok-clearance"} 
[2026-02-13 21:51:28] local.DEBUG: CheckRole: Checking access {"user_id":1,"user_role":"barangay_captain","allowed_roles":["barangay_captain","barangay_kagawad","secretary","purok_leader","admin"],"path":"reports/purok-clearance"} 
[2026-02-13 21:51:31] local.DEBUG: CheckRole: Checking access {"user_id":1,"user_role":"barangay_captain","allowed_roles":["barangay_captain","barangay_kagawad","secretary","purok_leader","admin"],"path":"reports/purok-clearance"} 
