[2025-11-05 15:48:15] local.ERROR: SQLSTATE[HY000] [2002] A connection attempt failed because the connected party did not properly respond after a period of time, or established connection failed because connected host has failed to respond (Connection: mysql, SQL: delete from `cache`) {"exception":"[object] (Illuminate\\Database\\QueryException(code: 2002): SQLSTATE[HY000] [2002] A connection attempt failed because the connected party did not properly respond after a period of time, or established connection failed because connected host has failed to respond (Connection: mysql, SQL: delete from `cache`) at C:\\Users\\PC\\Documents\\Capstone\\Capstone System\\kalawag_brgy_system\\vendor\\laravel\\framework\\src\\Illuminate\\Database\\Connection.php:825)
[stacktrace]
#0 C:\\Users\\PC\\Documents\\Capstone\\Capstone System\\kalawag_brgy_system\\vendor\\laravel\\framework\\src\\Illuminate\\Database\\Connection.php(979): Illuminate\\Database\\Connection->runQueryCallback('delete from `ca...', Array, Object(Closure))
#1 C:\\Users\\PC\\Documents\\Capstone\\Capstone System\\kalawag_brgy_system\\vendor\\laravel\\framework\\src\\Illuminate\\Database\\Connection.php(958): Illuminate\\Database\\Connection->tryAgainIfCausedByLostConnection(Object(Illuminate\\Database\\QueryException), 'delete from `ca...', Array, Object(Closure))
#2 C:\\Users\\PC\\Documents\\Capstone\\Capstone System\\kalawag_brgy_system\\vendor\\laravel\\framework\\src\\Illuminate\\Database\\Connection.php(781): Illuminate\\Database\\Connection->handleQueryException(Object(Illuminate\\Database\\QueryException), 'delete from `ca...', Array, Object(Closure))
#3 C:\\Users\\PC\\Documents\\Capstone\\Capstone System\\kalawag_brgy_system\\vendor\\laravel\\framework\\src\\Illuminate\\Database\\Connection.php(584): Illuminate\\Database\\Connection->run('delete from `ca...', Array, Object(Closure))
#4 C:\\Users\\PC\\Documents\\Capstone\\Capstone System\\kalawag_brgy_system\\vendor\\laravel\\framework\\src\\Illuminate\\Database\\Connection.php(548): Illuminate\\Database\\Connection->affectingStatement('delete from `ca...', Array)
#5 C:\\Users\\PC\\Documents\\Capstone\\Capstone System\\kalawag_brgy_system\\vendor\\laravel\\framework\\src\\Illuminate\\Database\\Query\\Builder.php(4024): Illuminate\\Database\\Connection->delete('delete from `ca...', Array)
#6 C:\\Users\\PC\\Documents\\Capstone\\Capstone System\\kalawag_brgy_system\\vendor\\laravel\\framework\\src\\Illuminate\\Cache\\DatabaseStore.php(422): Illuminate\\Database\\Query\\Builder->delete()
#7 C:\\Users\\PC\\Documents\\Capstone\\Capstone System\\kalawag_brgy_system\\vendor\\laravel\\framework\\src\\Illuminate\\Cache\\Repository.php(792): Illuminate\\Cache\\DatabaseStore->flush()
#8 C:\\Users\\PC\\Documents\\Capstone\\Capstone System\\kalawag_brgy_system\\vendor\\laravel\\framework\\src\\Illuminate\\Cache\\Console\\ClearCommand.php(69): Illuminate\\Cache\\Repository->__call('flush', Array)
#9 C:\\Users\\PC\\Documents\\Capstone\\Capstone System\\kalawag_brgy_system\\vendor\\laravel\\framework\\src\\Illuminate\\Container\\BoundMethod.php(36): Illuminate\\Cache\\Console\\ClearCommand->handle()
#10 C:\\Users\\PC\\Documents\\Capstone\\Capstone System\\kalawag_brgy_system\\vendor\\laravel\\framework\\src\\Illuminate\\Container\\Util.php(43): Illuminate\\Container\\BoundMethod::Illuminate\\Container\\{closure}()
#11 C:\\Users\\PC\\Documents\\Capstone\\Capstone System\\kalawag_brgy_system\\vendor\\laravel\\framework\\src\\Illuminate\\Container\\BoundMethod.php(95): Illuminate\\Container\\Util::unwrapIfClosure(Object(Closure))
#12 C:\\Users\\PC\\Documents\\Capstone\\Capstone System\\kalawag_brgy_system\\vendor\\laravel\\framework\\src\\Illuminate\\Container\\BoundMethod.php(35): Illuminate\\Container\\BoundMethod::callBoundMethod(Object(Illuminate\\Foundation\\Application), Array, Object(Closure))
#13 C:\\Users\\PC\\Documents\\Capstone\\Capstone System\\kalawag_brgy_system\\vendor\\laravel\\framework\\src\\Illuminate\\Container\\Container.php(696): Illuminate\\Container\\BoundMethod::call(Object(Illuminate\\Foundation\\Application), Array, Array, NULL)
#14 C:\\Users\\PC\\Documents\\Capstone\\Capstone System\\kalawag_brgy_system\\vendor\\laravel\\framework\\src\\Illuminate\\Console\\Command.php(213): Illuminate\\Container\\Container->call(Array)
#15 C:\\Users\\PC\\Documents\\Capstone\\Capstone System\\kalawag_brgy_system\\vendor\\symfony\\console\\Command\\Command.php(318): Illuminate\\Console\\Command->execute(Object(Symfony\\Component\\Console\\Input\\ArgvInput), Object(Illuminate\\Console\\OutputStyle))
#16 C:\\Users\\PC\\Documents\\Capstone\\Capstone System\\kalawag_brgy_system\\vendor\\laravel\\framework\\src\\Illuminate\\Console\\Command.php(182): Symfony\\Component\\Console\\Command\\Command->run(Object(Symfony\\Component\\Console\\Input\\ArgvInput), Object(Illuminate\\Console\\OutputStyle))
#17 C:\\Users\\PC\\Documents\\Capstone\\Capstone System\\kalawag_brgy_system\\vendor\\symfony\\console\\Application.php(1092): Illuminate\\Console\\Command->run(Object(Symfony\\Component\\Console\\Input\\ArgvInput), Object(Symfony\\Component\\Console\\Output\\ConsoleOutput))
#18 C:\\Users\\PC\\Documents\\Capstone\\Capstone System\\kalawag_brgy_system\\vendor\\symfony\\console\\Application.php(341): Symfony\\Component\\Console\\Application->doRunCommand(Object(Illuminate\\Cache\\Console\\ClearCommand), Object(Symfony\\Component\\Console\\Input\\ArgvInput), Object(Symfony\\Component\\Console\\Output\\ConsoleOutput))
#19 C:\\Users\\PC\\Documents\\Capstone\\Capstone System\\kalawag_brgy_system\\vendor\\symfony\\console\\Application.php(192): Symfony\\Component\\Console\\Application->doRun(Object(Symfony\\Component\\Console\\Input\\ArgvInput), Object(Symfony\\Component\\Console\\Output\\ConsoleOutput))
#20 C:\\Users\\PC\\Documents\\Capstone\\Capstone System\\kalawag_brgy_system\\vendor\\laravel\\framework\\src\\Illuminate\\Foundation\\Console\\Kernel.php(198): Symfony\\Component\\Console\\Application->run(Object(Symfony\\Component\\Console\\Input\\ArgvInput), Object(Symfony\\Component\\Console\\Output\\ConsoleOutput))
#21 C:\\Users\\PC\\Documents\\Capstone\\Capstone System\\kalawag_brgy_system\\vendor\\laravel\\framework\\src\\Illuminate\\Foundation\\Application.php(1235): Illuminate\\Foundation\\Console\\Kernel->handle(Object(Symfony\\Component\\Console\\Input\\ArgvInput), Object(Symfony\\Component\\Console\\Output\\ConsoleOutput))
#22 C:\\Users\\PC\\Documents\\Capstone\\Capstone System\\kalawag_brgy_system\\artisan(16): Illuminate\\Foundation\\Application->handleCommand(Object(Symfony\\Component\\Console\\Input\\ArgvInput))
#23 {main}

[previous exception] [object] (PDOException(code: 2002): SQLSTATE[HY000] [2002] A connection attempt failed because the connected party did not properly respond after a period of time, or established connection failed because connected host has failed to respond at C:\\Users\\PC\\Documents\\Capstone\\Capstone System\\kalawag_brgy_system\\vendor\\laravel\\framework\\src\\Illuminate\\Database\\Connectors\\Connector.php:66)
[stacktrace]
#0 C:\\Users\\PC\\Documents\\Capstone\\Capstone System\\kalawag_brgy_system\\vendor\\laravel\\framework\\src\\Illuminate\\Database\\Connectors\\Connector.php(66): PDO->__construct('mysql:host=100....', 'root', Object(SensitiveParameterValue), Array)
#1 C:\\Users\\PC\\Documents\\Capstone\\Capstone System\\kalawag_brgy_system\\vendor\\laravel\\framework\\src\\Illuminate\\Database\\Connectors\\Connector.php(85): Illuminate\\Database\\Connectors\\Connector->createPdoConnection('mysql:host=100....', 'root', Object(SensitiveParameterValue), Array)
#2 C:\\Users\\PC\\Documents\\Capstone\\Capstone System\\kalawag_brgy_system\\vendor\\laravel\\framework\\src\\Illuminate\\Database\\Connectors\\Connector.php(48): Illuminate\\Database\\Connectors\\Connector->tryAgainIfCausedByLostConnection(Object(PDOException), 'mysql:host=100....', 'root', Object(SensitiveParameterValue), Array)
#3 C:\\Users\\PC\\Documents\\Capstone\\Capstone System\\kalawag_brgy_system\\vendor\\laravel\\framework\\src\\Illuminate\\Database\\Connectors\\MySqlConnector.php(24): Illuminate\\Database\\Connectors\\Connector->createConnection('mysql:host=100....', Array, Array)
#4 C:\\Users\\PC\\Documents\\Capstone\\Capstone System\\kalawag_brgy_system\\vendor\\laravel\\framework\\src\\Illuminate\\Database\\Connectors\\ConnectionFactory.php(185): Illuminate\\Database\\Connectors\\MySqlConnector->connect(Array)
#5 [internal function]: Illuminate\\Database\\Connectors\\ConnectionFactory->Illuminate\\Database\\Connectors\\{closure}()
#6 C:\\Users\\PC\\Documents\\Capstone\\Capstone System\\kalawag_brgy_system\\vendor\\laravel\\framework\\src\\Illuminate\\Database\\Connection.php(1231): call_user_func(Object(Closure))
#7 C:\\Users\\PC\\Documents\\Capstone\\Capstone System\\kalawag_brgy_system\\vendor\\laravel\\framework\\src\\Illuminate\\Database\\Connection.php(592): Illuminate\\Database\\Connection->getPdo()
#8 C:\\Users\\PC\\Documents\\Capstone\\Capstone System\\kalawag_brgy_system\\vendor\\laravel\\framework\\src\\Illuminate\\Database\\Connection.php(812): Illuminate\\Database\\Connection->Illuminate\\Database\\{closure}('delete from `ca...', Array)
#9 C:\\Users\\PC\\Documents\\Capstone\\Capstone System\\kalawag_brgy_system\\vendor\\laravel\\framework\\src\\Illuminate\\Database\\Connection.php(979): Illuminate\\Database\\Connection->runQueryCallback('delete from `ca...', Array, Object(Closure))
#10 C:\\Users\\PC\\Documents\\Capstone\\Capstone System\\kalawag_brgy_system\\vendor\\laravel\\framework\\src\\Illuminate\\Database\\Connection.php(958): Illuminate\\Database\\Connection->tryAgainIfCausedByLostConnection(Object(Illuminate\\Database\\QueryException), 'delete from `ca...', Array, Object(Closure))
#11 C:\\Users\\PC\\Documents\\Capstone\\Capstone System\\kalawag_brgy_system\\vendor\\laravel\\framework\\src\\Illuminate\\Database\\Connection.php(781): Illuminate\\Database\\Connection->handleQueryException(Object(Illuminate\\Database\\QueryException), 'delete from `ca...', Array, Object(Closure))
#12 C:\\Users\\PC\\Documents\\Capstone\\Capstone System\\kalawag_brgy_system\\vendor\\laravel\\framework\\src\\Illuminate\\Database\\Connection.php(584): Illuminate\\Database\\Connection->run('delete from `ca...', Array, Object(Closure))
#13 C:\\Users\\PC\\Documents\\Capstone\\Capstone System\\kalawag_brgy_system\\vendor\\laravel\\framework\\src\\Illuminate\\Database\\Connection.php(548): Illuminate\\Database\\Connection->affectingStatement('delete from `ca...', Array)
#14 C:\\Users\\PC\\Documents\\Capstone\\Capstone System\\kalawag_brgy_system\\vendor\\laravel\\framework\\src\\Illuminate\\Database\\Query\\Builder.php(4024): Illuminate\\Database\\Connection->delete('delete from `ca...', Array)
#15 C:\\Users\\PC\\Documents\\Capstone\\Capstone System\\kalawag_brgy_system\\vendor\\laravel\\framework\\src\\Illuminate\\Cache\\DatabaseStore.php(422): Illuminate\\Database\\Query\\Builder->delete()
#16 C:\\Users\\PC\\Documents\\Capstone\\Capstone System\\kalawag_brgy_system\\vendor\\laravel\\framework\\src\\Illuminate\\Cache\\Repository.php(792): Illuminate\\Cache\\DatabaseStore->flush()
#17 C:\\Users\\PC\\Documents\\Capstone\\Capstone System\\kalawag_brgy_system\\vendor\\laravel\\framework\\src\\Illuminate\\Cache\\Console\\ClearCommand.php(69): Illuminate\\Cache\\Repository->__call('flush', Array)
#18 C:\\Users\\PC\\Documents\\Capstone\\Capstone System\\kalawag_brgy_system\\vendor\\laravel\\framework\\src\\Illuminate\\Container\\BoundMethod.php(36): Illuminate\\Cache\\Console\\ClearCommand->handle()
#19 C:\\Users\\PC\\Documents\\Capstone\\Capstone System\\kalawag_brgy_system\\vendor\\laravel\\framework\\src\\Illuminate\\Container\\Util.php(43): Illuminate\\Container\\BoundMethod::Illuminate\\Container\\{closure}()
#20 C:\\Users\\PC\\Documents\\Capstone\\Capstone System\\kalawag_brgy_system\\vendor\\laravel\\framework\\src\\Illuminate\\Container\\BoundMethod.php(95): Illuminate\\Container\\Util::unwrapIfClosure(Object(Closure))
#21 C:\\Users\\PC\\Documents\\Capstone\\Capstone System\\kalawag_brgy_system\\vendor\\laravel\\framework\\src\\Illuminate\\Container\\BoundMethod.php(35): Illuminate\\Container\\BoundMethod::callBoundMethod(Object(Illuminate\\Foundation\\Application), Array, Object(Closure))
#22 C:\\Users\\PC\\Documents\\Capstone\\Capstone System\\kalawag_brgy_system\\vendor\\laravel\\framework\\src\\Illuminate\\Container\\Container.php(696): Illuminate\\Container\\BoundMethod::call(Object(Illuminate\\Foundation\\Application), Array, Array, NULL)
#23 C:\\Users\\PC\\Documents\\Capstone\\Capstone System\\kalawag_brgy_system\\vendor\\laravel\\framework\\src\\Illuminate\\Console\\Command.php(213): Illuminate\\Container\\Container->call(Array)
#24 C:\\Users\\PC\\Documents\\Capstone\\Capstone System\\kalawag_brgy_system\\vendor\\symfony\\console\\Command\\Command.php(318): Illuminate\\Console\\Command->execute(Object(Symfony\\Component\\Console\\Input\\ArgvInput), Object(Illuminate\\Console\\OutputStyle))
#25 C:\\Users\\PC\\Documents\\Capstone\\Capstone System\\kalawag_brgy_system\\vendor\\laravel\\framework\\src\\Illuminate\\Console\\Command.php(182): Symfony\\Component\\Console\\Command\\Command->run(Object(Symfony\\Component\\Console\\Input\\ArgvInput), Object(Illuminate\\Console\\OutputStyle))
#26 C:\\Users\\PC\\Documents\\Capstone\\Capstone System\\kalawag_brgy_system\\vendor\\symfony\\console\\Application.php(1092): Illuminate\\Console\\Command->run(Object(Symfony\\Component\\Console\\Input\\ArgvInput), Object(Symfony\\Component\\Console\\Output\\ConsoleOutput))
#27 C:\\Users\\PC\\Documents\\Capstone\\Capstone System\\kalawag_brgy_system\\vendor\\symfony\\console\\Application.php(341): Symfony\\Component\\Console\\Application->doRunCommand(Object(Illuminate\\Cache\\Console\\ClearCommand), Object(Symfony\\Component\\Console\\Input\\ArgvInput), Object(Symfony\\Component\\Console\\Output\\ConsoleOutput))
#28 C:\\Users\\PC\\Documents\\Capstone\\Capstone System\\kalawag_brgy_system\\vendor\\symfony\\console\\Application.php(192): Symfony\\Component\\Console\\Application->doRun(Object(Symfony\\Component\\Console\\Input\\ArgvInput), Object(Symfony\\Component\\Console\\Output\\ConsoleOutput))
#29 C:\\Users\\PC\\Documents\\Capstone\\Capstone System\\kalawag_brgy_system\\vendor\\laravel\\framework\\src\\Illuminate\\Foundation\\Console\\Kernel.php(198): Symfony\\Component\\Console\\Application->run(Object(Symfony\\Component\\Console\\Input\\ArgvInput), Object(Symfony\\Component\\Console\\Output\\ConsoleOutput))
#30 C:\\Users\\PC\\Documents\\Capstone\\Capstone System\\kalawag_brgy_system\\vendor\\laravel\\framework\\src\\Illuminate\\Foundation\\Application.php(1235): Illuminate\\Foundation\\Console\\Kernel->handle(Object(Symfony\\Component\\Console\\Input\\ArgvInput), Object(Symfony\\Component\\Console\\Output\\ConsoleOutput))
#31 C:\\Users\\PC\\Documents\\Capstone\\Capstone System\\kalawag_brgy_system\\artisan(16): Illuminate\\Foundation\\Application->handleCommand(Object(Symfony\\Component\\Console\\Input\\ArgvInput))
#32 {main}
"} 
[2025-11-05 15:50:12] local.ERROR: SQLSTATE[HY000] [2002] A connection attempt failed because the connected party did not properly respond after a period of time, or established connection failed because connected host has failed to respond (Connection: mysql, SQL: delete from `cache`) {"exception":"[object] (Illuminate\\Database\\QueryException(code: 2002): SQLSTATE[HY000] [2002] A connection attempt failed because the connected party did not properly respond after a period of time, or established connection failed because connected host has failed to respond (Connection: mysql, SQL: delete from `cache`) at C:\\Users\\PC\\Documents\\Capstone\\Capstone System\\kalawag_brgy_system\\vendor\\laravel\\framework\\src\\Illuminate\\Database\\Connection.php:825)
[stacktrace]
#0 C:\\Users\\PC\\Documents\\Capstone\\Capstone System\\kalawag_brgy_system\\vendor\\laravel\\framework\\src\\Illuminate\\Database\\Connection.php(979): Illuminate\\Database\\Connection->runQueryCallback('delete from `ca...', Array, Object(Closure))
#1 C:\\Users\\PC\\Documents\\Capstone\\Capstone System\\kalawag_brgy_system\\vendor\\laravel\\framework\\src\\Illuminate\\Database\\Connection.php(958): Illuminate\\Database\\Connection->tryAgainIfCausedByLostConnection(Object(Illuminate\\Database\\QueryException), 'delete from `ca...', Array, Object(Closure))
#2 C:\\Users\\PC\\Documents\\Capstone\\Capstone System\\kalawag_brgy_system\\vendor\\laravel\\framework\\src\\Illuminate\\Database\\Connection.php(781): Illuminate\\Database\\Connection->handleQueryException(Object(Illuminate\\Database\\QueryException), 'delete from `ca...', Array, Object(Closure))
#3 C:\\Users\\PC\\Documents\\Capstone\\Capstone System\\kalawag_brgy_system\\vendor\\laravel\\framework\\src\\Illuminate\\Database\\Connection.php(584): Illuminate\\Database\\Connection->run('delete from `ca...', Array, Object(Closure))
#4 C:\\Users\\PC\\Documents\\Capstone\\Capstone System\\kalawag_brgy_system\\vendor\\laravel\\framework\\src\\Illuminate\\Database\\Connection.php(548): Illuminate\\Database\\Connection->affectingStatement('delete from `ca...', Array)
#5 C:\\Users\\PC\\Documents\\Capstone\\Capstone System\\kalawag_brgy_system\\vendor\\laravel\\framework\\src\\Illuminate\\Database\\Query\\Builder.php(4024): Illuminate\\Database\\Connection->delete('delete from `ca...', Array)
#6 C:\\Users\\PC\\Documents\\Capstone\\Capstone System\\kalawag_brgy_system\\vendor\\laravel\\framework\\src\\Illuminate\\Cache\\DatabaseStore.php(422): Illuminate\\Database\\Query\\Builder->delete()
#7 C:\\Users\\PC\\Documents\\Capstone\\Capstone System\\kalawag_brgy_system\\vendor\\laravel\\framework\\src\\Illuminate\\Cache\\Repository.php(792): Illuminate\\Cache\\DatabaseStore->flush()
#8 C:\\Users\\PC\\Documents\\Capstone\\Capstone System\\kalawag_brgy_system\\vendor\\laravel\\framework\\src\\Illuminate\\Cache\\Console\\ClearCommand.php(69): Illuminate\\Cache\\Repository->__call('flush', Array)
#9 C:\\Users\\PC\\Documents\\Capstone\\Capstone System\\kalawag_brgy_system\\vendor\\laravel\\framework\\src\\Illuminate\\Container\\BoundMethod.php(36): Illuminate\\Cache\\Console\\ClearCommand->handle()
#10 C:\\Users\\PC\\Documents\\Capstone\\Capstone System\\kalawag_brgy_system\\vendor\\laravel\\framework\\src\\Illuminate\\Container\\Util.php(43): Illuminate\\Container\\BoundMethod::Illuminate\\Container\\{closure}()
#11 C:\\Users\\PC\\Documents\\Capstone\\Capstone System\\kalawag_brgy_system\\vendor\\laravel\\framework\\src\\Illuminate\\Container\\BoundMethod.php(95): Illuminate\\Container\\Util::unwrapIfClosure(Object(Closure))
#12 C:\\Users\\PC\\Documents\\Capstone\\Capstone System\\kalawag_brgy_system\\vendor\\laravel\\framework\\src\\Illuminate\\Container\\BoundMethod.php(35): Illuminate\\Container\\BoundMethod::callBoundMethod(Object(Illuminate\\Foundation\\Application), Array, Object(Closure))
#13 C:\\Users\\PC\\Documents\\Capstone\\Capstone System\\kalawag_brgy_system\\vendor\\laravel\\framework\\src\\Illuminate\\Container\\Container.php(696): Illuminate\\Container\\BoundMethod::call(Object(Illuminate\\Foundation\\Application), Array, Array, NULL)
#14 C:\\Users\\PC\\Documents\\Capstone\\Capstone System\\kalawag_brgy_system\\vendor\\laravel\\framework\\src\\Illuminate\\Console\\Command.php(213): Illuminate\\Container\\Container->call(Array)
#15 C:\\Users\\PC\\Documents\\Capstone\\Capstone System\\kalawag_brgy_system\\vendor\\symfony\\console\\Command\\Command.php(318): Illuminate\\Console\\Command->execute(Object(Symfony\\Component\\Console\\Input\\ArgvInput), Object(Illuminate\\Console\\OutputStyle))
#16 C:\\Users\\PC\\Documents\\Capstone\\Capstone System\\kalawag_brgy_system\\vendor\\laravel\\framework\\src\\Illuminate\\Console\\Command.php(182): Symfony\\Component\\Console\\Command\\Command->run(Object(Symfony\\Component\\Console\\Input\\ArgvInput), Object(Illuminate\\Console\\OutputStyle))
#17 C:\\Users\\PC\\Documents\\Capstone\\Capstone System\\kalawag_brgy_system\\vendor\\symfony\\console\\Application.php(1092): Illuminate\\Console\\Command->run(Object(Symfony\\Component\\Console\\Input\\ArgvInput), Object(Symfony\\Component\\Console\\Output\\ConsoleOutput))
#18 C:\\Users\\PC\\Documents\\Capstone\\Capstone System\\kalawag_brgy_system\\vendor\\symfony\\console\\Application.php(341): Symfony\\Component\\Console\\Application->doRunCommand(Object(Illuminate\\Cache\\Console\\ClearCommand), Object(Symfony\\Component\\Console\\Input\\ArgvInput), Object(Symfony\\Component\\Console\\Output\\ConsoleOutput))
#19 C:\\Users\\PC\\Documents\\Capstone\\Capstone System\\kalawag_brgy_system\\vendor\\symfony\\console\\Application.php(192): Symfony\\Component\\Console\\Application->doRun(Object(Symfony\\Component\\Console\\Input\\ArgvInput), Object(Symfony\\Component\\Console\\Output\\ConsoleOutput))
#20 C:\\Users\\PC\\Documents\\Capstone\\Capstone System\\kalawag_brgy_system\\vendor\\laravel\\framework\\src\\Illuminate\\Foundation\\Console\\Kernel.php(198): Symfony\\Component\\Console\\Application->run(Object(Symfony\\Component\\Console\\Input\\ArgvInput), Object(Symfony\\Component\\Console\\Output\\ConsoleOutput))
#21 C:\\Users\\PC\\Documents\\Capstone\\Capstone System\\kalawag_brgy_system\\vendor\\laravel\\framework\\src\\Illuminate\\Foundation\\Application.php(1235): Illuminate\\Foundation\\Console\\Kernel->handle(Object(Symfony\\Component\\Console\\Input\\ArgvInput), Object(Symfony\\Component\\Console\\Output\\ConsoleOutput))
#22 C:\\Users\\PC\\Documents\\Capstone\\Capstone System\\kalawag_brgy_system\\artisan(16): Illuminate\\Foundation\\Application->handleCommand(Object(Symfony\\Component\\Console\\Input\\ArgvInput))
#23 {main}

[previous exception] [object] (PDOException(code: 2002): SQLSTATE[HY000] [2002] A connection attempt failed because the connected party did not properly respond after a period of time, or established connection failed because connected host has failed to respond at C:\\Users\\PC\\Documents\\Capstone\\Capstone System\\kalawag_brgy_system\\vendor\\laravel\\framework\\src\\Illuminate\\Database\\Connectors\\Connector.php:66)
[stacktrace]
#0 C:\\Users\\PC\\Documents\\Capstone\\Capstone System\\kalawag_brgy_system\\vendor\\laravel\\framework\\src\\Illuminate\\Database\\Connectors\\Connector.php(66): PDO->__construct('mysql:host=100....', 'root', Object(SensitiveParameterValue), Array)
#1 C:\\Users\\PC\\Documents\\Capstone\\Capstone System\\kalawag_brgy_system\\vendor\\laravel\\framework\\src\\Illuminate\\Database\\Connectors\\Connector.php(85): Illuminate\\Database\\Connectors\\Connector->createPdoConnection('mysql:host=100....', 'root', Object(SensitiveParameterValue), Array)
#2 C:\\Users\\PC\\Documents\\Capstone\\Capstone System\\kalawag_brgy_system\\vendor\\laravel\\framework\\src\\Illuminate\\Database\\Connectors\\Connector.php(48): Illuminate\\Database\\Connectors\\Connector->tryAgainIfCausedByLostConnection(Object(PDOException), 'mysql:host=100....', 'root', Object(SensitiveParameterValue), Array)
#3 C:\\Users\\PC\\Documents\\Capstone\\Capstone System\\kalawag_brgy_system\\vendor\\laravel\\framework\\src\\Illuminate\\Database\\Connectors\\MySqlConnector.php(24): Illuminate\\Database\\Connectors\\Connector->createConnection('mysql:host=100....', Array, Array)
#4 C:\\Users\\PC\\Documents\\Capstone\\Capstone System\\kalawag_brgy_system\\vendor\\laravel\\framework\\src\\Illuminate\\Database\\Connectors\\ConnectionFactory.php(185): Illuminate\\Database\\Connectors\\MySqlConnector->connect(Array)
#5 [internal function]: Illuminate\\Database\\Connectors\\ConnectionFactory->Illuminate\\Database\\Connectors\\{closure}()
#6 C:\\Users\\PC\\Documents\\Capstone\\Capstone System\\kalawag_brgy_system\\vendor\\laravel\\framework\\src\\Illuminate\\Database\\Connection.php(1231): call_user_func(Object(Closure))
#7 C:\\Users\\PC\\Documents\\Capstone\\Capstone System\\kalawag_brgy_system\\vendor\\laravel\\framework\\src\\Illuminate\\Database\\Connection.php(592): Illuminate\\Database\\Connection->getPdo()
#8 C:\\Users\\PC\\Documents\\Capstone\\Capstone System\\kalawag_brgy_system\\vendor\\laravel\\framework\\src\\Illuminate\\Database\\Connection.php(812): Illuminate\\Database\\Connection->Illuminate\\Database\\{closure}('delete from `ca...', Array)
#9 C:\\Users\\PC\\Documents\\Capstone\\Capstone System\\kalawag_brgy_system\\vendor\\laravel\\framework\\src\\Illuminate\\Database\\Connection.php(979): Illuminate\\Database\\Connection->runQueryCallback('delete from `ca...', Array, Object(Closure))
#10 C:\\Users\\PC\\Documents\\Capstone\\Capstone System\\kalawag_brgy_system\\vendor\\laravel\\framework\\src\\Illuminate\\Database\\Connection.php(958): Illuminate\\Database\\Connection->tryAgainIfCausedByLostConnection(Object(Illuminate\\Database\\QueryException), 'delete from `ca...', Array, Object(Closure))
#11 C:\\Users\\PC\\Documents\\Capstone\\Capstone System\\kalawag_brgy_system\\vendor\\laravel\\framework\\src\\Illuminate\\Database\\Connection.php(781): Illuminate\\Database\\Connection->handleQueryException(Object(Illuminate\\Database\\QueryException), 'delete from `ca...', Array, Object(Closure))
#12 C:\\Users\\PC\\Documents\\Capstone\\Capstone System\\kalawag_brgy_system\\vendor\\laravel\\framework\\src\\Illuminate\\Database\\Connection.php(584): Illuminate\\Database\\Connection->run('delete from `ca...', Array, Object(Closure))
#13 C:\\Users\\PC\\Documents\\Capstone\\Capstone System\\kalawag_brgy_system\\vendor\\laravel\\framework\\src\\Illuminate\\Database\\Connection.php(548): Illuminate\\Database\\Connection->affectingStatement('delete from `ca...', Array)
#14 C:\\Users\\PC\\Documents\\Capstone\\Capstone System\\kalawag_brgy_system\\vendor\\laravel\\framework\\src\\Illuminate\\Database\\Query\\Builder.php(4024): Illuminate\\Database\\Connection->delete('delete from `ca...', Array)
#15 C:\\Users\\PC\\Documents\\Capstone\\Capstone System\\kalawag_brgy_system\\vendor\\laravel\\framework\\src\\Illuminate\\Cache\\DatabaseStore.php(422): Illuminate\\Database\\Query\\Builder->delete()
#16 C:\\Users\\PC\\Documents\\Capstone\\Capstone System\\kalawag_brgy_system\\vendor\\laravel\\framework\\src\\Illuminate\\Cache\\Repository.php(792): Illuminate\\Cache\\DatabaseStore->flush()
#17 C:\\Users\\PC\\Documents\\Capstone\\Capstone System\\kalawag_brgy_system\\vendor\\laravel\\framework\\src\\Illuminate\\Cache\\Console\\ClearCommand.php(69): Illuminate\\Cache\\Repository->__call('flush', Array)
#18 C:\\Users\\PC\\Documents\\Capstone\\Capstone System\\kalawag_brgy_system\\vendor\\laravel\\framework\\src\\Illuminate\\Container\\BoundMethod.php(36): Illuminate\\Cache\\Console\\ClearCommand->handle()
#19 C:\\Users\\PC\\Documents\\Capstone\\Capstone System\\kalawag_brgy_system\\vendor\\laravel\\framework\\src\\Illuminate\\Container\\Util.php(43): Illuminate\\Container\\BoundMethod::Illuminate\\Container\\{closure}()
#20 C:\\Users\\PC\\Documents\\Capstone\\Capstone System\\kalawag_brgy_system\\vendor\\laravel\\framework\\src\\Illuminate\\Container\\BoundMethod.php(95): Illuminate\\Container\\Util::unwrapIfClosure(Object(Closure))
#21 C:\\Users\\PC\\Documents\\Capstone\\Capstone System\\kalawag_brgy_system\\vendor\\laravel\\framework\\src\\Illuminate\\Container\\BoundMethod.php(35): Illuminate\\Container\\BoundMethod::callBoundMethod(Object(Illuminate\\Foundation\\Application), Array, Object(Closure))
#22 C:\\Users\\PC\\Documents\\Capstone\\Capstone System\\kalawag_brgy_system\\vendor\\laravel\\framework\\src\\Illuminate\\Container\\Container.php(696): Illuminate\\Container\\BoundMethod::call(Object(Illuminate\\Foundation\\Application), Array, Array, NULL)
#23 C:\\Users\\PC\\Documents\\Capstone\\Capstone System\\kalawag_brgy_system\\vendor\\laravel\\framework\\src\\Illuminate\\Console\\Command.php(213): Illuminate\\Container\\Container->call(Array)
#24 C:\\Users\\PC\\Documents\\Capstone\\Capstone System\\kalawag_brgy_system\\vendor\\symfony\\console\\Command\\Command.php(318): Illuminate\\Console\\Command->execute(Object(Symfony\\Component\\Console\\Input\\ArgvInput), Object(Illuminate\\Console\\OutputStyle))
#25 C:\\Users\\PC\\Documents\\Capstone\\Capstone System\\kalawag_brgy_system\\vendor\\laravel\\framework\\src\\Illuminate\\Console\\Command.php(182): Symfony\\Component\\Console\\Command\\Command->run(Object(Symfony\\Component\\Console\\Input\\ArgvInput), Object(Illuminate\\Console\\OutputStyle))
#26 C:\\Users\\PC\\Documents\\Capstone\\Capstone System\\kalawag_brgy_system\\vendor\\symfony\\console\\Application.php(1092): Illuminate\\Console\\Command->run(Object(Symfony\\Component\\Console\\Input\\ArgvInput), Object(Symfony\\Component\\Console\\Output\\ConsoleOutput))
#27 C:\\Users\\PC\\Documents\\Capstone\\Capstone System\\kalawag_brgy_system\\vendor\\symfony\\console\\Application.php(341): Symfony\\Component\\Console\\Application->doRunCommand(Object(Illuminate\\Cache\\Console\\ClearCommand), Object(Symfony\\Component\\Console\\Input\\ArgvInput), Object(Symfony\\Component\\Console\\Output\\ConsoleOutput))
#28 C:\\Users\\PC\\Documents\\Capstone\\Capstone System\\kalawag_brgy_system\\vendor\\symfony\\console\\Application.php(192): Symfony\\Component\\Console\\Application->doRun(Object(Symfony\\Component\\Console\\Input\\ArgvInput), Object(Symfony\\Component\\Console\\Output\\ConsoleOutput))
#29 C:\\Users\\PC\\Documents\\Capstone\\Capstone System\\kalawag_brgy_system\\vendor\\laravel\\framework\\src\\Illuminate\\Foundation\\Console\\Kernel.php(198): Symfony\\Component\\Console\\Application->run(Object(Symfony\\Component\\Console\\Input\\ArgvInput), Object(Symfony\\Component\\Console\\Output\\ConsoleOutput))
#30 C:\\Users\\PC\\Documents\\Capstone\\Capstone System\\kalawag_brgy_system\\vendor\\laravel\\framework\\src\\Illuminate\\Foundation\\Application.php(1235): Illuminate\\Foundation\\Console\\Kernel->handle(Object(Symfony\\Component\\Console\\Input\\ArgvInput), Object(Symfony\\Component\\Console\\Output\\ConsoleOutput))
#31 C:\\Users\\PC\\Documents\\Capstone\\Capstone System\\kalawag_brgy_system\\artisan(16): Illuminate\\Foundation\\Application->handleCommand(Object(Symfony\\Component\\Console\\Input\\ArgvInput))
#32 {main}
"} 
[2025-11-05 15:51:44] local.ERROR: Maximum execution time of 60 seconds exceeded {"exception":"[object] (Symfony\\Component\\ErrorHandler\\Error\\FatalError(code: 0): Maximum execution time of 60 seconds exceeded at C:\\Users\\PC\\Documents\\Capstone\\Capstone System\\kalawag_brgy_system\\vendor\\laravel\\framework\\src\\Illuminate\\Database\\Connectors\\Connector.php:66)
[stacktrace]
#0 {main}
"} 
[2025-11-05 15:53:06] local.ERROR: Maximum execution time of 60 seconds exceeded {"exception":"[object] (Symfony\\Component\\ErrorHandler\\Error\\FatalError(code: 0): Maximum execution time of 60 seconds exceeded at C:\\Users\\PC\\Documents\\Capstone\\Capstone System\\kalawag_brgy_system\\vendor\\laravel\\framework\\src\\Illuminate\\Database\\Connectors\\Connector.php:66)
[stacktrace]
#0 {main}
"} 
[2025-11-05 15:55:18] local.ERROR: Maximum execution time of 60 seconds exceeded {"exception":"[object] (Symfony\\Component\\ErrorHandler\\Error\\FatalError(code: 0): Maximum execution time of 60 seconds exceeded at C:\\Users\\PC\\Documents\\Capstone\\Capstone System\\kalawag_brgy_system\\vendor\\laravel\\framework\\src\\Illuminate\\Database\\Connectors\\Connector.php:66)
[stacktrace]
#0 {main}
"} 
[2025-11-05 15:56:34] local.ERROR: Maximum execution time of 60 seconds exceeded {"exception":"[object] (Symfony\\Component\\ErrorHandler\\Error\\FatalError(code: 0): Maximum execution time of 60 seconds exceeded at C:\\Users\\PC\\Documents\\Capstone\\Capstone System\\kalawag_brgy_system\\vendor\\laravel\\framework\\src\\Illuminate\\Database\\Connectors\\Connector.php:66)
[stacktrace]
#0 {main}
"} 
[2025-11-05 15:58:54] local.ERROR: Maximum execution time of 60 seconds exceeded {"exception":"[object] (Symfony\\Component\\ErrorHandler\\Error\\FatalError(code: 0): Maximum execution time of 60 seconds exceeded at C:\\Users\\PC\\Documents\\Capstone\\Capstone System\\kalawag_brgy_system\\vendor\\laravel\\framework\\src\\Illuminate\\Database\\Connectors\\Connector.php:66)
[stacktrace]
#0 {main}
"} 
[2025-11-05 15:59:55] local.ERROR: Error in CheckForPendingFeedback: SQLSTATE[42S22]: Column not found: 1054 Unknown column 'feedback_dismissed_at' in 'where clause' (Connection: mysql, SQL: select * from `requests` where `user_id` = 1 and `status` in (barangay_approved, completed) and `feedback_provided_at` is null and `feedback_skipped` = 0 and `feedback_dismissed_at` is null order by `updated_at` desc limit 1)  
[2025-11-05 16:00:22] local.INFO: PurokLeaderMiddleware - User check {"user_id":2,"user_role":"purok_president","purok_id":3,"allowed_roles":["purok_leader","purok_president"]} 
[2025-11-05 16:00:32] local.INFO: PurokLeaderMiddleware - User check {"user_id":2,"user_role":"purok_president","purok_id":3,"allowed_roles":["purok_leader","purok_president"]} 
[2025-11-05 16:01:50] local.INFO: PurokLeaderMiddleware - User check {"user_id":2,"user_role":"purok_president","purok_id":3,"allowed_roles":["purok_leader","purok_president"]} 
[2025-11-05 16:05:30] local.INFO: PurokLeaderMiddleware - User check {"user_id":2,"user_role":"purok_president","purok_id":3,"allowed_roles":["purok_leader","purok_president"]} 
[2025-11-05 16:05:58] local.INFO: PurokLeaderMiddleware - User check {"user_id":2,"user_role":"purok_president","purok_id":3,"allowed_roles":["purok_leader","purok_president"]} 
[2025-11-05 16:08:04] local.ERROR: Call to undefined method App\Http\Controllers\GeocodingController::reverse() {"userId":1,"exception":"[object] (Error(code: 0): Call to undefined method App\\Http\\Controllers\\GeocodingController::reverse() at C:\\Users\\PC\\Documents\\Capstone\\Capstone System\\kalawag_brgy_system\\vendor\\laravel\\framework\\src\\Illuminate\\Routing\\ControllerDispatcher.php:47)
[stacktrace]
#0 C:\\Users\\PC\\Documents\\Capstone\\Capstone System\\kalawag_brgy_system\\vendor\\laravel\\framework\\src\\Illuminate\\Routing\\Route.php(266): Illuminate\\Routing\\ControllerDispatcher->dispatch(Object(Illuminate\\Routing\\Route), Object(App\\Http\\Controllers\\GeocodingController), 'reverse')
#1 C:\\Users\\PC\\Documents\\Capstone\\Capstone System\\kalawag_brgy_system\\vendor\\laravel\\framework\\src\\Illuminate\\Routing\\Route.php(212): Illuminate\\Routing\\Route->runController()
#2 C:\\Users\\PC\\Documents\\Capstone\\Capstone System\\kalawag_brgy_system\\vendor\\laravel\\framework\\src\\Illuminate\\Routing\\Router.php(808): Illuminate\\Routing\\Route->run()
#3 C:\\Users\\PC\\Documents\\Capstone\\Capstone System\\kalawag_brgy_system\\vendor\\laravel\\framework\\src\\Illuminate\\Pipeline\\Pipeline.php(170): Illuminate\\Routing\\Router->Illuminate\\Routing\\{closure}(Object(Illuminate\\Http\\Request))
#4 C:\\Users\\PC\\Documents\\Capstone\\Capstone System\\kalawag_brgy_system\\app\\Http\\Middleware\\CheckForPendingFeedback.php(39): Illuminate\\Pipeline\\Pipeline->Illuminate\\Pipeline\\{closure}(Object(Illuminate\\Http\\Request))
#5 C:\\Users\\PC\\Documents\\Capstone\\Capstone System\\kalawag_brgy_system\\vendor\\laravel\\framework\\src\\Illuminate\\Pipeline\\Pipeline.php(209): App\\Http\\Middleware\\CheckForPendingFeedback->handle(Object(Illuminate\\Http\\Request), Object(Closure))
#6 C:\\Users\\PC\\Documents\\Capstone\\Capstone System\\kalawag_brgy_system\\app\\Http\\Middleware\\CheckFeedbackEligibility.php(32): Illuminate\\Pipeline\\Pipeline->Illuminate\\Pipeline\\{closure}(Object(Illuminate\\Http\\Request))
#7 C:\\Users\\PC\\Documents\\Capstone\\Capstone System\\kalawag_brgy_system\\vendor\\laravel\\framework\\src\\Illuminate\\Pipeline\\Pipeline.php(209): App\\Http\\Middleware\\CheckFeedbackEligibility->handle(Object(Illuminate\\Http\\Request), Object(Closure))
#8 C:\\Users\\PC\\Documents\\Capstone\\Capstone System\\kalawag_brgy_system\\vendor\\laravel\\framework\\src\\Illuminate\\Routing\\Middleware\\SubstituteBindings.php(51): Illuminate\\Pipeline\\Pipeline->Illuminate\\Pipeline\\{closure}(Object(Illuminate\\Http\\Request))
#9 C:\\Users\\PC\\Documents\\Capstone\\Capstone System\\kalawag_brgy_system\\vendor\\laravel\\framework\\src\\Illuminate\\Pipeline\\Pipeline.php(209): Illuminate\\Routing\\Middleware\\SubstituteBindings->handle(Object(Illuminate\\Http\\Request), Object(Closure))
#10 C:\\Users\\PC\\Documents\\Capstone\\Capstone System\\kalawag_brgy_system\\vendor\\laravel\\framework\\src\\Illuminate\\Auth\\Middleware\\Authenticate.php(64): Illuminate\\Pipeline\\Pipeline->Illuminate\\Pipeline\\{closure}(Object(Illuminate\\Http\\Request))
#11 C:\\Users\\PC\\Documents\\Capstone\\Capstone System\\kalawag_brgy_system\\vendor\\laravel\\framework\\src\\Illuminate\\Pipeline\\Pipeline.php(209): Illuminate\\Auth\\Middleware\\Authenticate->handle(Object(Illuminate\\Http\\Request), Object(Closure))
#12 C:\\Users\\PC\\Documents\\Capstone\\Capstone System\\kalawag_brgy_system\\vendor\\laravel\\framework\\src\\Illuminate\\Foundation\\Http\\Middleware\\VerifyCsrfToken.php(88): Illuminate\\Pipeline\\Pipeline->Illuminate\\Pipeline\\{closure}(Object(Illuminate\\Http\\Request))
#13 C:\\Users\\PC\\Documents\\Capstone\\Capstone System\\kalawag_brgy_system\\vendor\\laravel\\framework\\src\\Illuminate\\Pipeline\\Pipeline.php(209): Illuminate\\Foundation\\Http\\Middleware\\VerifyCsrfToken->handle(Object(Illuminate\\Http\\Request), Object(Closure))
#14 C:\\Users\\PC\\Documents\\Capstone\\Capstone System\\kalawag_brgy_system\\vendor\\laravel\\framework\\src\\Illuminate\\View\\Middleware\\ShareErrorsFromSession.php(49): Illuminate\\Pipeline\\Pipeline->Illuminate\\Pipeline\\{closure}(Object(Illuminate\\Http\\Request))
#15 C:\\Users\\PC\\Documents\\Capstone\\Capstone System\\kalawag_brgy_system\\vendor\\laravel\\framework\\src\\Illuminate\\Pipeline\\Pipeline.php(209): Illuminate\\View\\Middleware\\ShareErrorsFromSession->handle(Object(Illuminate\\Http\\Request), Object(Closure))
#16 C:\\Users\\PC\\Documents\\Capstone\\Capstone System\\kalawag_brgy_system\\vendor\\laravel\\framework\\src\\Illuminate\\Session\\Middleware\\StartSession.php(121): Illuminate\\Pipeline\\Pipeline->Illuminate\\Pipeline\\{closure}(Object(Illuminate\\Http\\Request))
#17 C:\\Users\\PC\\Documents\\Capstone\\Capstone System\\kalawag_brgy_system\\vendor\\laravel\\framework\\src\\Illuminate\\Session\\Middleware\\StartSession.php(64): Illuminate\\Session\\Middleware\\StartSession->handleStatefulRequest(Object(Illuminate\\Http\\Request), Object(Illuminate\\Session\\Store), Object(Closure))
#18 C:\\Users\\PC\\Documents\\Capstone\\Capstone System\\kalawag_brgy_system\\vendor\\laravel\\framework\\src\\Illuminate\\Pipeline\\Pipeline.php(209): Illuminate\\Session\\Middleware\\StartSession->handle(Object(Illuminate\\Http\\Request), Object(Closure))
#19 C:\\Users\\PC\\Documents\\Capstone\\Capstone System\\kalawag_brgy_system\\vendor\\laravel\\framework\\src\\Illuminate\\Cookie\\Middleware\\AddQueuedCookiesToResponse.php(37): Illuminate\\Pipeline\\Pipeline->Illuminate\\Pipeline\\{closure}(Object(Illuminate\\Http\\Request))
#20 C:\\Users\\PC\\Documents\\Capstone\\Capstone System\\kalawag_brgy_system\\vendor\\laravel\\framework\\src\\Illuminate\\Pipeline\\Pipeline.php(209): Illuminate\\Cookie\\Middleware\\AddQueuedCookiesToResponse->handle(Object(Illuminate\\Http\\Request), Object(Closure))
#21 C:\\Users\\PC\\Documents\\Capstone\\Capstone System\\kalawag_brgy_system\\vendor\\laravel\\framework\\src\\Illuminate\\Cookie\\Middleware\\EncryptCookies.php(75): Illuminate\\Pipeline\\Pipeline->Illuminate\\Pipeline\\{closure}(Object(Illuminate\\Http\\Request))
#22 C:\\Users\\PC\\Documents\\Capstone\\Capstone System\\kalawag_brgy_system\\vendor\\laravel\\framework\\src\\Illuminate\\Pipeline\\Pipeline.php(209): Illuminate\\Cookie\\Middleware\\EncryptCookies->handle(Object(Illuminate\\Http\\Request), Object(Closure))
#23 C:\\Users\\PC\\Documents\\Capstone\\Capstone System\\kalawag_brgy_system\\vendor\\laravel\\framework\\src\\Illuminate\\Pipeline\\Pipeline.php(127): Illuminate\\Pipeline\\Pipeline->Illuminate\\Pipeline\\{closure}(Object(Illuminate\\Http\\Request))
#24 C:\\Users\\PC\\Documents\\Capstone\\Capstone System\\kalawag_brgy_system\\vendor\\laravel\\framework\\src\\Illuminate\\Routing\\Router.php(807): Illuminate\\Pipeline\\Pipeline->then(Object(Closure))
#25 C:\\Users\\PC\\Documents\\Capstone\\Capstone System\\kalawag_brgy_system\\vendor\\laravel\\framework\\src\\Illuminate\\Routing\\Router.php(786): Illuminate\\Routing\\Router->runRouteWithinStack(Object(Illuminate\\Routing\\Route), Object(Illuminate\\Http\\Request))
#26 C:\\Users\\PC\\Documents\\Capstone\\Capstone System\\kalawag_brgy_system\\vendor\\laravel\\framework\\src\\Illuminate\\Routing\\Router.php(750): Illuminate\\Routing\\Router->runRoute(Object(Illuminate\\Http\\Request), Object(Illuminate\\Routing\\Route))
#27 C:\\Users\\PC\\Documents\\Capstone\\Capstone System\\kalawag_brgy_system\\vendor\\laravel\\framework\\src\\Illuminate\\Routing\\Router.php(739): Illuminate\\Routing\\Router->dispatchToRoute(Object(Illuminate\\Http\\Request))
#28 C:\\Users\\PC\\Documents\\Capstone\\Capstone System\\kalawag_brgy_system\\vendor\\laravel\\framework\\src\\Illuminate\\Foundation\\Http\\Kernel.php(201): Illuminate\\Routing\\Router->dispatch(Object(Illuminate\\Http\\Request))
#29 C:\\Users\\PC\\Documents\\Capstone\\Capstone System\\kalawag_brgy_system\\vendor\\laravel\\framework\\src\\Illuminate\\Pipeline\\Pipeline.php(170): Illuminate\\Foundation\\Http\\Kernel->Illuminate\\Foundation\\Http\\{closure}(Object(Illuminate\\Http\\Request))
#30 C:\\Users\\PC\\Documents\\Capstone\\Capstone System\\kalawag_brgy_system\\vendor\\laravel\\framework\\src\\Illuminate\\Foundation\\Http\\Middleware\\TransformsRequest.php(21): Illuminate\\Pipeline\\Pipeline->Illuminate\\Pipeline\\{closure}(Object(Illuminate\\Http\\Request))
#31 C:\\Users\\PC\\Documents\\Capstone\\Capstone System\\kalawag_brgy_system\\vendor\\laravel\\framework\\src\\Illuminate\\Foundation\\Http\\Middleware\\ConvertEmptyStringsToNull.php(31): Illuminate\\Foundation\\Http\\Middleware\\TransformsRequest->handle(Object(Illuminate\\Http\\Request), Object(Closure))
#32 C:\\Users\\PC\\Documents\\Capstone\\Capstone System\\kalawag_brgy_system\\vendor\\laravel\\framework\\src\\Illuminate\\Pipeline\\Pipeline.php(209): Illuminate\\Foundation\\Http\\Middleware\\ConvertEmptyStringsToNull->handle(Object(Illuminate\\Http\\Request), Object(Closure))
#33 C:\\Users\\PC\\Documents\\Capstone\\Capstone System\\kalawag_brgy_system\\vendor\\laravel\\framework\\src\\Illuminate\\Foundation\\Http\\Middleware\\TransformsRequest.php(21): Illuminate\\Pipeline\\Pipeline->Illuminate\\Pipeline\\{closure}(Object(Illuminate\\Http\\Request))
#34 C:\\Users\\PC\\Documents\\Capstone\\Capstone System\\kalawag_brgy_system\\vendor\\laravel\\framework\\src\\Illuminate\\Foundation\\Http\\Middleware\\TrimStrings.php(51): Illuminate\\Foundation\\Http\\Middleware\\TransformsRequest->handle(Object(Illuminate\\Http\\Request), Object(Closure))
#35 C:\\Users\\PC\\Documents\\Capstone\\Capstone System\\kalawag_brgy_system\\vendor\\laravel\\framework\\src\\Illuminate\\Pipeline\\Pipeline.php(209): Illuminate\\Foundation\\Http\\Middleware\\TrimStrings->handle(Object(Illuminate\\Http\\Request), Object(Closure))
#36 C:\\Users\\PC\\Documents\\Capstone\\Capstone System\\kalawag_brgy_system\\vendor\\laravel\\framework\\src\\Illuminate\\Http\\Middleware\\ValidatePostSize.php(27): Illuminate\\Pipeline\\Pipeline->Illuminate\\Pipeline\\{closure}(Object(Illuminate\\Http\\Request))
#37 C:\\Users\\PC\\Documents\\Capstone\\Capstone System\\kalawag_brgy_system\\vendor\\laravel\\framework\\src\\Illuminate\\Pipeline\\Pipeline.php(209): Illuminate\\Http\\Middleware\\ValidatePostSize->handle(Object(Illuminate\\Http\\Request), Object(Closure))
#38 C:\\Users\\PC\\Documents\\Capstone\\Capstone System\\kalawag_brgy_system\\vendor\\laravel\\framework\\src\\Illuminate\\Foundation\\Http\\Middleware\\PreventRequestsDuringMaintenance.php(110): Illuminate\\Pipeline\\Pipeline->Illuminate\\Pipeline\\{closure}(Object(Illuminate\\Http\\Request))
#39 C:\\Users\\PC\\Documents\\Capstone\\Capstone System\\kalawag_brgy_system\\vendor\\laravel\\framework\\src\\Illuminate\\Pipeline\\Pipeline.php(209): Illuminate\\Foundation\\Http\\Middleware\\PreventRequestsDuringMaintenance->handle(Object(Illuminate\\Http\\Request), Object(Closure))
#40 C:\\Users\\PC\\Documents\\Capstone\\Capstone System\\kalawag_brgy_system\\vendor\\laravel\\framework\\src\\Illuminate\\Http\\Middleware\\HandleCors.php(49): Illuminate\\Pipeline\\Pipeline->Illuminate\\Pipeline\\{closure}(Object(Illuminate\\Http\\Request))
#41 C:\\Users\\PC\\Documents\\Capstone\\Capstone System\\kalawag_brgy_system\\vendor\\laravel\\framework\\src\\Illuminate\\Pipeline\\Pipeline.php(209): Illuminate\\Http\\Middleware\\HandleCors->handle(Object(Illuminate\\Http\\Request), Object(Closure))
#42 C:\\Users\\PC\\Documents\\Capstone\\Capstone System\\kalawag_brgy_system\\vendor\\laravel\\framework\\src\\Illuminate\\Http\\Middleware\\TrustProxies.php(58): Illuminate\\Pipeline\\Pipeline->Illuminate\\Pipeline\\{closure}(Object(Illuminate\\Http\\Request))
#43 C:\\Users\\PC\\Documents\\Capstone\\Capstone System\\kalawag_brgy_system\\vendor\\laravel\\framework\\src\\Illuminate\\Pipeline\\Pipeline.php(209): Illuminate\\Http\\Middleware\\TrustProxies->handle(Object(Illuminate\\Http\\Request), Object(Closure))
#44 C:\\Users\\PC\\Documents\\Capstone\\Capstone System\\kalawag_brgy_system\\vendor\\laravel\\framework\\src\\Illuminate\\Foundation\\Http\\Middleware\\InvokeDeferredCallbacks.php(22): Illuminate\\Pipeline\\Pipeline->Illuminate\\Pipeline\\{closure}(Object(Illuminate\\Http\\Request))
#45 C:\\Users\\PC\\Documents\\Capstone\\Capstone System\\kalawag_brgy_system\\vendor\\laravel\\framework\\src\\Illuminate\\Pipeline\\Pipeline.php(209): Illuminate\\Foundation\\Http\\Middleware\\InvokeDeferredCallbacks->handle(Object(Illuminate\\Http\\Request), Object(Closure))
#46 C:\\Users\\PC\\Documents\\Capstone\\Capstone System\\kalawag_brgy_system\\vendor\\laravel\\framework\\src\\Illuminate\\Pipeline\\Pipeline.php(127): Illuminate\\Pipeline\\Pipeline->Illuminate\\Pipeline\\{closure}(Object(Illuminate\\Http\\Request))
#47 C:\\Users\\PC\\Documents\\Capstone\\Capstone System\\kalawag_brgy_system\\vendor\\laravel\\framework\\src\\Illuminate\\Foundation\\Http\\Kernel.php(176): Illuminate\\Pipeline\\Pipeline->then(Object(Closure))
#48 C:\\Users\\PC\\Documents\\Capstone\\Capstone System\\kalawag_brgy_system\\vendor\\laravel\\framework\\src\\Illuminate\\Foundation\\Http\\Kernel.php(145): Illuminate\\Foundation\\Http\\Kernel->sendRequestThroughRouter(Object(Illuminate\\Http\\Request))
#49 C:\\Users\\PC\\Documents\\Capstone\\Capstone System\\kalawag_brgy_system\\vendor\\laravel\\framework\\src\\Illuminate\\Foundation\\Application.php(1220): Illuminate\\Foundation\\Http\\Kernel->handle(Object(Illuminate\\Http\\Request))
#50 C:\\Users\\PC\\Documents\\Capstone\\Capstone System\\kalawag_brgy_system\\public\\index.php(20): Illuminate\\Foundation\\Application->handleRequest(Object(Illuminate\\Http\\Request))
#51 C:\\Users\\PC\\Documents\\Capstone\\Capstone System\\kalawag_brgy_system\\vendor\\laravel\\framework\\src\\Illuminate\\Foundation\\resources\\server.php(23): require_once('C:\\\\Users\\\\PC\\\\Doc...')
#52 {main}
"} 
[2025-11-05 16:08:21] local.INFO: PurokLeaderMiddleware - User check {"user_id":2,"user_role":"purok_president","purok_id":3,"allowed_roles":["purok_leader","purok_president"]} 
[2025-11-05 16:08:24] local.INFO: PurokLeaderMiddleware - User check {"user_id":2,"user_role":"purok_president","purok_id":3,"allowed_roles":["purok_leader","purok_president"]} 
[2025-11-05 16:08:27] local.INFO: PurokLeaderMiddleware - User check {"user_id":2,"user_role":"purok_president","purok_id":3,"allowed_roles":["purok_leader","purok_president"]} 
[2025-11-05 16:08:30] local.INFO: PurokLeaderMiddleware - User check {"user_id":2,"user_role":"purok_president","purok_id":3,"allowed_roles":["purok_leader","purok_president"]} 
[2025-11-05 16:08:33] local.INFO: PurokLeaderMiddleware - User check {"user_id":2,"user_role":"purok_president","purok_id":3,"allowed_roles":["purok_leader","purok_president"]} 
[2025-11-05 16:08:35] local.INFO: PurokLeaderMiddleware - User check {"user_id":2,"user_role":"purok_president","purok_id":3,"allowed_roles":["purok_leader","purok_president"]} 
[2025-11-05 16:08:37] local.INFO: PurokLeaderMiddleware - User check {"user_id":2,"user_role":"purok_president","purok_id":3,"allowed_roles":["purok_leader","purok_president"]} 
