[2026-02-21 08:34:12] local.ERROR: Error in CheckForPendingFeedback: SQLSTATE[42S22]: Column not found: 1054 Unknown column 'resolved_at' in 'order clause' (Connection: mysql, SQL: select * from `incident_reports` where `user_id` = 1 and `status` = resolved and `feedback_skipped` = 0 and `feedback_submitted_at` is null and `feedback_dismissed_at` is null order by `resolved_at` desc limit 1)  
[2026-02-21 08:49:19] local.DEBUG: CheckRole: Checking access {"user_id":1,"user_role":"barangay_captain","allowed_roles":["barangay_captain","admin","barangay_kagawad"],"path":"admin/users"} 
[2026-02-21 08:49:25] local.DEBUG: CheckRole: Checking access {"user_id":1,"user_role":"barangay_captain","allowed_roles":["barangay_captain","admin","barangay_kagawad"],"path":"admin/users/22"} 
[2026-02-21 08:49:29] local.DEBUG: CheckRole: Checking access {"user_id":1,"user_role":"barangay_captain","allowed_roles":["barangay_captain","admin","barangay_kagawad"],"path":"admin/users/22/edit"} 
[2026-02-21 08:49:33] local.DEBUG: CheckRole: Checking access {"user_id":1,"user_role":"barangay_captain","allowed_roles":["barangay_captain","admin","barangay_kagawad"],"path":"admin/users"} 
[2026-02-21 08:49:55] local.DEBUG: CheckRole: Checking access {"user_id":1,"user_role":"barangay_captain","allowed_roles":["barangay_captain","admin","barangay_kagawad"],"path":"admin/users"} 
[2026-02-21 08:50:01] local.DEBUG: CheckRole: Checking access {"user_id":1,"user_role":"barangay_captain","allowed_roles":["barangay_captain","admin","barangay_kagawad"],"path":"admin/users"} 
[2026-02-21 08:50:07] local.DEBUG: CheckRole: Checking access {"user_id":1,"user_role":"barangay_captain","allowed_roles":["barangay_captain","admin","barangay_kagawad"],"path":"admin/users"} 
[2026-02-21 08:50:21] local.DEBUG: CheckRole: Checking access {"user_id":1,"user_role":"barangay_captain","allowed_roles":["barangay_captain","admin","barangay_kagawad"],"path":"admin/users/26"} 
[2026-02-21 08:50:33] local.DEBUG: CheckRole: Checking access {"user_id":1,"user_role":"barangay_captain","allowed_roles":["barangay_captain","admin","barangay_kagawad"],"path":"admin/users"} 
[2026-02-21 08:50:39] local.DEBUG: CheckRole: Checking access {"user_id":1,"user_role":"barangay_captain","allowed_roles":["barangay_captain","admin","barangay_kagawad"],"path":"admin/users"} 
[2026-02-21 08:51:00] local.DEBUG: CheckRole: Checking access {"user_id":1,"user_role":"barangay_captain","allowed_roles":["barangay_captain","admin","barangay_kagawad"],"path":"admin/users"} 
[2026-02-21 08:51:13] local.DEBUG: CheckRole: Checking access {"user_id":1,"user_role":"barangay_captain","allowed_roles":["barangay_captain","admin","barangay_kagawad"],"path":"admin/users"} 
[2026-02-21 08:51:16] local.DEBUG: CheckRole: Checking access {"user_id":1,"user_role":"barangay_captain","allowed_roles":["barangay_captain","barangay_kagawad","secretary","purok_leader","admin"],"path":"reports/purok-clearance"} 
[2026-02-21 08:51:29] local.DEBUG: CheckRole: Checking access {"user_id":1,"user_role":"barangay_captain","allowed_roles":["barangay_captain","admin","barangay_kagawad"],"path":"admin/users"} 
[2026-02-21 08:51:49] local.DEBUG: CheckRole: Checking access {"user_id":1,"user_role":"barangay_captain","allowed_roles":["barangay_captain","barangay_kagawad","secretary","purok_leader","admin"],"path":"reports/purok-clearance"} 
[2026-02-21 08:52:01] local.DEBUG: CheckRole: Checking access {"user_id":1,"user_role":"barangay_captain","allowed_roles":["barangay_captain","barangay_kagawad","secretary","admin"],"path":"reports/incident-reports"} 
[2026-02-21 08:52:14] local.DEBUG: CheckRole: Checking access {"user_id":1,"user_role":"barangay_captain","allowed_roles":["barangay_captain","admin","barangay_kagawad"],"path":"admin/users"} 
[2026-02-21 08:52:30] local.DEBUG: CheckRole: Checking access {"user_id":1,"user_role":"barangay_captain","allowed_roles":["barangay_captain","admin","barangay_kagawad"],"path":"admin/users"} 
[2026-02-21 08:52:48] local.DEBUG: CheckRole: Checking access {"user_id":1,"user_role":"barangay_captain","allowed_roles":["barangay_captain","admin","barangay_kagawad"],"path":"admin/users"} 
[2026-02-21 08:53:16] local.DEBUG: CheckRole: Checking access {"user_id":1,"user_role":"barangay_captain","allowed_roles":["barangay_captain","admin","barangay_kagawad"],"path":"admin/users"} 
[2026-02-21 08:53:22] local.DEBUG: CheckRole: Checking access {"user_id":1,"user_role":"barangay_captain","allowed_roles":["barangay_captain","admin","barangay_kagawad"],"path":"admin/users"} 
[2026-02-21 08:53:36] local.DEBUG: CheckRole: Checking access {"user_id":1,"user_role":"barangay_captain","allowed_roles":["barangay_captain","admin","barangay_kagawad"],"path":"admin/users/26"} 
[2026-02-21 08:53:53] local.DEBUG: CheckRole: Checking access {"user_id":1,"user_role":"barangay_captain","allowed_roles":["barangay_captain","barangay_kagawad","secretary","admin"],"path":"reports/residents"} 
[2026-02-21 08:54:28] local.DEBUG: CheckRole: Checking access {"user_id":1,"user_role":"barangay_captain","allowed_roles":["barangay_captain","admin","barangay_kagawad"],"path":"admin/users"} 
[2026-02-21 08:54:32] local.DEBUG: CheckRole: Checking access {"user_id":1,"user_role":"barangay_captain","allowed_roles":["barangay_captain","barangay_kagawad","secretary","purok_leader","admin"],"path":"reports/purok-clearance"} 
[2026-02-21 08:56:07] local.DEBUG: CheckRole: Checking access {"user_id":1,"user_role":"barangay_captain","allowed_roles":["barangay_captain","barangay_kagawad","secretary","purok_leader","admin"],"path":"reports/purok-clearance"} 
[2026-02-21 08:57:48] local.DEBUG: CheckRole: Checking access {"user_id":1,"user_role":"barangay_captain","allowed_roles":["barangay_captain","barangay_kagawad","secretary","purok_leader","admin"],"path":"reports/purok-clearance"} 
[2026-02-21 08:58:11] local.DEBUG: CheckRole: Checking access {"user_id":1,"user_role":"barangay_captain","allowed_roles":["secretary","barangay_captain","barangay_kagawad","admin"],"path":"official/requests/6/document"} 
[2026-02-21 08:59:33] local.DEBUG: CheckRole: Checking access {"user_id":1,"user_role":"barangay_captain","allowed_roles":["barangay_captain","barangay_kagawad","secretary","purok_leader","admin"],"path":"reports/purok-clearance"} 
[2026-02-21 09:00:08] local.DEBUG: CheckRole: Checking access {"user_id":1,"user_role":"barangay_captain","allowed_roles":["barangay_captain","barangay_kagawad","secretary","admin"],"path":"reports/incident-reports"} 
[2026-02-21 09:00:35] local.DEBUG: CheckRole: Checking access {"user_id":1,"user_role":"barangay_captain","allowed_roles":["barangay_captain","barangay_kagawad","secretary","admin"],"path":"reports/incident-reports"} 
[2026-02-21 09:00:43] local.DEBUG: CheckRole: Checking access {"user_id":1,"user_role":"barangay_captain","allowed_roles":["barangay_captain","admin","barangay_kagawad"],"path":"admin/users"} 
[2026-02-21 09:00:54] local.DEBUG: CheckRole: Checking access {"user_id":1,"user_role":"barangay_captain","allowed_roles":["barangay_captain","barangay_kagawad","secretary","purok_leader","admin"],"path":"reports/purok-clearance"} 
[2026-02-21 09:01:12] local.DEBUG: CheckRole: Checking access {"user_id":1,"user_role":"barangay_captain","allowed_roles":["barangay_captain","admin"],"path":"captain/secretaries"} 
[2026-02-21 09:04:49] local.DEBUG: CheckRole: Checking access {"user_id":1,"user_role":"barangay_captain","allowed_roles":["barangay_captain","barangay_kagawad","secretary","purok_leader","admin"],"path":"reports/purok-clearance"} 
[2026-02-21 09:04:51] local.DEBUG: CheckRole: Checking access {"user_id":1,"user_role":"barangay_captain","allowed_roles":["barangay_captain","admin"],"path":"captain/secretaries"} 
[2026-02-21 09:10:12] local.DEBUG: CheckRole: Checking access {"user_id":1,"user_role":"barangay_captain","allowed_roles":["barangay_captain","barangay_kagawad","secretary","purok_leader","admin"],"path":"reports/purok-clearance"} 
[2026-02-21 09:10:15] local.DEBUG: CheckRole: Checking access {"user_id":1,"user_role":"barangay_captain","allowed_roles":["barangay_captain","barangay_kagawad","secretary","purok_leader","admin"],"path":"reports/purok-clearance"} 
[2026-02-21 09:10:15] local.DEBUG: CheckRole: Checking access {"user_id":1,"user_role":"barangay_captain","allowed_roles":["barangay_captain","admin"],"path":"captain/secretaries"} 
[2026-02-21 09:10:28] local.DEBUG: CheckRole: Checking access {"user_id":1,"user_role":"barangay_captain","allowed_roles":["barangay_captain","admin"],"path":"captain/secretaries"} 
[2026-02-21 09:10:36] local.DEBUG: CheckRole: Checking access {"user_id":1,"user_role":"barangay_captain","allowed_roles":["barangay_captain","barangay_kagawad","secretary","purok_leader","admin"],"path":"reports/purok-clearance"} 
[2026-02-21 09:10:38] local.DEBUG: CheckRole: Checking access {"user_id":1,"user_role":"barangay_captain","allowed_roles":["barangay_captain","admin"],"path":"captain/secretaries"} 
[2026-02-21 09:10:47] local.DEBUG: CheckRole: Checking access {"user_id":1,"user_role":"barangay_captain","allowed_roles":["barangay_captain","barangay_kagawad","secretary","purok_leader","admin"],"path":"reports/purok-clearance"} 
[2026-02-21 09:11:04] local.DEBUG: CheckRole: Checking access {"user_id":1,"user_role":"barangay_captain","allowed_roles":["barangay_captain","barangay_kagawad","secretary","admin"],"path":"reports/incident-reports"} 
[2026-02-21 09:11:13] local.DEBUG: CheckRole: Checking access {"user_id":1,"user_role":"barangay_captain","allowed_roles":["barangay_captain","barangay_kagawad","secretary","admin"],"path":"reports/incident-reports"} 
[2026-02-21 09:11:41] local.DEBUG: CheckRole: Checking access {"user_id":1,"user_role":"barangay_captain","allowed_roles":["barangay_captain","barangay_kagawad","secretary","admin"],"path":"reports/incident-reports"} 
