[2026-01-28 09:13:29] local.ERROR: Error in CheckForPendingFeedback: SQLSTATE[42S22]: Column not found: 1054 Unknown column 'feedback_dismissed_at' in 'where clause' (Connection: mysql, SQL: select * from `requests` where `user_id` = 1 and `status` in (barangay_approved, completed) and `feedback_provided_at` is null and `feedback_skipped` = 0 and `feedback_dismissed_at` is null order by `updated_at` desc limit 1)  
[2026-01-28 09:13:37] local.INFO: PurokLeaderMiddleware - User check {"user_id":2,"user_role":"purok_president","purok_id":3,"allowed_roles":["purok_leader","purok_president"]} 
[2026-01-28 09:14:39] local.INFO: PurokLeaderMiddleware - User check {"user_id":2,"user_role":"purok_president","purok_id":3,"allowed_roles":["purok_leader","purok_president"]} 
[2026-01-28 09:14:49] local.DEBUG: RequestPolicy@view - Authorization Check {"user_id":1,"user_role":"resident","request_user_id":1,"request_status":"pending","is_requester":true,"is_purok_leader":false,"same_purok":true,"is_barangay_official":false,"user_purok_id":3,"request_purok_id":3} 
[2026-01-28 09:14:49] local.DEBUG: RequestPolicy@view - User object {"id":1,"name":"Edison Laurico","first_name":"Edison","middle_name":"Dordas","last_name":"Laurico","suffix":null,"birth_date":"2005-06-22T16:00:00.000000Z","gender":"male","civil_status":"single","nationality":null,"occupation":"Student","house_number":null,"street":null,"contact_number":"09569555022","date_of_birth":null,"place_of_birth":null,"sex":null,"address":"Gallego Street, Kalawag 2, Isulan, Sultan Kudarat","email":"edisonlaurico18@gmail.com","email_verified_at":"2025-11-06T10:44:52.000000Z","role":"resident","is_approved":true,"is_dummy":0,"approved_at":"2025-06-10T08:41:28.000000Z","approved_by":2,"rejected_at":null,"rejected_by":null,"rejection_reason":null,"purok_id":3,"created_at":"2025-06-10T06:28:07.000000Z","updated_at":"2025-11-06T10:44:52.000000Z"} 
[2026-01-28 09:14:49] local.DEBUG: RequestPolicy@view - Request object {"id":24,"user_id":1,"purok_id":3,"purok_leader_id":null,"contact_number":"09569555022","email":"edisonlaurico18@gmail.com","birth_date":"2005-06-22T16:00:00.000000Z","gender":"male","civil_status":"single","occupation":"Student","address":null,"form_type":"business_clearance","valid_id_front_path":"storage/ids/id_1_front_1769562872.jpeg","valid_id_back_path":"storage/ids/id_1_back_1769562874.jpeg","valid_id_path":null,"purpose":"For creating a new business","status":"pending","incident_type":"other","remarks":null,"updated_at":"2026-01-28T01:14:34.000000Z","last_viewed_at":null,"created_at":"2026-01-28T01:14:34.000000Z","rejected_at":null,"rejected_by":null,"rejection_reason":null,"purok_approved_at":null,"purok_approved_by":null,"purok_notes":null,"purok_private_notes":null,"barangay_approved_at":null,"barangay_approved_by":null,"barangay_rejected_at":null,"barangay_rejected_by":null,"barangay_notes":null,"barangay_rejection_reason":null,"document_path":null,"document_generated_at":null,"feedback_requested_at":null,"feedback_provided_at":null,"feedback_skipped":0} 
[2026-01-28 09:14:49] local.DEBUG: RequestPolicy@view - Allowed: User is the requester  
[2026-01-28 09:14:56] local.INFO: PurokLeaderMiddleware - User check {"user_id":2,"user_role":"purok_president","purok_id":3,"allowed_roles":["purok_leader","purok_president"]} 
[2026-01-28 09:15:00] local.DEBUG: RequestPolicy@view - Authorization Check {"user_id":2,"user_role":"purok_president","request_user_id":1,"request_status":"pending","is_requester":false,"is_purok_leader":true,"same_purok":true,"is_barangay_official":false,"user_purok_id":3,"request_purok_id":3} 
[2026-01-28 09:15:00] local.DEBUG: RequestPolicy@view - User object {"id":2,"name":"Mark Laurence Tomagan","first_name":"Mark Laurence","middle_name":"Hubiera","last_name":"Tomagan","suffix":null,"birth_date":"2007-05-29T16:00:00.000000Z","gender":"male","civil_status":"married","nationality":null,"occupation":"Student","house_number":null,"street":null,"contact_number":"09569555028","date_of_birth":null,"place_of_birth":null,"sex":null,"address":"Sambrano Street, ISK","email":"mark@gmail.com","email_verified_at":null,"role":"purok_president","is_approved":false,"is_dummy":0,"approved_at":null,"approved_by":null,"rejected_at":null,"rejected_by":null,"rejection_reason":null,"purok_id":3,"created_at":"2025-06-10T06:29:58.000000Z","updated_at":"2025-06-10T06:30:47.000000Z"} 
[2026-01-28 09:15:00] local.DEBUG: RequestPolicy@view - Request object {"id":24,"user_id":1,"purok_id":3,"purok_leader_id":null,"contact_number":"09569555022","email":"edisonlaurico18@gmail.com","birth_date":"2005-06-22T16:00:00.000000Z","gender":"male","civil_status":"single","occupation":"Student","address":null,"form_type":"business_clearance","valid_id_front_path":"storage/ids/id_1_front_1769562872.jpeg","valid_id_back_path":"storage/ids/id_1_back_1769562874.jpeg","valid_id_path":null,"purpose":"For creating a new business","status":"pending","incident_type":"other","remarks":null,"updated_at":"2026-01-28T01:14:34.000000Z","last_viewed_at":"2026-01-28T01:14:49.000000Z","created_at":"2026-01-28T01:14:34.000000Z","rejected_at":null,"rejected_by":null,"rejection_reason":null,"purok_approved_at":null,"purok_approved_by":null,"purok_notes":null,"purok_private_notes":null,"barangay_approved_at":null,"barangay_approved_by":null,"barangay_rejected_at":null,"barangay_rejected_by":null,"barangay_notes":null,"barangay_rejection_reason":null,"document_path":null,"document_generated_at":null,"feedback_requested_at":null,"feedback_provided_at":null,"feedback_skipped":0} 
[2026-01-28 09:15:00] local.DEBUG: RequestPolicy@view - Allowed: User is purok leader/president for this purok  
[2026-01-28 09:15:06] local.INFO: PurokLeaderMiddleware - User check {"user_id":2,"user_role":"purok_president","purok_id":3,"allowed_roles":["purok_leader","purok_president"]} 
[2026-01-28 09:15:27] local.INFO: PurokLeaderMiddleware - User check {"user_id":2,"user_role":"purok_president","purok_id":3,"allowed_roles":["purok_leader","purok_president"]} 
[2026-01-28 09:15:40] local.DEBUG: RequestPolicy@view - Authorization Check {"user_id":1,"user_role":"resident","request_user_id":1,"request_status":"purok_approved","is_requester":true,"is_purok_leader":false,"same_purok":true,"is_barangay_official":false,"user_purok_id":3,"request_purok_id":3} 
[2026-01-28 09:15:40] local.DEBUG: RequestPolicy@view - User object {"id":1,"name":"Edison Laurico","first_name":"Edison","middle_name":"Dordas","last_name":"Laurico","suffix":null,"birth_date":"2005-06-22T16:00:00.000000Z","gender":"male","civil_status":"single","nationality":null,"occupation":"Student","house_number":null,"street":null,"contact_number":"09569555022","date_of_birth":null,"place_of_birth":null,"sex":null,"address":"Gallego Street, Kalawag 2, Isulan, Sultan Kudarat","email":"edisonlaurico18@gmail.com","email_verified_at":"2025-11-06T10:44:52.000000Z","role":"resident","is_approved":true,"is_dummy":0,"approved_at":"2025-06-10T08:41:28.000000Z","approved_by":2,"rejected_at":null,"rejected_by":null,"rejection_reason":null,"purok_id":3,"created_at":"2025-06-10T06:28:07.000000Z","updated_at":"2025-11-06T10:44:52.000000Z"} 
[2026-01-28 09:15:40] local.DEBUG: RequestPolicy@view - Request object {"id":24,"user_id":1,"purok_id":3,"purok_leader_id":null,"contact_number":"09569555022","email":"edisonlaurico18@gmail.com","birth_date":"2005-06-22T16:00:00.000000Z","gender":"male","civil_status":"single","occupation":"Student","address":null,"form_type":"business_clearance","valid_id_front_path":"storage/ids/id_1_front_1769562872.jpeg","valid_id_back_path":"storage/ids/id_1_back_1769562874.jpeg","valid_id_path":null,"purpose":"For creating a new business","status":"purok_approved","incident_type":"other","remarks":null,"updated_at":"2026-01-28T01:15:06.000000Z","last_viewed_at":"2026-01-28T01:14:49.000000Z","created_at":"2026-01-28T01:14:34.000000Z","rejected_at":null,"rejected_by":null,"rejection_reason":null,"purok_approved_at":"2026-01-28T01:15:06.000000Z","purok_approved_by":2,"purok_notes":null,"purok_private_notes":null,"barangay_approved_at":null,"barangay_approved_by":null,"barangay_rejected_at":null,"barangay_rejected_by":null,"barangay_notes":null,"barangay_rejection_reason":null,"document_path":null,"document_generated_at":null,"feedback_requested_at":null,"feedback_provided_at":null,"feedback_skipped":0} 
[2026-01-28 09:15:40] local.DEBUG: RequestPolicy@view - Allowed: User is the requester  
[2026-01-28 09:16:04] local.INFO: PurokLeaderMiddleware - User check {"user_id":2,"user_role":"purok_president","purok_id":3,"allowed_roles":["purok_leader","purok_president"]} 
[2026-01-28 09:16:35] local.ERROR: Error in CheckForPendingFeedback: SQLSTATE[42S22]: Column not found: 1054 Unknown column 'feedback_dismissed_at' in 'where clause' (Connection: mysql, SQL: select * from `requests` where `user_id` = 8 and `status` in (barangay_approved, completed) and `feedback_provided_at` is null and `feedback_skipped` = 0 and `feedback_dismissed_at` is null order by `updated_at` desc limit 1)  
[2026-01-28 09:16:44] local.DEBUG: BarangayApprovalController@index - Starting {"user_id":8,"user_role":"barangay_kagawad","can_barangay_actions":true,"request_query":{"status":"completed"}} 
[2026-01-28 09:16:44] local.DEBUG: BarangayApprovalController@index - Data loaded {"requests_count":10,"puroks_count":18,"selected_purok":null} 
[2026-01-28 09:17:04] local.DEBUG: BarangayApprovalController@show - Starting {"user_id":8,"user_role":"barangay_kagawad","request_id":"15"} 
[2026-01-28 09:17:04] local.DEBUG: BarangayApprovalController@show - Basic request loaded {"request_id":15,"status":"barangay_approved","purok_id":3,"purok_approved_by":2,"barangay_approved_by":8} 
[2026-01-28 09:17:04] local.DEBUG: RequestPolicy@view - Authorization Check {"user_id":8,"user_role":"barangay_kagawad","request_user_id":1,"request_status":"barangay_approved","is_requester":false,"is_purok_leader":false,"same_purok":false,"is_barangay_official":true,"user_purok_id":15,"request_purok_id":3} 
[2026-01-28 09:17:04] local.DEBUG: RequestPolicy@view - User object {"id":8,"name":"joshua Luffy","first_name":"Joshua","middle_name":"D","last_name":"Luffy","suffix":null,"birth_date":"2007-05-29T16:00:00.000000Z","gender":"male","civil_status":"single","nationality":null,"occupation":"Professor","house_number":null,"street":null,"contact_number":"09569555012","date_of_birth":null,"place_of_birth":null,"sex":null,"address":"Testing","email":"joshua@gmail.com","email_verified_at":null,"role":"barangay_kagawad","is_approved":true,"is_dummy":0,"approved_at":"2025-06-11T06:16:09.000000Z","approved_by":7,"rejected_at":null,"rejected_by":null,"rejection_reason":null,"purok_id":15,"created_at":"2025-06-11T06:14:49.000000Z","updated_at":"2025-07-14T11:01:05.000000Z"} 
[2026-01-28 09:17:04] local.DEBUG: RequestPolicy@view - Request object {"id":15,"user_id":1,"purok_id":3,"status":"barangay_approved","form_type":"barangay_clearance","purpose":"asdasdcc","purok_notes":"Kwaa lang dri mga 2pm early. May kadtuan ko mga 3pm.","valid_id_front_path":"storage/ids/id_1_front_1761534740.jpeg","valid_id_back_path":"storage/ids/id_1_back_1761534740.jpeg","created_at":"2025-10-27T03:12:20.000000Z","purok_approved_by":2,"barangay_approved_by":8,"barangay_rejected_at":null,"barangay_rejection_reason":null} 
[2026-01-28 09:17:04] local.DEBUG: RequestPolicy@view - Allowed: User is barangay official or admin  
[2026-01-28 09:17:04] local.DEBUG: BarangayApprovalController@show - Request with relationships loaded {"user_loaded":true,"purok_loaded":true,"purok_approver_loaded":true,"barangay_approver_loaded":true,"purok_leader_loaded":true,"purok_leader":{"id":24,"name":"Ramon P. Bautista","role":"purok_president","purok_id":3}} 
[2026-01-28 09:17:04] local.INFO: BarangayApprovalController@show - Request accessed {"user_id":8,"user_role":"barangay_kagawad","request_id":"15","status":"barangay_approved","purok_id":3} 
[2026-01-28 09:17:09] local.DEBUG: BarangayApprovalController@index - Starting {"user_id":8,"user_role":"barangay_kagawad","can_barangay_actions":true,"request_query":{"status":"completed"}} 
[2026-01-28 09:17:09] local.DEBUG: BarangayApprovalController@index - Data loaded {"requests_count":10,"puroks_count":18,"selected_purok":null} 
[2026-01-28 09:31:06] local.INFO: PurokLeaderMiddleware - User check {"user_id":2,"user_role":"purok_president","purok_id":3,"allowed_roles":["purok_leader","purok_president"]} 
[2026-01-28 09:34:31] local.ERROR: Error in CheckForPendingFeedback: SQLSTATE[42S22]: Column not found: 1054 Unknown column 'feedback_dismissed_at' in 'where clause' (Connection: mysql, SQL: select * from `requests` where `user_id` = 8 and `status` in (barangay_approved, completed) and `feedback_provided_at` is null and `feedback_skipped` = 0 and `feedback_dismissed_at` is null order by `updated_at` desc limit 1)  
[2026-01-28 09:38:30] local.DEBUG: CheckRole: Checking access {"user_id":8,"user_role":"barangay_kagawad","allowed_roles":["barangay_captain","barangay_kagawad","secretary","admin"],"path":"reports/residents"} 
[2026-01-28 09:39:37] local.DEBUG: CheckRole: Checking access {"user_id":8,"user_role":"barangay_kagawad","allowed_roles":["barangay_captain","barangay_kagawad","secretary","admin"],"path":"reports/residents"} 
[2026-01-28 09:40:54] local.ERROR: Error in CheckForPendingFeedback: SQLSTATE[42S22]: Column not found: 1054 Unknown column 'feedback_dismissed_at' in 'where clause' (Connection: mysql, SQL: select * from `requests` where `user_id` = 12 and `status` in (barangay_approved, completed) and `feedback_provided_at` is null and `feedback_skipped` = 0 and `feedback_dismissed_at` is null order by `updated_at` desc limit 1)  
[2026-01-28 09:45:57] local.DEBUG: CheckRole: Checking access {"user_id":8,"user_role":"barangay_kagawad","allowed_roles":["barangay_captain","barangay_kagawad","secretary","admin"],"path":"reports/residents"} 
[2026-01-28 09:47:09] local.DEBUG: CheckRole: Checking access {"user_id":8,"user_role":"barangay_kagawad","allowed_roles":["barangay_captain","barangay_kagawad","secretary","admin"],"path":"reports/residents/259"} 
[2026-01-28 09:47:17] local.DEBUG: CheckRole: Checking access {"user_id":8,"user_role":"barangay_kagawad","allowed_roles":["barangay_captain","barangay_kagawad","secretary","admin"],"path":"reports/residents"} 
[2026-01-28 09:47:22] local.DEBUG: CheckRole: Checking access {"user_id":8,"user_role":"barangay_kagawad","allowed_roles":["barangay_captain","barangay_kagawad","secretary","admin"],"path":"reports/residents/259"} 
[2026-01-28 09:50:50] local.DEBUG: CheckRole: Checking access {"user_id":8,"user_role":"barangay_kagawad","allowed_roles":["barangay_captain","barangay_kagawad","secretary","admin"],"path":"reports/residents"} 
[2026-01-28 09:55:08] local.DEBUG: CheckRole: Checking access {"user_id":8,"user_role":"barangay_kagawad","allowed_roles":["barangay_captain","barangay_kagawad","secretary","admin"],"path":"reports/purok-leaders"} 
[2026-01-28 09:55:11] local.DEBUG: CheckRole: Checking access {"user_id":8,"user_role":"barangay_kagawad","allowed_roles":["barangay_captain","barangay_kagawad","secretary","admin"],"path":"reports/purok-leaders/29"} 
[2026-01-28 09:55:27] local.DEBUG: CheckRole: Checking access {"user_id":8,"user_role":"barangay_kagawad","allowed_roles":["barangay_captain","barangay_kagawad","secretary","admin"],"path":"reports/purok-leaders"} 
[2026-01-28 09:55:51] local.DEBUG: RequestPolicy@view - Authorization Check {"user_id":8,"user_role":"barangay_kagawad","request_user_id":1,"request_status":"purok_approved","is_requester":false,"is_purok_leader":false,"same_purok":false,"is_barangay_official":true,"user_purok_id":15,"request_purok_id":3} 
[2026-01-28 09:55:51] local.DEBUG: RequestPolicy@view - User object {"id":8,"name":"joshua Luffy","first_name":"Joshua","middle_name":"D","last_name":"Luffy","suffix":null,"birth_date":"2007-05-29T16:00:00.000000Z","gender":"male","civil_status":"single","nationality":null,"occupation":"Professor","house_number":null,"street":null,"contact_number":"09569555012","date_of_birth":null,"place_of_birth":null,"sex":null,"address":"Testing","email":"joshua@gmail.com","email_verified_at":null,"role":"barangay_kagawad","is_approved":true,"is_dummy":0,"approved_at":"2025-06-11T06:16:09.000000Z","approved_by":7,"rejected_at":null,"rejected_by":null,"rejection_reason":null,"purok_id":15,"created_at":"2025-06-11T06:14:49.000000Z","updated_at":"2025-07-14T11:01:05.000000Z"} 
[2026-01-28 09:55:51] local.DEBUG: RequestPolicy@view - Request object {"id":24,"user_id":1,"purok_id":3,"purok_leader_id":null,"contact_number":"09569555022","email":"edisonlaurico18@gmail.com","birth_date":"2005-06-22T16:00:00.000000Z","gender":"male","civil_status":"single","occupation":"Student","address":null,"form_type":"business_clearance","valid_id_front_path":"storage/ids/id_1_front_1769562872.jpeg","valid_id_back_path":"storage/ids/id_1_back_1769562874.jpeg","valid_id_path":null,"purpose":"For creating a new business","status":"purok_approved","incident_type":"other","remarks":null,"updated_at":"2026-01-28T01:15:06.000000Z","last_viewed_at":"2026-01-28T01:15:40.000000Z","created_at":"2026-01-28T01:14:34.000000Z","rejected_at":null,"rejected_by":null,"rejection_reason":null,"purok_approved_at":"2026-01-28T01:15:06.000000Z","purok_approved_by":2,"purok_notes":null,"purok_private_notes":null,"barangay_approved_at":null,"barangay_approved_by":null,"barangay_rejected_at":null,"barangay_rejected_by":null,"barangay_notes":null,"barangay_rejection_reason":null,"document_path":null,"document_generated_at":null,"feedback_requested_at":null,"feedback_provided_at":null,"feedback_skipped":0} 
[2026-01-28 09:55:51] local.DEBUG: RequestPolicy@view - Allowed: User is barangay official or admin  
[2026-01-28 10:01:55] local.ERROR: Error in CheckForPendingFeedback: SQLSTATE[42S22]: Column not found: 1054 Unknown column 'feedback_dismissed_at' in 'where clause' (Connection: mysql, SQL: select * from `requests` where `user_id` = 1 and `status` in (barangay_approved, completed) and `feedback_provided_at` is null and `feedback_skipped` = 0 and `feedback_dismissed_at` is null order by `updated_at` desc limit 1)  
[2026-01-28 10:14:53] local.ERROR: Call to undefined method App\Http\Controllers\GeocodingController::reverse() {"userId":1,"exception":"[object] (Error(code: 0): Call to undefined method App\\Http\\Controllers\\GeocodingController::reverse() at C:\\Users\\PC\\Documents\\Capstone\\Capstone System\\kalawag_brgy_system\\vendor\\laravel\\framework\\src\\Illuminate\\Routing\\ControllerDispatcher.php:47)
[stacktrace]
#0 C:\\Users\\PC\\Documents\\Capstone\\Capstone System\\kalawag_brgy_system\\vendor\\laravel\\framework\\src\\Illuminate\\Routing\\Route.php(266): Illuminate\\Routing\\ControllerDispatcher->dispatch(Object(Illuminate\\Routing\\Route), Object(App\\Http\\Controllers\\GeocodingController), 'reverse')
#1 C:\\Users\\PC\\Documents\\Capstone\\Capstone System\\kalawag_brgy_system\\vendor\\laravel\\framework\\src\\Illuminate\\Routing\\Route.php(212): Illuminate\\Routing\\Route->runController()
#2 C:\\Users\\PC\\Documents\\Capstone\\Capstone System\\kalawag_brgy_system\\vendor\\laravel\\framework\\src\\Illuminate\\Routing\\Router.php(808): Illuminate\\Routing\\Route->run()
#3 C:\\Users\\PC\\Documents\\Capstone\\Capstone System\\kalawag_brgy_system\\vendor\\laravel\\framework\\src\\Illuminate\\Pipeline\\Pipeline.php(170): Illuminate\\Routing\\Router->Illuminate\\Routing\\{closure}(Object(Illuminate\\Http\\Request))
#4 C:\\Users\\PC\\Documents\\Capstone\\Capstone System\\kalawag_brgy_system\\app\\Http\\Middleware\\CheckForPendingFeedback.php(39): Illuminate\\Pipeline\\Pipeline->Illuminate\\Pipeline\\{closure}(Object(Illuminate\\Http\\Request))
#5 C:\\Users\\PC\\Documents\\Capstone\\Capstone System\\kalawag_brgy_system\\vendor\\laravel\\framework\\src\\Illuminate\\Pipeline\\Pipeline.php(209): App\\Http\\Middleware\\CheckForPendingFeedback->handle(Object(Illuminate\\Http\\Request), Object(Closure))
#6 C:\\Users\\PC\\Documents\\Capstone\\Capstone System\\kalawag_brgy_system\\app\\Http\\Middleware\\CheckFeedbackEligibility.php(57): Illuminate\\Pipeline\\Pipeline->Illuminate\\Pipeline\\{closure}(Object(Illuminate\\Http\\Request))
#7 C:\\Users\\PC\\Documents\\Capstone\\Capstone System\\kalawag_brgy_system\\vendor\\laravel\\framework\\src\\Illuminate\\Pipeline\\Pipeline.php(209): App\\Http\\Middleware\\CheckFeedbackEligibility->handle(Object(Illuminate\\Http\\Request), Object(Closure))
#8 C:\\Users\\PC\\Documents\\Capstone\\Capstone System\\kalawag_brgy_system\\vendor\\laravel\\framework\\src\\Illuminate\\Routing\\Middleware\\SubstituteBindings.php(51): Illuminate\\Pipeline\\Pipeline->Illuminate\\Pipeline\\{closure}(Object(Illuminate\\Http\\Request))
#9 C:\\Users\\PC\\Documents\\Capstone\\Capstone System\\kalawag_brgy_system\\vendor\\laravel\\framework\\src\\Illuminate\\Pipeline\\Pipeline.php(209): Illuminate\\Routing\\Middleware\\SubstituteBindings->handle(Object(Illuminate\\Http\\Request), Object(Closure))
#10 C:\\Users\\PC\\Documents\\Capstone\\Capstone System\\kalawag_brgy_system\\vendor\\laravel\\framework\\src\\Illuminate\\Auth\\Middleware\\Authenticate.php(64): Illuminate\\Pipeline\\Pipeline->Illuminate\\Pipeline\\{closure}(Object(Illuminate\\Http\\Request))
#11 C:\\Users\\PC\\Documents\\Capstone\\Capstone System\\kalawag_brgy_system\\vendor\\laravel\\framework\\src\\Illuminate\\Pipeline\\Pipeline.php(209): Illuminate\\Auth\\Middleware\\Authenticate->handle(Object(Illuminate\\Http\\Request), Object(Closure))
#12 C:\\Users\\PC\\Documents\\Capstone\\Capstone System\\kalawag_brgy_system\\vendor\\laravel\\framework\\src\\Illuminate\\Foundation\\Http\\Middleware\\VerifyCsrfToken.php(88): Illuminate\\Pipeline\\Pipeline->Illuminate\\Pipeline\\{closure}(Object(Illuminate\\Http\\Request))
#13 C:\\Users\\PC\\Documents\\Capstone\\Capstone System\\kalawag_brgy_system\\vendor\\laravel\\framework\\src\\Illuminate\\Pipeline\\Pipeline.php(209): Illuminate\\Foundation\\Http\\Middleware\\VerifyCsrfToken->handle(Object(Illuminate\\Http\\Request), Object(Closure))
#14 C:\\Users\\PC\\Documents\\Capstone\\Capstone System\\kalawag_brgy_system\\vendor\\laravel\\framework\\src\\Illuminate\\View\\Middleware\\ShareErrorsFromSession.php(49): Illuminate\\Pipeline\\Pipeline->Illuminate\\Pipeline\\{closure}(Object(Illuminate\\Http\\Request))
#15 C:\\Users\\PC\\Documents\\Capstone\\Capstone System\\kalawag_brgy_system\\vendor\\laravel\\framework\\src\\Illuminate\\Pipeline\\Pipeline.php(209): Illuminate\\View\\Middleware\\ShareErrorsFromSession->handle(Object(Illuminate\\Http\\Request), Object(Closure))
#16 C:\\Users\\PC\\Documents\\Capstone\\Capstone System\\kalawag_brgy_system\\vendor\\laravel\\framework\\src\\Illuminate\\Session\\Middleware\\StartSession.php(121): Illuminate\\Pipeline\\Pipeline->Illuminate\\Pipeline\\{closure}(Object(Illuminate\\Http\\Request))
#17 C:\\Users\\PC\\Documents\\Capstone\\Capstone System\\kalawag_brgy_system\\vendor\\laravel\\framework\\src\\Illuminate\\Session\\Middleware\\StartSession.php(64): Illuminate\\Session\\Middleware\\StartSession->handleStatefulRequest(Object(Illuminate\\Http\\Request), Object(Illuminate\\Session\\Store), Object(Closure))
#18 C:\\Users\\PC\\Documents\\Capstone\\Capstone System\\kalawag_brgy_system\\vendor\\laravel\\framework\\src\\Illuminate\\Pipeline\\Pipeline.php(209): Illuminate\\Session\\Middleware\\StartSession->handle(Object(Illuminate\\Http\\Request), Object(Closure))
#19 C:\\Users\\PC\\Documents\\Capstone\\Capstone System\\kalawag_brgy_system\\vendor\\laravel\\framework\\src\\Illuminate\\Cookie\\Middleware\\AddQueuedCookiesToResponse.php(37): Illuminate\\Pipeline\\Pipeline->Illuminate\\Pipeline\\{closure}(Object(Illuminate\\Http\\Request))
#20 C:\\Users\\PC\\Documents\\Capstone\\Capstone System\\kalawag_brgy_system\\vendor\\laravel\\framework\\src\\Illuminate\\Pipeline\\Pipeline.php(209): Illuminate\\Cookie\\Middleware\\AddQueuedCookiesToResponse->handle(Object(Illuminate\\Http\\Request), Object(Closure))
#21 C:\\Users\\PC\\Documents\\Capstone\\Capstone System\\kalawag_brgy_system\\vendor\\laravel\\framework\\src\\Illuminate\\Cookie\\Middleware\\EncryptCookies.php(75): Illuminate\\Pipeline\\Pipeline->Illuminate\\Pipeline\\{closure}(Object(Illuminate\\Http\\Request))
#22 C:\\Users\\PC\\Documents\\Capstone\\Capstone System\\kalawag_brgy_system\\vendor\\laravel\\framework\\src\\Illuminate\\Pipeline\\Pipeline.php(209): Illuminate\\Cookie\\Middleware\\EncryptCookies->handle(Object(Illuminate\\Http\\Request), Object(Closure))
#23 C:\\Users\\PC\\Documents\\Capstone\\Capstone System\\kalawag_brgy_system\\vendor\\laravel\\framework\\src\\Illuminate\\Pipeline\\Pipeline.php(127): Illuminate\\Pipeline\\Pipeline->Illuminate\\Pipeline\\{closure}(Object(Illuminate\\Http\\Request))
#24 C:\\Users\\PC\\Documents\\Capstone\\Capstone System\\kalawag_brgy_system\\vendor\\laravel\\framework\\src\\Illuminate\\Routing\\Router.php(807): Illuminate\\Pipeline\\Pipeline->then(Object(Closure))
#25 C:\\Users\\PC\\Documents\\Capstone\\Capstone System\\kalawag_brgy_system\\vendor\\laravel\\framework\\src\\Illuminate\\Routing\\Router.php(786): Illuminate\\Routing\\Router->runRouteWithinStack(Object(Illuminate\\Routing\\Route), Object(Illuminate\\Http\\Request))
#26 C:\\Users\\PC\\Documents\\Capstone\\Capstone System\\kalawag_brgy_system\\vendor\\laravel\\framework\\src\\Illuminate\\Routing\\Router.php(750): Illuminate\\Routing\\Router->runRoute(Object(Illuminate\\Http\\Request), Object(Illuminate\\Routing\\Route))
#27 C:\\Users\\PC\\Documents\\Capstone\\Capstone System\\kalawag_brgy_system\\vendor\\laravel\\framework\\src\\Illuminate\\Routing\\Router.php(739): Illuminate\\Routing\\Router->dispatchToRoute(Object(Illuminate\\Http\\Request))
#28 C:\\Users\\PC\\Documents\\Capstone\\Capstone System\\kalawag_brgy_system\\vendor\\laravel\\framework\\src\\Illuminate\\Foundation\\Http\\Kernel.php(201): Illuminate\\Routing\\Router->dispatch(Object(Illuminate\\Http\\Request))
#29 C:\\Users\\PC\\Documents\\Capstone\\Capstone System\\kalawag_brgy_system\\vendor\\laravel\\framework\\src\\Illuminate\\Pipeline\\Pipeline.php(170): Illuminate\\Foundation\\Http\\Kernel->Illuminate\\Foundation\\Http\\{closure}(Object(Illuminate\\Http\\Request))
#30 C:\\Users\\PC\\Documents\\Capstone\\Capstone System\\kalawag_brgy_system\\vendor\\laravel\\framework\\src\\Illuminate\\Foundation\\Http\\Middleware\\TransformsRequest.php(21): Illuminate\\Pipeline\\Pipeline->Illuminate\\Pipeline\\{closure}(Object(Illuminate\\Http\\Request))
#31 C:\\Users\\PC\\Documents\\Capstone\\Capstone System\\kalawag_brgy_system\\vendor\\laravel\\framework\\src\\Illuminate\\Foundation\\Http\\Middleware\\ConvertEmptyStringsToNull.php(31): Illuminate\\Foundation\\Http\\Middleware\\TransformsRequest->handle(Object(Illuminate\\Http\\Request), Object(Closure))
#32 C:\\Users\\PC\\Documents\\Capstone\\Capstone System\\kalawag_brgy_system\\vendor\\laravel\\framework\\src\\Illuminate\\Pipeline\\Pipeline.php(209): Illuminate\\Foundation\\Http\\Middleware\\ConvertEmptyStringsToNull->handle(Object(Illuminate\\Http\\Request), Object(Closure))
#33 C:\\Users\\PC\\Documents\\Capstone\\Capstone System\\kalawag_brgy_system\\vendor\\laravel\\framework\\src\\Illuminate\\Foundation\\Http\\Middleware\\TransformsRequest.php(21): Illuminate\\Pipeline\\Pipeline->Illuminate\\Pipeline\\{closure}(Object(Illuminate\\Http\\Request))
#34 C:\\Users\\PC\\Documents\\Capstone\\Capstone System\\kalawag_brgy_system\\vendor\\laravel\\framework\\src\\Illuminate\\Foundation\\Http\\Middleware\\TrimStrings.php(51): Illuminate\\Foundation\\Http\\Middleware\\TransformsRequest->handle(Object(Illuminate\\Http\\Request), Object(Closure))
#35 C:\\Users\\PC\\Documents\\Capstone\\Capstone System\\kalawag_brgy_system\\vendor\\laravel\\framework\\src\\Illuminate\\Pipeline\\Pipeline.php(209): Illuminate\\Foundation\\Http\\Middleware\\TrimStrings->handle(Object(Illuminate\\Http\\Request), Object(Closure))
#36 C:\\Users\\PC\\Documents\\Capstone\\Capstone System\\kalawag_brgy_system\\vendor\\laravel\\framework\\src\\Illuminate\\Http\\Middleware\\ValidatePostSize.php(27): Illuminate\\Pipeline\\Pipeline->Illuminate\\Pipeline\\{closure}(Object(Illuminate\\Http\\Request))
#37 C:\\Users\\PC\\Documents\\Capstone\\Capstone System\\kalawag_brgy_system\\vendor\\laravel\\framework\\src\\Illuminate\\Pipeline\\Pipeline.php(209): Illuminate\\Http\\Middleware\\ValidatePostSize->handle(Object(Illuminate\\Http\\Request), Object(Closure))
#38 C:\\Users\\PC\\Documents\\Capstone\\Capstone System\\kalawag_brgy_system\\vendor\\laravel\\framework\\src\\Illuminate\\Foundation\\Http\\Middleware\\PreventRequestsDuringMaintenance.php(110): Illuminate\\Pipeline\\Pipeline->Illuminate\\Pipeline\\{closure}(Object(Illuminate\\Http\\Request))
#39 C:\\Users\\PC\\Documents\\Capstone\\Capstone System\\kalawag_brgy_system\\vendor\\laravel\\framework\\src\\Illuminate\\Pipeline\\Pipeline.php(209): Illuminate\\Foundation\\Http\\Middleware\\PreventRequestsDuringMaintenance->handle(Object(Illuminate\\Http\\Request), Object(Closure))
#40 C:\\Users\\PC\\Documents\\Capstone\\Capstone System\\kalawag_brgy_system\\vendor\\laravel\\framework\\src\\Illuminate\\Http\\Middleware\\HandleCors.php(49): Illuminate\\Pipeline\\Pipeline->Illuminate\\Pipeline\\{closure}(Object(Illuminate\\Http\\Request))
#41 C:\\Users\\PC\\Documents\\Capstone\\Capstone System\\kalawag_brgy_system\\vendor\\laravel\\framework\\src\\Illuminate\\Pipeline\\Pipeline.php(209): Illuminate\\Http\\Middleware\\HandleCors->handle(Object(Illuminate\\Http\\Request), Object(Closure))
#42 C:\\Users\\PC\\Documents\\Capstone\\Capstone System\\kalawag_brgy_system\\vendor\\laravel\\framework\\src\\Illuminate\\Http\\Middleware\\TrustProxies.php(58): Illuminate\\Pipeline\\Pipeline->Illuminate\\Pipeline\\{closure}(Object(Illuminate\\Http\\Request))
#43 C:\\Users\\PC\\Documents\\Capstone\\Capstone System\\kalawag_brgy_system\\vendor\\laravel\\framework\\src\\Illuminate\\Pipeline\\Pipeline.php(209): Illuminate\\Http\\Middleware\\TrustProxies->handle(Object(Illuminate\\Http\\Request), Object(Closure))
#44 C:\\Users\\PC\\Documents\\Capstone\\Capstone System\\kalawag_brgy_system\\vendor\\laravel\\framework\\src\\Illuminate\\Foundation\\Http\\Middleware\\InvokeDeferredCallbacks.php(22): Illuminate\\Pipeline\\Pipeline->Illuminate\\Pipeline\\{closure}(Object(Illuminate\\Http\\Request))
#45 C:\\Users\\PC\\Documents\\Capstone\\Capstone System\\kalawag_brgy_system\\vendor\\laravel\\framework\\src\\Illuminate\\Pipeline\\Pipeline.php(209): Illuminate\\Foundation\\Http\\Middleware\\InvokeDeferredCallbacks->handle(Object(Illuminate\\Http\\Request), Object(Closure))
#46 C:\\Users\\PC\\Documents\\Capstone\\Capstone System\\kalawag_brgy_system\\vendor\\laravel\\framework\\src\\Illuminate\\Pipeline\\Pipeline.php(127): Illuminate\\Pipeline\\Pipeline->Illuminate\\Pipeline\\{closure}(Object(Illuminate\\Http\\Request))
#47 C:\\Users\\PC\\Documents\\Capstone\\Capstone System\\kalawag_brgy_system\\vendor\\laravel\\framework\\src\\Illuminate\\Foundation\\Http\\Kernel.php(176): Illuminate\\Pipeline\\Pipeline->then(Object(Closure))
#48 C:\\Users\\PC\\Documents\\Capstone\\Capstone System\\kalawag_brgy_system\\vendor\\laravel\\framework\\src\\Illuminate\\Foundation\\Http\\Kernel.php(145): Illuminate\\Foundation\\Http\\Kernel->sendRequestThroughRouter(Object(Illuminate\\Http\\Request))
#49 C:\\Users\\PC\\Documents\\Capstone\\Capstone System\\kalawag_brgy_system\\vendor\\laravel\\framework\\src\\Illuminate\\Foundation\\Application.php(1220): Illuminate\\Foundation\\Http\\Kernel->handle(Object(Illuminate\\Http\\Request))
#50 C:\\Users\\PC\\Documents\\Capstone\\Capstone System\\kalawag_brgy_system\\public\\index.php(20): Illuminate\\Foundation\\Application->handleRequest(Object(Illuminate\\Http\\Request))
#51 C:\\Users\\PC\\Documents\\Capstone\\Capstone System\\kalawag_brgy_system\\vendor\\laravel\\framework\\src\\Illuminate\\Foundation\\resources\\server.php(23): require_once('C:\\\\Users\\\\PC\\\\Doc...')
#52 {main}
"} 
[2026-01-28 10:15:15] local.ERROR: Call to undefined method App\Http\Controllers\GeocodingController::reverse() {"userId":1,"exception":"[object] (Error(code: 0): Call to undefined method App\\Http\\Controllers\\GeocodingController::reverse() at C:\\Users\\PC\\Documents\\Capstone\\Capstone System\\kalawag_brgy_system\\vendor\\laravel\\framework\\src\\Illuminate\\Routing\\ControllerDispatcher.php:47)
[stacktrace]
#0 C:\\Users\\PC\\Documents\\Capstone\\Capstone System\\kalawag_brgy_system\\vendor\\laravel\\framework\\src\\Illuminate\\Routing\\Route.php(266): Illuminate\\Routing\\ControllerDispatcher->dispatch(Object(Illuminate\\Routing\\Route), Object(App\\Http\\Controllers\\GeocodingController), 'reverse')
#1 C:\\Users\\PC\\Documents\\Capstone\\Capstone System\\kalawag_brgy_system\\vendor\\laravel\\framework\\src\\Illuminate\\Routing\\Route.php(212): Illuminate\\Routing\\Route->runController()
#2 C:\\Users\\PC\\Documents\\Capstone\\Capstone System\\kalawag_brgy_system\\vendor\\laravel\\framework\\src\\Illuminate\\Routing\\Router.php(808): Illuminate\\Routing\\Route->run()
#3 C:\\Users\\PC\\Documents\\Capstone\\Capstone System\\kalawag_brgy_system\\vendor\\laravel\\framework\\src\\Illuminate\\Pipeline\\Pipeline.php(170): Illuminate\\Routing\\Router->Illuminate\\Routing\\{closure}(Object(Illuminate\\Http\\Request))
#4 C:\\Users\\PC\\Documents\\Capstone\\Capstone System\\kalawag_brgy_system\\app\\Http\\Middleware\\CheckForPendingFeedback.php(39): Illuminate\\Pipeline\\Pipeline->Illuminate\\Pipeline\\{closure}(Object(Illuminate\\Http\\Request))
#5 C:\\Users\\PC\\Documents\\Capstone\\Capstone System\\kalawag_brgy_system\\vendor\\laravel\\framework\\src\\Illuminate\\Pipeline\\Pipeline.php(209): App\\Http\\Middleware\\CheckForPendingFeedback->handle(Object(Illuminate\\Http\\Request), Object(Closure))
#6 C:\\Users\\PC\\Documents\\Capstone\\Capstone System\\kalawag_brgy_system\\app\\Http\\Middleware\\CheckFeedbackEligibility.php(57): Illuminate\\Pipeline\\Pipeline->Illuminate\\Pipeline\\{closure}(Object(Illuminate\\Http\\Request))
#7 C:\\Users\\PC\\Documents\\Capstone\\Capstone System\\kalawag_brgy_system\\vendor\\laravel\\framework\\src\\Illuminate\\Pipeline\\Pipeline.php(209): App\\Http\\Middleware\\CheckFeedbackEligibility->handle(Object(Illuminate\\Http\\Request), Object(Closure))
#8 C:\\Users\\PC\\Documents\\Capstone\\Capstone System\\kalawag_brgy_system\\vendor\\laravel\\framework\\src\\Illuminate\\Routing\\Middleware\\SubstituteBindings.php(51): Illuminate\\Pipeline\\Pipeline->Illuminate\\Pipeline\\{closure}(Object(Illuminate\\Http\\Request))
#9 C:\\Users\\PC\\Documents\\Capstone\\Capstone System\\kalawag_brgy_system\\vendor\\laravel\\framework\\src\\Illuminate\\Pipeline\\Pipeline.php(209): Illuminate\\Routing\\Middleware\\SubstituteBindings->handle(Object(Illuminate\\Http\\Request), Object(Closure))
#10 C:\\Users\\PC\\Documents\\Capstone\\Capstone System\\kalawag_brgy_system\\vendor\\laravel\\framework\\src\\Illuminate\\Auth\\Middleware\\Authenticate.php(64): Illuminate\\Pipeline\\Pipeline->Illuminate\\Pipeline\\{closure}(Object(Illuminate\\Http\\Request))
#11 C:\\Users\\PC\\Documents\\Capstone\\Capstone System\\kalawag_brgy_system\\vendor\\laravel\\framework\\src\\Illuminate\\Pipeline\\Pipeline.php(209): Illuminate\\Auth\\Middleware\\Authenticate->handle(Object(Illuminate\\Http\\Request), Object(Closure))
#12 C:\\Users\\PC\\Documents\\Capstone\\Capstone System\\kalawag_brgy_system\\vendor\\laravel\\framework\\src\\Illuminate\\Foundation\\Http\\Middleware\\VerifyCsrfToken.php(88): Illuminate\\Pipeline\\Pipeline->Illuminate\\Pipeline\\{closure}(Object(Illuminate\\Http\\Request))
#13 C:\\Users\\PC\\Documents\\Capstone\\Capstone System\\kalawag_brgy_system\\vendor\\laravel\\framework\\src\\Illuminate\\Pipeline\\Pipeline.php(209): Illuminate\\Foundation\\Http\\Middleware\\VerifyCsrfToken->handle(Object(Illuminate\\Http\\Request), Object(Closure))
#14 C:\\Users\\PC\\Documents\\Capstone\\Capstone System\\kalawag_brgy_system\\vendor\\laravel\\framework\\src\\Illuminate\\View\\Middleware\\ShareErrorsFromSession.php(49): Illuminate\\Pipeline\\Pipeline->Illuminate\\Pipeline\\{closure}(Object(Illuminate\\Http\\Request))
#15 C:\\Users\\PC\\Documents\\Capstone\\Capstone System\\kalawag_brgy_system\\vendor\\laravel\\framework\\src\\Illuminate\\Pipeline\\Pipeline.php(209): Illuminate\\View\\Middleware\\ShareErrorsFromSession->handle(Object(Illuminate\\Http\\Request), Object(Closure))
#16 C:\\Users\\PC\\Documents\\Capstone\\Capstone System\\kalawag_brgy_system\\vendor\\laravel\\framework\\src\\Illuminate\\Session\\Middleware\\StartSession.php(121): Illuminate\\Pipeline\\Pipeline->Illuminate\\Pipeline\\{closure}(Object(Illuminate\\Http\\Request))
#17 C:\\Users\\PC\\Documents\\Capstone\\Capstone System\\kalawag_brgy_system\\vendor\\laravel\\framework\\src\\Illuminate\\Session\\Middleware\\StartSession.php(64): Illuminate\\Session\\Middleware\\StartSession->handleStatefulRequest(Object(Illuminate\\Http\\Request), Object(Illuminate\\Session\\Store), Object(Closure))
#18 C:\\Users\\PC\\Documents\\Capstone\\Capstone System\\kalawag_brgy_system\\vendor\\laravel\\framework\\src\\Illuminate\\Pipeline\\Pipeline.php(209): Illuminate\\Session\\Middleware\\StartSession->handle(Object(Illuminate\\Http\\Request), Object(Closure))
#19 C:\\Users\\PC\\Documents\\Capstone\\Capstone System\\kalawag_brgy_system\\vendor\\laravel\\framework\\src\\Illuminate\\Cookie\\Middleware\\AddQueuedCookiesToResponse.php(37): Illuminate\\Pipeline\\Pipeline->Illuminate\\Pipeline\\{closure}(Object(Illuminate\\Http\\Request))
#20 C:\\Users\\PC\\Documents\\Capstone\\Capstone System\\kalawag_brgy_system\\vendor\\laravel\\framework\\src\\Illuminate\\Pipeline\\Pipeline.php(209): Illuminate\\Cookie\\Middleware\\AddQueuedCookiesToResponse->handle(Object(Illuminate\\Http\\Request), Object(Closure))
#21 C:\\Users\\PC\\Documents\\Capstone\\Capstone System\\kalawag_brgy_system\\vendor\\laravel\\framework\\src\\Illuminate\\Cookie\\Middleware\\EncryptCookies.php(75): Illuminate\\Pipeline\\Pipeline->Illuminate\\Pipeline\\{closure}(Object(Illuminate\\Http\\Request))
#22 C:\\Users\\PC\\Documents\\Capstone\\Capstone System\\kalawag_brgy_system\\vendor\\laravel\\framework\\src\\Illuminate\\Pipeline\\Pipeline.php(209): Illuminate\\Cookie\\Middleware\\EncryptCookies->handle(Object(Illuminate\\Http\\Request), Object(Closure))
#23 C:\\Users\\PC\\Documents\\Capstone\\Capstone System\\kalawag_brgy_system\\vendor\\laravel\\framework\\src\\Illuminate\\Pipeline\\Pipeline.php(127): Illuminate\\Pipeline\\Pipeline->Illuminate\\Pipeline\\{closure}(Object(Illuminate\\Http\\Request))
#24 C:\\Users\\PC\\Documents\\Capstone\\Capstone System\\kalawag_brgy_system\\vendor\\laravel\\framework\\src\\Illuminate\\Routing\\Router.php(807): Illuminate\\Pipeline\\Pipeline->then(Object(Closure))
#25 C:\\Users\\PC\\Documents\\Capstone\\Capstone System\\kalawag_brgy_system\\vendor\\laravel\\framework\\src\\Illuminate\\Routing\\Router.php(786): Illuminate\\Routing\\Router->runRouteWithinStack(Object(Illuminate\\Routing\\Route), Object(Illuminate\\Http\\Request))
#26 C:\\Users\\PC\\Documents\\Capstone\\Capstone System\\kalawag_brgy_system\\vendor\\laravel\\framework\\src\\Illuminate\\Routing\\Router.php(750): Illuminate\\Routing\\Router->runRoute(Object(Illuminate\\Http\\Request), Object(Illuminate\\Routing\\Route))
#27 C:\\Users\\PC\\Documents\\Capstone\\Capstone System\\kalawag_brgy_system\\vendor\\laravel\\framework\\src\\Illuminate\\Routing\\Router.php(739): Illuminate\\Routing\\Router->dispatchToRoute(Object(Illuminate\\Http\\Request))
#28 C:\\Users\\PC\\Documents\\Capstone\\Capstone System\\kalawag_brgy_system\\vendor\\laravel\\framework\\src\\Illuminate\\Foundation\\Http\\Kernel.php(201): Illuminate\\Routing\\Router->dispatch(Object(Illuminate\\Http\\Request))
#29 C:\\Users\\PC\\Documents\\Capstone\\Capstone System\\kalawag_brgy_system\\vendor\\laravel\\framework\\src\\Illuminate\\Pipeline\\Pipeline.php(170): Illuminate\\Foundation\\Http\\Kernel->Illuminate\\Foundation\\Http\\{closure}(Object(Illuminate\\Http\\Request))
#30 C:\\Users\\PC\\Documents\\Capstone\\Capstone System\\kalawag_brgy_system\\vendor\\laravel\\framework\\src\\Illuminate\\Foundation\\Http\\Middleware\\TransformsRequest.php(21): Illuminate\\Pipeline\\Pipeline->Illuminate\\Pipeline\\{closure}(Object(Illuminate\\Http\\Request))
#31 C:\\Users\\PC\\Documents\\Capstone\\Capstone System\\kalawag_brgy_system\\vendor\\laravel\\framework\\src\\Illuminate\\Foundation\\Http\\Middleware\\ConvertEmptyStringsToNull.php(31): Illuminate\\Foundation\\Http\\Middleware\\TransformsRequest->handle(Object(Illuminate\\Http\\Request), Object(Closure))
#32 C:\\Users\\PC\\Documents\\Capstone\\Capstone System\\kalawag_brgy_system\\vendor\\laravel\\framework\\src\\Illuminate\\Pipeline\\Pipeline.php(209): Illuminate\\Foundation\\Http\\Middleware\\ConvertEmptyStringsToNull->handle(Object(Illuminate\\Http\\Request), Object(Closure))
#33 C:\\Users\\PC\\Documents\\Capstone\\Capstone System\\kalawag_brgy_system\\vendor\\laravel\\framework\\src\\Illuminate\\Foundation\\Http\\Middleware\\TransformsRequest.php(21): Illuminate\\Pipeline\\Pipeline->Illuminate\\Pipeline\\{closure}(Object(Illuminate\\Http\\Request))
#34 C:\\Users\\PC\\Documents\\Capstone\\Capstone System\\kalawag_brgy_system\\vendor\\laravel\\framework\\src\\Illuminate\\Foundation\\Http\\Middleware\\TrimStrings.php(51): Illuminate\\Foundation\\Http\\Middleware\\TransformsRequest->handle(Object(Illuminate\\Http\\Request), Object(Closure))
#35 C:\\Users\\PC\\Documents\\Capstone\\Capstone System\\kalawag_brgy_system\\vendor\\laravel\\framework\\src\\Illuminate\\Pipeline\\Pipeline.php(209): Illuminate\\Foundation\\Http\\Middleware\\TrimStrings->handle(Object(Illuminate\\Http\\Request), Object(Closure))
#36 C:\\Users\\PC\\Documents\\Capstone\\Capstone System\\kalawag_brgy_system\\vendor\\laravel\\framework\\src\\Illuminate\\Http\\Middleware\\ValidatePostSize.php(27): Illuminate\\Pipeline\\Pipeline->Illuminate\\Pipeline\\{closure}(Object(Illuminate\\Http\\Request))
#37 C:\\Users\\PC\\Documents\\Capstone\\Capstone System\\kalawag_brgy_system\\vendor\\laravel\\framework\\src\\Illuminate\\Pipeline\\Pipeline.php(209): Illuminate\\Http\\Middleware\\ValidatePostSize->handle(Object(Illuminate\\Http\\Request), Object(Closure))
#38 C:\\Users\\PC\\Documents\\Capstone\\Capstone System\\kalawag_brgy_system\\vendor\\laravel\\framework\\src\\Illuminate\\Foundation\\Http\\Middleware\\PreventRequestsDuringMaintenance.php(110): Illuminate\\Pipeline\\Pipeline->Illuminate\\Pipeline\\{closure}(Object(Illuminate\\Http\\Request))
#39 C:\\Users\\PC\\Documents\\Capstone\\Capstone System\\kalawag_brgy_system\\vendor\\laravel\\framework\\src\\Illuminate\\Pipeline\\Pipeline.php(209): Illuminate\\Foundation\\Http\\Middleware\\PreventRequestsDuringMaintenance->handle(Object(Illuminate\\Http\\Request), Object(Closure))
#40 C:\\Users\\PC\\Documents\\Capstone\\Capstone System\\kalawag_brgy_system\\vendor\\laravel\\framework\\src\\Illuminate\\Http\\Middleware\\HandleCors.php(49): Illuminate\\Pipeline\\Pipeline->Illuminate\\Pipeline\\{closure}(Object(Illuminate\\Http\\Request))
#41 C:\\Users\\PC\\Documents\\Capstone\\Capstone System\\kalawag_brgy_system\\vendor\\laravel\\framework\\src\\Illuminate\\Pipeline\\Pipeline.php(209): Illuminate\\Http\\Middleware\\HandleCors->handle(Object(Illuminate\\Http\\Request), Object(Closure))
#42 C:\\Users\\PC\\Documents\\Capstone\\Capstone System\\kalawag_brgy_system\\vendor\\laravel\\framework\\src\\Illuminate\\Http\\Middleware\\TrustProxies.php(58): Illuminate\\Pipeline\\Pipeline->Illuminate\\Pipeline\\{closure}(Object(Illuminate\\Http\\Request))
#43 C:\\Users\\PC\\Documents\\Capstone\\Capstone System\\kalawag_brgy_system\\vendor\\laravel\\framework\\src\\Illuminate\\Pipeline\\Pipeline.php(209): Illuminate\\Http\\Middleware\\TrustProxies->handle(Object(Illuminate\\Http\\Request), Object(Closure))
#44 C:\\Users\\PC\\Documents\\Capstone\\Capstone System\\kalawag_brgy_system\\vendor\\laravel\\framework\\src\\Illuminate\\Foundation\\Http\\Middleware\\InvokeDeferredCallbacks.php(22): Illuminate\\Pipeline\\Pipeline->Illuminate\\Pipeline\\{closure}(Object(Illuminate\\Http\\Request))
#45 C:\\Users\\PC\\Documents\\Capstone\\Capstone System\\kalawag_brgy_system\\vendor\\laravel\\framework\\src\\Illuminate\\Pipeline\\Pipeline.php(209): Illuminate\\Foundation\\Http\\Middleware\\InvokeDeferredCallbacks->handle(Object(Illuminate\\Http\\Request), Object(Closure))
#46 C:\\Users\\PC\\Documents\\Capstone\\Capstone System\\kalawag_brgy_system\\vendor\\laravel\\framework\\src\\Illuminate\\Pipeline\\Pipeline.php(127): Illuminate\\Pipeline\\Pipeline->Illuminate\\Pipeline\\{closure}(Object(Illuminate\\Http\\Request))
#47 C:\\Users\\PC\\Documents\\Capstone\\Capstone System\\kalawag_brgy_system\\vendor\\laravel\\framework\\src\\Illuminate\\Foundation\\Http\\Kernel.php(176): Illuminate\\Pipeline\\Pipeline->then(Object(Closure))
#48 C:\\Users\\PC\\Documents\\Capstone\\Capstone System\\kalawag_brgy_system\\vendor\\laravel\\framework\\src\\Illuminate\\Foundation\\Http\\Kernel.php(145): Illuminate\\Foundation\\Http\\Kernel->sendRequestThroughRouter(Object(Illuminate\\Http\\Request))
#49 C:\\Users\\PC\\Documents\\Capstone\\Capstone System\\kalawag_brgy_system\\vendor\\laravel\\framework\\src\\Illuminate\\Foundation\\Application.php(1220): Illuminate\\Foundation\\Http\\Kernel->handle(Object(Illuminate\\Http\\Request))
#50 C:\\Users\\PC\\Documents\\Capstone\\Capstone System\\kalawag_brgy_system\\public\\index.php(20): Illuminate\\Foundation\\Application->handleRequest(Object(Illuminate\\Http\\Request))
#51 C:\\Users\\PC\\Documents\\Capstone\\Capstone System\\kalawag_brgy_system\\vendor\\laravel\\framework\\src\\Illuminate\\Foundation\\resources\\server.php(23): require_once('C:\\\\Users\\\\PC\\\\Doc...')
#52 {main}
"} 
[2026-01-28 10:15:18] local.ERROR: Call to undefined method App\Http\Controllers\GeocodingController::reverse() {"userId":1,"exception":"[object] (Error(code: 0): Call to undefined method App\\Http\\Controllers\\GeocodingController::reverse() at C:\\Users\\PC\\Documents\\Capstone\\Capstone System\\kalawag_brgy_system\\vendor\\laravel\\framework\\src\\Illuminate\\Routing\\ControllerDispatcher.php:47)
[stacktrace]
#0 C:\\Users\\PC\\Documents\\Capstone\\Capstone System\\kalawag_brgy_system\\vendor\\laravel\\framework\\src\\Illuminate\\Routing\\Route.php(266): Illuminate\\Routing\\ControllerDispatcher->dispatch(Object(Illuminate\\Routing\\Route), Object(App\\Http\\Controllers\\GeocodingController), 'reverse')
#1 C:\\Users\\PC\\Documents\\Capstone\\Capstone System\\kalawag_brgy_system\\vendor\\laravel\\framework\\src\\Illuminate\\Routing\\Route.php(212): Illuminate\\Routing\\Route->runController()
#2 C:\\Users\\PC\\Documents\\Capstone\\Capstone System\\kalawag_brgy_system\\vendor\\laravel\\framework\\src\\Illuminate\\Routing\\Router.php(808): Illuminate\\Routing\\Route->run()
#3 C:\\Users\\PC\\Documents\\Capstone\\Capstone System\\kalawag_brgy_system\\vendor\\laravel\\framework\\src\\Illuminate\\Pipeline\\Pipeline.php(170): Illuminate\\Routing\\Router->Illuminate\\Routing\\{closure}(Object(Illuminate\\Http\\Request))
#4 C:\\Users\\PC\\Documents\\Capstone\\Capstone System\\kalawag_brgy_system\\app\\Http\\Middleware\\CheckForPendingFeedback.php(39): Illuminate\\Pipeline\\Pipeline->Illuminate\\Pipeline\\{closure}(Object(Illuminate\\Http\\Request))
#5 C:\\Users\\PC\\Documents\\Capstone\\Capstone System\\kalawag_brgy_system\\vendor\\laravel\\framework\\src\\Illuminate\\Pipeline\\Pipeline.php(209): App\\Http\\Middleware\\CheckForPendingFeedback->handle(Object(Illuminate\\Http\\Request), Object(Closure))
#6 C:\\Users\\PC\\Documents\\Capstone\\Capstone System\\kalawag_brgy_system\\app\\Http\\Middleware\\CheckFeedbackEligibility.php(57): Illuminate\\Pipeline\\Pipeline->Illuminate\\Pipeline\\{closure}(Object(Illuminate\\Http\\Request))
#7 C:\\Users\\PC\\Documents\\Capstone\\Capstone System\\kalawag_brgy_system\\vendor\\laravel\\framework\\src\\Illuminate\\Pipeline\\Pipeline.php(209): App\\Http\\Middleware\\CheckFeedbackEligibility->handle(Object(Illuminate\\Http\\Request), Object(Closure))
#8 C:\\Users\\PC\\Documents\\Capstone\\Capstone System\\kalawag_brgy_system\\vendor\\laravel\\framework\\src\\Illuminate\\Routing\\Middleware\\SubstituteBindings.php(51): Illuminate\\Pipeline\\Pipeline->Illuminate\\Pipeline\\{closure}(Object(Illuminate\\Http\\Request))
#9 C:\\Users\\PC\\Documents\\Capstone\\Capstone System\\kalawag_brgy_system\\vendor\\laravel\\framework\\src\\Illuminate\\Pipeline\\Pipeline.php(209): Illuminate\\Routing\\Middleware\\SubstituteBindings->handle(Object(Illuminate\\Http\\Request), Object(Closure))
#10 C:\\Users\\PC\\Documents\\Capstone\\Capstone System\\kalawag_brgy_system\\vendor\\laravel\\framework\\src\\Illuminate\\Auth\\Middleware\\Authenticate.php(64): Illuminate\\Pipeline\\Pipeline->Illuminate\\Pipeline\\{closure}(Object(Illuminate\\Http\\Request))
#11 C:\\Users\\PC\\Documents\\Capstone\\Capstone System\\kalawag_brgy_system\\vendor\\laravel\\framework\\src\\Illuminate\\Pipeline\\Pipeline.php(209): Illuminate\\Auth\\Middleware\\Authenticate->handle(Object(Illuminate\\Http\\Request), Object(Closure))
#12 C:\\Users\\PC\\Documents\\Capstone\\Capstone System\\kalawag_brgy_system\\vendor\\laravel\\framework\\src\\Illuminate\\Foundation\\Http\\Middleware\\VerifyCsrfToken.php(88): Illuminate\\Pipeline\\Pipeline->Illuminate\\Pipeline\\{closure}(Object(Illuminate\\Http\\Request))
#13 C:\\Users\\PC\\Documents\\Capstone\\Capstone System\\kalawag_brgy_system\\vendor\\laravel\\framework\\src\\Illuminate\\Pipeline\\Pipeline.php(209): Illuminate\\Foundation\\Http\\Middleware\\VerifyCsrfToken->handle(Object(Illuminate\\Http\\Request), Object(Closure))
#14 C:\\Users\\PC\\Documents\\Capstone\\Capstone System\\kalawag_brgy_system\\vendor\\laravel\\framework\\src\\Illuminate\\View\\Middleware\\ShareErrorsFromSession.php(49): Illuminate\\Pipeline\\Pipeline->Illuminate\\Pipeline\\{closure}(Object(Illuminate\\Http\\Request))
#15 C:\\Users\\PC\\Documents\\Capstone\\Capstone System\\kalawag_brgy_system\\vendor\\laravel\\framework\\src\\Illuminate\\Pipeline\\Pipeline.php(209): Illuminate\\View\\Middleware\\ShareErrorsFromSession->handle(Object(Illuminate\\Http\\Request), Object(Closure))
#16 C:\\Users\\PC\\Documents\\Capstone\\Capstone System\\kalawag_brgy_system\\vendor\\laravel\\framework\\src\\Illuminate\\Session\\Middleware\\StartSession.php(121): Illuminate\\Pipeline\\Pipeline->Illuminate\\Pipeline\\{closure}(Object(Illuminate\\Http\\Request))
#17 C:\\Users\\PC\\Documents\\Capstone\\Capstone System\\kalawag_brgy_system\\vendor\\laravel\\framework\\src\\Illuminate\\Session\\Middleware\\StartSession.php(64): Illuminate\\Session\\Middleware\\StartSession->handleStatefulRequest(Object(Illuminate\\Http\\Request), Object(Illuminate\\Session\\Store), Object(Closure))
#18 C:\\Users\\PC\\Documents\\Capstone\\Capstone System\\kalawag_brgy_system\\vendor\\laravel\\framework\\src\\Illuminate\\Pipeline\\Pipeline.php(209): Illuminate\\Session\\Middleware\\StartSession->handle(Object(Illuminate\\Http\\Request), Object(Closure))
#19 C:\\Users\\PC\\Documents\\Capstone\\Capstone System\\kalawag_brgy_system\\vendor\\laravel\\framework\\src\\Illuminate\\Cookie\\Middleware\\AddQueuedCookiesToResponse.php(37): Illuminate\\Pipeline\\Pipeline->Illuminate\\Pipeline\\{closure}(Object(Illuminate\\Http\\Request))
#20 C:\\Users\\PC\\Documents\\Capstone\\Capstone System\\kalawag_brgy_system\\vendor\\laravel\\framework\\src\\Illuminate\\Pipeline\\Pipeline.php(209): Illuminate\\Cookie\\Middleware\\AddQueuedCookiesToResponse->handle(Object(Illuminate\\Http\\Request), Object(Closure))
#21 C:\\Users\\PC\\Documents\\Capstone\\Capstone System\\kalawag_brgy_system\\vendor\\laravel\\framework\\src\\Illuminate\\Cookie\\Middleware\\EncryptCookies.php(75): Illuminate\\Pipeline\\Pipeline->Illuminate\\Pipeline\\{closure}(Object(Illuminate\\Http\\Request))
#22 C:\\Users\\PC\\Documents\\Capstone\\Capstone System\\kalawag_brgy_system\\vendor\\laravel\\framework\\src\\Illuminate\\Pipeline\\Pipeline.php(209): Illuminate\\Cookie\\Middleware\\EncryptCookies->handle(Object(Illuminate\\Http\\Request), Object(Closure))
#23 C:\\Users\\PC\\Documents\\Capstone\\Capstone System\\kalawag_brgy_system\\vendor\\laravel\\framework\\src\\Illuminate\\Pipeline\\Pipeline.php(127): Illuminate\\Pipeline\\Pipeline->Illuminate\\Pipeline\\{closure}(Object(Illuminate\\Http\\Request))
#24 C:\\Users\\PC\\Documents\\Capstone\\Capstone System\\kalawag_brgy_system\\vendor\\laravel\\framework\\src\\Illuminate\\Routing\\Router.php(807): Illuminate\\Pipeline\\Pipeline->then(Object(Closure))
#25 C:\\Users\\PC\\Documents\\Capstone\\Capstone System\\kalawag_brgy_system\\vendor\\laravel\\framework\\src\\Illuminate\\Routing\\Router.php(786): Illuminate\\Routing\\Router->runRouteWithinStack(Object(Illuminate\\Routing\\Route), Object(Illuminate\\Http\\Request))
#26 C:\\Users\\PC\\Documents\\Capstone\\Capstone System\\kalawag_brgy_system\\vendor\\laravel\\framework\\src\\Illuminate\\Routing\\Router.php(750): Illuminate\\Routing\\Router->runRoute(Object(Illuminate\\Http\\Request), Object(Illuminate\\Routing\\Route))
#27 C:\\Users\\PC\\Documents\\Capstone\\Capstone System\\kalawag_brgy_system\\vendor\\laravel\\framework\\src\\Illuminate\\Routing\\Router.php(739): Illuminate\\Routing\\Router->dispatchToRoute(Object(Illuminate\\Http\\Request))
#28 C:\\Users\\PC\\Documents\\Capstone\\Capstone System\\kalawag_brgy_system\\vendor\\laravel\\framework\\src\\Illuminate\\Foundation\\Http\\Kernel.php(201): Illuminate\\Routing\\Router->dispatch(Object(Illuminate\\Http\\Request))
#29 C:\\Users\\PC\\Documents\\Capstone\\Capstone System\\kalawag_brgy_system\\vendor\\laravel\\framework\\src\\Illuminate\\Pipeline\\Pipeline.php(170): Illuminate\\Foundation\\Http\\Kernel->Illuminate\\Foundation\\Http\\{closure}(Object(Illuminate\\Http\\Request))
#30 C:\\Users\\PC\\Documents\\Capstone\\Capstone System\\kalawag_brgy_system\\vendor\\laravel\\framework\\src\\Illuminate\\Foundation\\Http\\Middleware\\TransformsRequest.php(21): Illuminate\\Pipeline\\Pipeline->Illuminate\\Pipeline\\{closure}(Object(Illuminate\\Http\\Request))
#31 C:\\Users\\PC\\Documents\\Capstone\\Capstone System\\kalawag_brgy_system\\vendor\\laravel\\framework\\src\\Illuminate\\Foundation\\Http\\Middleware\\ConvertEmptyStringsToNull.php(31): Illuminate\\Foundation\\Http\\Middleware\\TransformsRequest->handle(Object(Illuminate\\Http\\Request), Object(Closure))
#32 C:\\Users\\PC\\Documents\\Capstone\\Capstone System\\kalawag_brgy_system\\vendor\\laravel\\framework\\src\\Illuminate\\Pipeline\\Pipeline.php(209): Illuminate\\Foundation\\Http\\Middleware\\ConvertEmptyStringsToNull->handle(Object(Illuminate\\Http\\Request), Object(Closure))
#33 C:\\Users\\PC\\Documents\\Capstone\\Capstone System\\kalawag_brgy_system\\vendor\\laravel\\framework\\src\\Illuminate\\Foundation\\Http\\Middleware\\TransformsRequest.php(21): Illuminate\\Pipeline\\Pipeline->Illuminate\\Pipeline\\{closure}(Object(Illuminate\\Http\\Request))
#34 C:\\Users\\PC\\Documents\\Capstone\\Capstone System\\kalawag_brgy_system\\vendor\\laravel\\framework\\src\\Illuminate\\Foundation\\Http\\Middleware\\TrimStrings.php(51): Illuminate\\Foundation\\Http\\Middleware\\TransformsRequest->handle(Object(Illuminate\\Http\\Request), Object(Closure))
#35 C:\\Users\\PC\\Documents\\Capstone\\Capstone System\\kalawag_brgy_system\\vendor\\laravel\\framework\\src\\Illuminate\\Pipeline\\Pipeline.php(209): Illuminate\\Foundation\\Http\\Middleware\\TrimStrings->handle(Object(Illuminate\\Http\\Request), Object(Closure))
#36 C:\\Users\\PC\\Documents\\Capstone\\Capstone System\\kalawag_brgy_system\\vendor\\laravel\\framework\\src\\Illuminate\\Http\\Middleware\\ValidatePostSize.php(27): Illuminate\\Pipeline\\Pipeline->Illuminate\\Pipeline\\{closure}(Object(Illuminate\\Http\\Request))
#37 C:\\Users\\PC\\Documents\\Capstone\\Capstone System\\kalawag_brgy_system\\vendor\\laravel\\framework\\src\\Illuminate\\Pipeline\\Pipeline.php(209): Illuminate\\Http\\Middleware\\ValidatePostSize->handle(Object(Illuminate\\Http\\Request), Object(Closure))
#38 C:\\Users\\PC\\Documents\\Capstone\\Capstone System\\kalawag_brgy_system\\vendor\\laravel\\framework\\src\\Illuminate\\Foundation\\Http\\Middleware\\PreventRequestsDuringMaintenance.php(110): Illuminate\\Pipeline\\Pipeline->Illuminate\\Pipeline\\{closure}(Object(Illuminate\\Http\\Request))
#39 C:\\Users\\PC\\Documents\\Capstone\\Capstone System\\kalawag_brgy_system\\vendor\\laravel\\framework\\src\\Illuminate\\Pipeline\\Pipeline.php(209): Illuminate\\Foundation\\Http\\Middleware\\PreventRequestsDuringMaintenance->handle(Object(Illuminate\\Http\\Request), Object(Closure))
#40 C:\\Users\\PC\\Documents\\Capstone\\Capstone System\\kalawag_brgy_system\\vendor\\laravel\\framework\\src\\Illuminate\\Http\\Middleware\\HandleCors.php(49): Illuminate\\Pipeline\\Pipeline->Illuminate\\Pipeline\\{closure}(Object(Illuminate\\Http\\Request))
#41 C:\\Users\\PC\\Documents\\Capstone\\Capstone System\\kalawag_brgy_system\\vendor\\laravel\\framework\\src\\Illuminate\\Pipeline\\Pipeline.php(209): Illuminate\\Http\\Middleware\\HandleCors->handle(Object(Illuminate\\Http\\Request), Object(Closure))
#42 C:\\Users\\PC\\Documents\\Capstone\\Capstone System\\kalawag_brgy_system\\vendor\\laravel\\framework\\src\\Illuminate\\Http\\Middleware\\TrustProxies.php(58): Illuminate\\Pipeline\\Pipeline->Illuminate\\Pipeline\\{closure}(Object(Illuminate\\Http\\Request))
#43 C:\\Users\\PC\\Documents\\Capstone\\Capstone System\\kalawag_brgy_system\\vendor\\laravel\\framework\\src\\Illuminate\\Pipeline\\Pipeline.php(209): Illuminate\\Http\\Middleware\\TrustProxies->handle(Object(Illuminate\\Http\\Request), Object(Closure))
#44 C:\\Users\\PC\\Documents\\Capstone\\Capstone System\\kalawag_brgy_system\\vendor\\laravel\\framework\\src\\Illuminate\\Foundation\\Http\\Middleware\\InvokeDeferredCallbacks.php(22): Illuminate\\Pipeline\\Pipeline->Illuminate\\Pipeline\\{closure}(Object(Illuminate\\Http\\Request))
#45 C:\\Users\\PC\\Documents\\Capstone\\Capstone System\\kalawag_brgy_system\\vendor\\laravel\\framework\\src\\Illuminate\\Pipeline\\Pipeline.php(209): Illuminate\\Foundation\\Http\\Middleware\\InvokeDeferredCallbacks->handle(Object(Illuminate\\Http\\Request), Object(Closure))
#46 C:\\Users\\PC\\Documents\\Capstone\\Capstone System\\kalawag_brgy_system\\vendor\\laravel\\framework\\src\\Illuminate\\Pipeline\\Pipeline.php(127): Illuminate\\Pipeline\\Pipeline->Illuminate\\Pipeline\\{closure}(Object(Illuminate\\Http\\Request))
#47 C:\\Users\\PC\\Documents\\Capstone\\Capstone System\\kalawag_brgy_system\\vendor\\laravel\\framework\\src\\Illuminate\\Foundation\\Http\\Kernel.php(176): Illuminate\\Pipeline\\Pipeline->then(Object(Closure))
#48 C:\\Users\\PC\\Documents\\Capstone\\Capstone System\\kalawag_brgy_system\\vendor\\laravel\\framework\\src\\Illuminate\\Foundation\\Http\\Kernel.php(145): Illuminate\\Foundation\\Http\\Kernel->sendRequestThroughRouter(Object(Illuminate\\Http\\Request))
#49 C:\\Users\\PC\\Documents\\Capstone\\Capstone System\\kalawag_brgy_system\\vendor\\laravel\\framework\\src\\Illuminate\\Foundation\\Application.php(1220): Illuminate\\Foundation\\Http\\Kernel->handle(Object(Illuminate\\Http\\Request))
#50 C:\\Users\\PC\\Documents\\Capstone\\Capstone System\\kalawag_brgy_system\\public\\index.php(20): Illuminate\\Foundation\\Application->handleRequest(Object(Illuminate\\Http\\Request))
#51 C:\\Users\\PC\\Documents\\Capstone\\Capstone System\\kalawag_brgy_system\\vendor\\laravel\\framework\\src\\Illuminate\\Foundation\\resources\\server.php(23): require_once('C:\\\\Users\\\\PC\\\\Doc...')
#52 {main}
"} 
[2026-01-28 10:22:17] local.DEBUG: CheckRole: Checking access {"user_id":8,"user_role":"barangay_kagawad","allowed_roles":["barangay_captain","barangay_kagawad","secretary","admin"],"path":"reports/residents"} 
[2026-01-28 10:22:28] local.DEBUG: CheckRole: Checking access {"user_id":8,"user_role":"barangay_kagawad","allowed_roles":["barangay_captain","barangay_kagawad","secretary","admin"],"path":"reports/download/residents"} 
[2026-01-28 10:23:00] local.DEBUG: CheckRole: Checking access {"user_id":8,"user_role":"barangay_kagawad","allowed_roles":["barangay_captain","barangay_kagawad","secretary","admin"],"path":"reports/residents"} 
[2026-01-28 10:23:02] local.DEBUG: CheckRole: Checking access {"user_id":8,"user_role":"barangay_kagawad","allowed_roles":["barangay_captain","barangay_kagawad","secretary","admin"],"path":"reports/residents"} 
[2026-01-28 10:23:03] local.DEBUG: CheckRole: Checking access {"user_id":8,"user_role":"barangay_kagawad","allowed_roles":["barangay_captain","barangay_kagawad","secretary","admin"],"path":"reports/residents"} 
[2026-01-28 10:23:07] local.DEBUG: CheckRole: Checking access {"user_id":8,"user_role":"barangay_kagawad","allowed_roles":["barangay_captain","barangay_kagawad","secretary","admin"],"path":"reports/residents/273"} 
[2026-01-28 10:23:12] local.DEBUG: CheckRole: Checking access {"user_id":8,"user_role":"barangay_kagawad","allowed_roles":["barangay_captain","barangay_kagawad","secretary","admin"],"path":"reports/residents"} 
[2026-01-28 10:23:25] local.DEBUG: CheckRole: Checking access {"user_id":8,"user_role":"barangay_kagawad","allowed_roles":["barangay_captain","barangay_kagawad","secretary","admin"],"path":"reports/download/residents"} 
[2026-01-28 10:25:23] local.DEBUG: CheckRole: Checking access {"user_id":8,"user_role":"barangay_kagawad","allowed_roles":["barangay_captain","barangay_kagawad","secretary","admin"],"path":"reports/purok-leaders"} 
[2026-01-28 10:25:59] local.DEBUG: CheckRole: Checking access {"user_id":8,"user_role":"barangay_kagawad","allowed_roles":["barangay_captain","barangay_kagawad","secretary","purok_president","admin"],"path":"reports/purok-clearance"} 
[2026-01-28 10:26:41] local.DEBUG: CheckRole: Checking access {"user_id":8,"user_role":"barangay_kagawad","allowed_roles":["barangay_captain","barangay_kagawad","secretary","admin"],"path":"reports/incident-reports"} 
