[2025-11-06 18:28:56] local.ERROR: Error in CheckForPendingFeedback: SQLSTATE[42S22]: Column not found: 1054 Unknown column 'feedback_dismissed_at' in 'where clause' (Connection: mysql, SQL: select * from `requests` where `user_id` = 1 and `status` in (barangay_approved, completed) and `feedback_provided_at` is null and `feedback_skipped` = 0 and `feedback_dismissed_at` is null order by `updated_at` desc limit 1)  
[2025-11-06 18:29:29] local.ERROR: Error in CheckForPendingFeedback: SQLSTATE[42S22]: Column not found: 1054 Unknown column 'feedback_dismissed_at' in 'where clause' (Connection: mysql, SQL: select * from `requests` where `user_id` = 12 and `status` in (barangay_approved, completed) and `feedback_provided_at` is null and `feedback_skipped` = 0 and `feedback_dismissed_at` is null order by `updated_at` desc limit 1)  
[2025-11-06 18:34:07] local.ERROR: The "--columns" option does not exist. {"exception":"[object] (Symfony\\Component\\Console\\Exception\\RuntimeException(code: 0): The \"--columns\" option does not exist. at C:\\Users\\PC\\Documents\\Capstone\\Capstone System\\kalawag_brgy_system\\vendor\\symfony\\console\\Input\\ArgvInput.php:226)
[stacktrace]
#0 C:\\Users\\PC\\Documents\\Capstone\\Capstone System\\kalawag_brgy_system\\vendor\\symfony\\console\\Input\\ArgvInput.php(153): Symfony\\Component\\Console\\Input\\ArgvInput->addLongOption('columns', 'method,uri,name...')
#1 C:\\Users\\PC\\Documents\\Capstone\\Capstone System\\kalawag_brgy_system\\vendor\\symfony\\console\\Input\\ArgvInput.php(88): Symfony\\Component\\Console\\Input\\ArgvInput->parseLongOption('--columns=metho...')
#2 C:\\Users\\PC\\Documents\\Capstone\\Capstone System\\kalawag_brgy_system\\vendor\\symfony\\console\\Input\\ArgvInput.php(77): Symfony\\Component\\Console\\Input\\ArgvInput->parseToken('--columns=metho...', true)
#3 C:\\Users\\PC\\Documents\\Capstone\\Capstone System\\kalawag_brgy_system\\vendor\\symfony\\console\\Input\\Input.php(53): Symfony\\Component\\Console\\Input\\ArgvInput->parse()
#4 C:\\Users\\PC\\Documents\\Capstone\\Capstone System\\kalawag_brgy_system\\vendor\\symfony\\console\\Command\\Command.php(276): Symfony\\Component\\Console\\Input\\Input->bind(Object(Symfony\\Component\\Console\\Input\\InputDefinition))
#5 C:\\Users\\PC\\Documents\\Capstone\\Capstone System\\kalawag_brgy_system\\vendor\\laravel\\framework\\src\\Illuminate\\Console\\Command.php(182): Symfony\\Component\\Console\\Command\\Command->run(Object(Symfony\\Component\\Console\\Input\\ArgvInput), Object(Illuminate\\Console\\OutputStyle))
#6 C:\\Users\\PC\\Documents\\Capstone\\Capstone System\\kalawag_brgy_system\\vendor\\symfony\\console\\Application.php(1092): Illuminate\\Console\\Command->run(Object(Symfony\\Component\\Console\\Input\\ArgvInput), Object(Symfony\\Component\\Console\\Output\\ConsoleOutput))
#7 C:\\Users\\PC\\Documents\\Capstone\\Capstone System\\kalawag_brgy_system\\vendor\\symfony\\console\\Application.php(341): Symfony\\Component\\Console\\Application->doRunCommand(Object(Illuminate\\Foundation\\Console\\RouteListCommand), Object(Symfony\\Component\\Console\\Input\\ArgvInput), Object(Symfony\\Component\\Console\\Output\\ConsoleOutput))
#8 C:\\Users\\PC\\Documents\\Capstone\\Capstone System\\kalawag_brgy_system\\vendor\\symfony\\console\\Application.php(192): Symfony\\Component\\Console\\Application->doRun(Object(Symfony\\Component\\Console\\Input\\ArgvInput), Object(Symfony\\Component\\Console\\Output\\ConsoleOutput))
#9 C:\\Users\\PC\\Documents\\Capstone\\Capstone System\\kalawag_brgy_system\\vendor\\laravel\\framework\\src\\Illuminate\\Foundation\\Console\\Kernel.php(198): Symfony\\Component\\Console\\Application->run(Object(Symfony\\Component\\Console\\Input\\ArgvInput), Object(Symfony\\Component\\Console\\Output\\ConsoleOutput))
#10 C:\\Users\\PC\\Documents\\Capstone\\Capstone System\\kalawag_brgy_system\\vendor\\laravel\\framework\\src\\Illuminate\\Foundation\\Application.php(1235): Illuminate\\Foundation\\Console\\Kernel->handle(Object(Symfony\\Component\\Console\\Input\\ArgvInput), Object(Symfony\\Component\\Console\\Output\\ConsoleOutput))
#11 C:\\Users\\PC\\Documents\\Capstone\\Capstone System\\kalawag_brgy_system\\artisan(16): Illuminate\\Foundation\\Application->handleCommand(Object(Symfony\\Component\\Console\\Input\\ArgvInput))
#12 {main}
"} 
[2025-11-06 18:34:51] local.ERROR: The "--compact" option does not exist. {"exception":"[object] (Symfony\\Component\\Console\\Exception\\RuntimeException(code: 0): The \"--compact\" option does not exist. at C:\\Users\\PC\\Documents\\Capstone\\Capstone System\\kalawag_brgy_system\\vendor\\symfony\\console\\Input\\ArgvInput.php:226)
[stacktrace]
#0 C:\\Users\\PC\\Documents\\Capstone\\Capstone System\\kalawag_brgy_system\\vendor\\symfony\\console\\Input\\ArgvInput.php(155): Symfony\\Component\\Console\\Input\\ArgvInput->addLongOption('compact', NULL)
#1 C:\\Users\\PC\\Documents\\Capstone\\Capstone System\\kalawag_brgy_system\\vendor\\symfony\\console\\Input\\ArgvInput.php(88): Symfony\\Component\\Console\\Input\\ArgvInput->parseLongOption('--compact')
#2 C:\\Users\\PC\\Documents\\Capstone\\Capstone System\\kalawag_brgy_system\\vendor\\symfony\\console\\Input\\ArgvInput.php(77): Symfony\\Component\\Console\\Input\\ArgvInput->parseToken('--compact', true)
#3 C:\\Users\\PC\\Documents\\Capstone\\Capstone System\\kalawag_brgy_system\\vendor\\symfony\\console\\Input\\Input.php(53): Symfony\\Component\\Console\\Input\\ArgvInput->parse()
#4 C:\\Users\\PC\\Documents\\Capstone\\Capstone System\\kalawag_brgy_system\\vendor\\symfony\\console\\Command\\Command.php(276): Symfony\\Component\\Console\\Input\\Input->bind(Object(Symfony\\Component\\Console\\Input\\InputDefinition))
#5 C:\\Users\\PC\\Documents\\Capstone\\Capstone System\\kalawag_brgy_system\\vendor\\laravel\\framework\\src\\Illuminate\\Console\\Command.php(182): Symfony\\Component\\Console\\Command\\Command->run(Object(Symfony\\Component\\Console\\Input\\ArgvInput), Object(Illuminate\\Console\\OutputStyle))
#6 C:\\Users\\PC\\Documents\\Capstone\\Capstone System\\kalawag_brgy_system\\vendor\\symfony\\console\\Application.php(1092): Illuminate\\Console\\Command->run(Object(Symfony\\Component\\Console\\Input\\ArgvInput), Object(Symfony\\Component\\Console\\Output\\ConsoleOutput))
#7 C:\\Users\\PC\\Documents\\Capstone\\Capstone System\\kalawag_brgy_system\\vendor\\symfony\\console\\Application.php(341): Symfony\\Component\\Console\\Application->doRunCommand(Object(Illuminate\\Foundation\\Console\\RouteListCommand), Object(Symfony\\Component\\Console\\Input\\ArgvInput), Object(Symfony\\Component\\Console\\Output\\ConsoleOutput))
#8 C:\\Users\\PC\\Documents\\Capstone\\Capstone System\\kalawag_brgy_system\\vendor\\symfony\\console\\Application.php(192): Symfony\\Component\\Console\\Application->doRun(Object(Symfony\\Component\\Console\\Input\\ArgvInput), Object(Symfony\\Component\\Console\\Output\\ConsoleOutput))
#9 C:\\Users\\PC\\Documents\\Capstone\\Capstone System\\kalawag_brgy_system\\vendor\\laravel\\framework\\src\\Illuminate\\Foundation\\Console\\Kernel.php(198): Symfony\\Component\\Console\\Application->run(Object(Symfony\\Component\\Console\\Input\\ArgvInput), Object(Symfony\\Component\\Console\\Output\\ConsoleOutput))
#10 C:\\Users\\PC\\Documents\\Capstone\\Capstone System\\kalawag_brgy_system\\vendor\\laravel\\framework\\src\\Illuminate\\Foundation\\Application.php(1235): Illuminate\\Foundation\\Console\\Kernel->handle(Object(Symfony\\Component\\Console\\Input\\ArgvInput), Object(Symfony\\Component\\Console\\Output\\ConsoleOutput))
#11 C:\\Users\\PC\\Documents\\Capstone\\Capstone System\\kalawag_brgy_system\\artisan(16): Illuminate\\Foundation\\Application->handleCommand(Object(Symfony\\Component\\Console\\Input\\ArgvInput))
#12 {main}
"} 
[2025-11-06 18:42:43] local.ERROR: PHP Parse error: Syntax error, unexpected T_OBJECT_OPERATOR on line 1 {"exception":"[object] (Psy\\Exception\\ParseErrorException(code: 0): PHP Parse error: Syntax error, unexpected T_OBJECT_OPERATOR on line 1 at C:\\Users\\PC\\Documents\\Capstone\\Capstone System\\kalawag_brgy_system\\vendor\\psy\\psysh\\src\\Exception\\ParseErrorException.php:44)
[stacktrace]
#0 C:\\Users\\PC\\Documents\\Capstone\\Capstone System\\kalawag_brgy_system\\vendor\\psy\\psysh\\src\\CodeCleaner.php(306): Psy\\Exception\\ParseErrorException::fromParseError(Object(PhpParser\\Error))
#1 C:\\Users\\PC\\Documents\\Capstone\\Capstone System\\kalawag_brgy_system\\vendor\\psy\\psysh\\src\\CodeCleaner.php(240): Psy\\CodeCleaner->parse('<?php Mail::raw...', false)
#2 C:\\Users\\PC\\Documents\\Capstone\\Capstone System\\kalawag_brgy_system\\vendor\\psy\\psysh\\src\\Shell.php(852): Psy\\CodeCleaner->clean(Array, false)
#3 C:\\Users\\PC\\Documents\\Capstone\\Capstone System\\kalawag_brgy_system\\vendor\\psy\\psysh\\src\\Shell.php(881): Psy\\Shell->addCode('Mail::raw('Test...', true)
#4 C:\\Users\\PC\\Documents\\Capstone\\Capstone System\\kalawag_brgy_system\\vendor\\psy\\psysh\\src\\Shell.php(1390): Psy\\Shell->setCode('Mail::raw('Test...', true)
#5 C:\\Users\\PC\\Documents\\Capstone\\Capstone System\\kalawag_brgy_system\\vendor\\laravel\\tinker\\src\\Console\\TinkerCommand.php(76): Psy\\Shell->execute('Mail::raw('Test...')
#6 C:\\Users\\PC\\Documents\\Capstone\\Capstone System\\kalawag_brgy_system\\vendor\\laravel\\framework\\src\\Illuminate\\Container\\BoundMethod.php(36): Laravel\\Tinker\\Console\\TinkerCommand->handle()
#7 C:\\Users\\PC\\Documents\\Capstone\\Capstone System\\kalawag_brgy_system\\vendor\\laravel\\framework\\src\\Illuminate\\Container\\Util.php(43): Illuminate\\Container\\BoundMethod::Illuminate\\Container\\{closure}()
#8 C:\\Users\\PC\\Documents\\Capstone\\Capstone System\\kalawag_brgy_system\\vendor\\laravel\\framework\\src\\Illuminate\\Container\\BoundMethod.php(95): Illuminate\\Container\\Util::unwrapIfClosure(Object(Closure))
#9 C:\\Users\\PC\\Documents\\Capstone\\Capstone System\\kalawag_brgy_system\\vendor\\laravel\\framework\\src\\Illuminate\\Container\\BoundMethod.php(35): Illuminate\\Container\\BoundMethod::callBoundMethod(Object(Illuminate\\Foundation\\Application), Array, Object(Closure))
#10 C:\\Users\\PC\\Documents\\Capstone\\Capstone System\\kalawag_brgy_system\\vendor\\laravel\\framework\\src\\Illuminate\\Container\\Container.php(696): Illuminate\\Container\\BoundMethod::call(Object(Illuminate\\Foundation\\Application), Array, Array, NULL)
#11 C:\\Users\\PC\\Documents\\Capstone\\Capstone System\\kalawag_brgy_system\\vendor\\laravel\\framework\\src\\Illuminate\\Console\\Command.php(213): Illuminate\\Container\\Container->call(Array)
#12 C:\\Users\\PC\\Documents\\Capstone\\Capstone System\\kalawag_brgy_system\\vendor\\symfony\\console\\Command\\Command.php(318): Illuminate\\Console\\Command->execute(Object(Symfony\\Component\\Console\\Input\\ArgvInput), Object(Illuminate\\Console\\OutputStyle))
#13 C:\\Users\\PC\\Documents\\Capstone\\Capstone System\\kalawag_brgy_system\\vendor\\laravel\\framework\\src\\Illuminate\\Console\\Command.php(182): Symfony\\Component\\Console\\Command\\Command->run(Object(Symfony\\Component\\Console\\Input\\ArgvInput), Object(Illuminate\\Console\\OutputStyle))
#14 C:\\Users\\PC\\Documents\\Capstone\\Capstone System\\kalawag_brgy_system\\vendor\\symfony\\console\\Application.php(1092): Illuminate\\Console\\Command->run(Object(Symfony\\Component\\Console\\Input\\ArgvInput), Object(Symfony\\Component\\Console\\Output\\ConsoleOutput))
#15 C:\\Users\\PC\\Documents\\Capstone\\Capstone System\\kalawag_brgy_system\\vendor\\symfony\\console\\Application.php(341): Symfony\\Component\\Console\\Application->doRunCommand(Object(Laravel\\Tinker\\Console\\TinkerCommand), Object(Symfony\\Component\\Console\\Input\\ArgvInput), Object(Symfony\\Component\\Console\\Output\\ConsoleOutput))
#16 C:\\Users\\PC\\Documents\\Capstone\\Capstone System\\kalawag_brgy_system\\vendor\\symfony\\console\\Application.php(192): Symfony\\Component\\Console\\Application->doRun(Object(Symfony\\Component\\Console\\Input\\ArgvInput), Object(Symfony\\Component\\Console\\Output\\ConsoleOutput))
#17 C:\\Users\\PC\\Documents\\Capstone\\Capstone System\\kalawag_brgy_system\\vendor\\laravel\\framework\\src\\Illuminate\\Foundation\\Console\\Kernel.php(198): Symfony\\Component\\Console\\Application->run(Object(Symfony\\Component\\Console\\Input\\ArgvInput), Object(Symfony\\Component\\Console\\Output\\ConsoleOutput))
#18 C:\\Users\\PC\\Documents\\Capstone\\Capstone System\\kalawag_brgy_system\\vendor\\laravel\\framework\\src\\Illuminate\\Foundation\\Application.php(1235): Illuminate\\Foundation\\Console\\Kernel->handle(Object(Symfony\\Component\\Console\\Input\\ArgvInput), Object(Symfony\\Component\\Console\\Output\\ConsoleOutput))
#19 C:\\Users\\PC\\Documents\\Capstone\\Capstone System\\kalawag_brgy_system\\artisan(16): Illuminate\\Foundation\\Application->handleCommand(Object(Symfony\\Component\\Console\\Input\\ArgvInput))
#20 {main}
"} 
[2025-11-06 18:44:32] local.ERROR: Command "queue:count" is not defined.

Did you mean one of these?
    queue:batches-table
    queue:clear
    queue:failed
    queue:failed-table
    queue:flush
    queue:forget
    queue:listen
    queue:monitor
    queue:prune-batches
    queue:prune-failed
    queue:restart
    queue:retry
    queue:retry-batch
    queue:table
    queue:work {"exception":"[object] (Symfony\\Component\\Console\\Exception\\CommandNotFoundException(code: 0): Command \"queue:count\" is not defined.

Did you mean one of these?
    queue:batches-table
    queue:clear
    queue:failed
    queue:failed-table
    queue:flush
    queue:forget
    queue:listen
    queue:monitor
    queue:prune-batches
    queue:prune-failed
    queue:restart
    queue:retry
    queue:retry-batch
    queue:table
    queue:work at C:\\Users\\PC\\Documents\\Capstone\\Capstone System\\kalawag_brgy_system\\vendor\\symfony\\console\\Application.php:725)
[stacktrace]
#0 C:\\Users\\PC\\Documents\\Capstone\\Capstone System\\kalawag_brgy_system\\vendor\\symfony\\console\\Application.php(283): Symfony\\Component\\Console\\Application->find('queue:count')
#1 C:\\Users\\PC\\Documents\\Capstone\\Capstone System\\kalawag_brgy_system\\vendor\\symfony\\console\\Application.php(192): Symfony\\Component\\Console\\Application->doRun(Object(Symfony\\Component\\Console\\Input\\ArgvInput), Object(Symfony\\Component\\Console\\Output\\ConsoleOutput))
#2 C:\\Users\\PC\\Documents\\Capstone\\Capstone System\\kalawag_brgy_system\\vendor\\laravel\\framework\\src\\Illuminate\\Foundation\\Console\\Kernel.php(198): Symfony\\Component\\Console\\Application->run(Object(Symfony\\Component\\Console\\Input\\ArgvInput), Object(Symfony\\Component\\Console\\Output\\ConsoleOutput))
#3 C:\\Users\\PC\\Documents\\Capstone\\Capstone System\\kalawag_brgy_system\\vendor\\laravel\\framework\\src\\Illuminate\\Foundation\\Application.php(1235): Illuminate\\Foundation\\Console\\Kernel->handle(Object(Symfony\\Component\\Console\\Input\\ArgvInput), Object(Symfony\\Component\\Console\\Output\\ConsoleOutput))
#4 C:\\Users\\PC\\Documents\\Capstone\\Capstone System\\kalawag_brgy_system\\artisan(16): Illuminate\\Foundation\\Application->handleCommand(Object(Symfony\\Component\\Console\\Input\\ArgvInput))
#5 {main}
"} 
[2025-11-06 18:45:59] local.ERROR: Error in CheckForPendingFeedback: SQLSTATE[42S22]: Column not found: 1054 Unknown column 'feedback_dismissed_at' in 'where clause' (Connection: mysql, SQL: select * from `requests` where `user_id` = 1 and `status` in (barangay_approved, completed) and `feedback_provided_at` is null and `feedback_skipped` = 0 and `feedback_dismissed_at` is null order by `updated_at` desc limit 1)  
[2025-11-06 18:47:53] local.INFO: PurokLeaderMiddleware - User check {"user_id":2,"user_role":"purok_president","purok_id":3,"allowed_roles":["purok_leader","purok_president"]} 
[2025-11-06 18:48:03] local.INFO: PurokLeaderMiddleware - User check {"user_id":2,"user_role":"purok_president","purok_id":3,"allowed_roles":["purok_leader","purok_president"]} 
[2025-11-06 18:48:09] local.DEBUG: RequestPolicy@view - Authorization Check {"user_id":2,"user_role":"purok_president","request_user_id":1,"request_status":"pending","is_requester":false,"is_purok_leader":true,"same_purok":true,"is_barangay_official":false,"user_purok_id":3,"request_purok_id":3} 
[2025-11-06 18:48:09] local.DEBUG: RequestPolicy@view - User object {"id":2,"name":"Mark Laurence Tomagan","first_name":"Mark Laurence","middle_name":"Hubiera","last_name":"Tomagan","suffix":null,"birth_date":"2007-05-29T16:00:00.000000Z","gender":"male","civil_status":"married","nationality":null,"occupation":"Student","house_number":null,"street":null,"contact_number":"09569555028","date_of_birth":null,"place_of_birth":null,"sex":null,"address":"Sambrano Street, ISK","email":"mark@gmail.com","email_verified_at":null,"role":"purok_president","is_approved":false,"is_dummy":0,"approved_at":null,"approved_by":null,"rejected_at":null,"rejected_by":null,"rejection_reason":null,"purok_id":3,"created_at":"2025-06-10T06:29:58.000000Z","updated_at":"2025-06-10T06:30:47.000000Z"} 
[2025-11-06 18:48:09] local.DEBUG: RequestPolicy@view - Request object {"id":17,"user_id":1,"purok_id":3,"purok_leader_id":null,"contact_number":"09569555022","email":"edisonlaurico18@gmail.com","birth_date":"2005-06-22T16:00:00.000000Z","gender":"male","civil_status":"single","occupation":"Student","address":null,"form_type":"barangay_clearance","valid_id_front_path":"storage/ids/id_1_front_1762425931.jpeg","valid_id_back_path":"storage/ids/id_1_back_1762425932.jpeg","valid_id_path":null,"purpose":"sdfghj","status":"pending","incident_type":"other","remarks":"asdfghj","updated_at":"2025-11-06T10:45:32.000000Z","last_viewed_at":null,"created_at":"2025-11-06T10:45:32.000000Z","rejected_at":null,"rejected_by":null,"rejection_reason":null,"purok_approved_at":null,"purok_approved_by":null,"purok_notes":null,"purok_private_notes":null,"barangay_approved_at":null,"barangay_approved_by":null,"barangay_rejected_at":null,"barangay_rejected_by":null,"barangay_notes":null,"barangay_rejection_reason":null,"document_path":null,"document_generated_at":null,"feedback_requested_at":null,"feedback_provided_at":null,"feedback_skipped":0} 
[2025-11-06 18:48:09] local.DEBUG: RequestPolicy@view - Allowed: User is purok leader/president for this purok  
[2025-11-06 18:48:18] local.INFO: PurokLeaderMiddleware - User check {"user_id":2,"user_role":"purok_president","purok_id":3,"allowed_roles":["purok_leader","purok_president"]} 
[2025-11-06 18:48:24] local.INFO: PurokLeaderMiddleware - User check {"user_id":2,"user_role":"purok_president","purok_id":3,"allowed_roles":["purok_leader","purok_president"]} 
[2025-11-06 18:48:26] local.INFO: PurokLeaderMiddleware - User check {"user_id":2,"user_role":"purok_president","purok_id":3,"allowed_roles":["purok_leader","purok_president"]} 
[2025-11-06 18:48:27] local.INFO: PurokLeaderMiddleware - User check {"user_id":2,"user_role":"purok_president","purok_id":3,"allowed_roles":["purok_leader","purok_president"]} 
[2025-11-06 18:48:30] local.INFO: PurokLeaderMiddleware - User check {"user_id":2,"user_role":"purok_president","purok_id":3,"allowed_roles":["purok_leader","purok_president"]} 
[2025-11-06 18:48:50] local.INFO: PurokLeaderMiddleware - User check {"user_id":2,"user_role":"purok_president","purok_id":3,"allowed_roles":["purok_leader","purok_president"]} 
[2025-11-06 18:48:53] local.INFO: PurokLeaderMiddleware - User check {"user_id":2,"user_role":"purok_president","purok_id":3,"allowed_roles":["purok_leader","purok_president"]} 
[2025-11-06 18:49:14] local.ERROR: Error in CheckForPendingFeedback: SQLSTATE[42S22]: Column not found: 1054 Unknown column 'feedback_dismissed_at' in 'where clause' (Connection: mysql, SQL: select * from `requests` where `user_id` = 8 and `status` in (barangay_approved, completed) and `feedback_provided_at` is null and `feedback_skipped` = 0 and `feedback_dismissed_at` is null order by `updated_at` desc limit 1)  
[2025-11-06 18:49:26] local.DEBUG: CheckRole: Checking access {"user_id":8,"user_role":"barangay_kagawad","allowed_roles":["barangay_captain","barangay_kagawad","secretary","admin"],"path":"reports/residents"} 
