[2026-02-08 21:38:07] local.ERROR: Error in CheckForPendingFeedback: SQLSTATE[42S22]: Column not found: 1054 Unknown column 'resolved_at' in 'order clause' (Connection: mysql, SQL: select * from `incident_reports` where `user_id` = 17 and `status` = resolved and `feedback_skipped` = 0 and `feedback_submitted_at` is null and `feedback_dismissed_at` is null order by `resolved_at` desc limit 1)  
[2026-02-08 21:38:38] local.DEBUG: CheckRole: Checking access {"user_id":17,"user_role":"barangay_captain","allowed_roles":["barangay_captain","admin"],"path":"captain/secretaries"} 
[2026-02-08 21:41:47] local.DEBUG: CheckRole: Checking access {"user_id":17,"user_role":"barangay_captain","allowed_roles":["barangay_captain","admin"],"path":"captain/secretaries"} 
[2026-02-08 21:41:49] local.DEBUG: CheckRole: Checking access {"user_id":17,"user_role":"barangay_captain","allowed_roles":["barangay_captain","admin"],"path":"captain/secretaries"} 
[2026-02-08 21:41:55] local.DEBUG: CheckRole: Checking access {"user_id":17,"user_role":"barangay_captain","allowed_roles":["barangay_captain","admin"],"path":"captain/secretaries"} 
[2026-02-08 21:41:59] local.DEBUG: CheckRole: Checking access {"user_id":17,"user_role":"barangay_captain","allowed_roles":["barangay_captain","admin"],"path":"captain/secretaries"} 
[2026-02-08 21:42:00] local.DEBUG: CheckRole: Checking access {"user_id":17,"user_role":"barangay_captain","allowed_roles":["barangay_captain","admin"],"path":"captain/secretaries"} 
[2026-02-08 21:42:03] local.DEBUG: CheckRole: Checking access {"user_id":17,"user_role":"barangay_captain","allowed_roles":["barangay_captain","admin"],"path":"captain/secretaries"} 
[2026-02-08 21:42:04] local.DEBUG: CheckRole: Checking access {"user_id":17,"user_role":"barangay_captain","allowed_roles":["barangay_captain","admin"],"path":"captain/secretaries"} 
[2026-02-08 21:42:28] local.DEBUG: CheckRole: Checking access {"user_id":17,"user_role":"barangay_captain","allowed_roles":["barangay_captain","admin"],"path":"captain/secretaries"} 
[2026-02-08 21:42:30] local.DEBUG: CheckRole: Checking access {"user_id":17,"user_role":"barangay_captain","allowed_roles":["barangay_captain","admin"],"path":"captain/secretaries"} 
[2026-02-08 21:42:36] local.DEBUG: CheckRole: Checking access {"user_id":17,"user_role":"barangay_captain","allowed_roles":["barangay_captain","admin"],"path":"captain/secretaries"} 
[2026-02-08 21:42:37] local.DEBUG: CheckRole: Checking access {"user_id":17,"user_role":"barangay_captain","allowed_roles":["barangay_captain","admin"],"path":"captain/secretaries"} 
[2026-02-08 21:42:42] local.DEBUG: CheckRole: Checking access {"user_id":17,"user_role":"barangay_captain","allowed_roles":["barangay_captain","admin"],"path":"captain/secretaries"} 
[2026-02-08 21:42:44] local.DEBUG: CheckRole: Checking access {"user_id":17,"user_role":"barangay_captain","allowed_roles":["barangay_captain","admin"],"path":"captain/secretaries"} 
[2026-02-08 21:43:20] local.DEBUG: CheckRole: Checking access {"user_id":17,"user_role":"barangay_captain","allowed_roles":["barangay_captain","admin"],"path":"captain/secretaries"} 
[2026-02-08 21:43:22] local.DEBUG: CheckRole: Checking access {"user_id":17,"user_role":"barangay_captain","allowed_roles":["barangay_captain","admin"],"path":"captain/secretaries"} 
[2026-02-08 21:43:27] local.DEBUG: CheckRole: Checking access {"user_id":17,"user_role":"barangay_captain","allowed_roles":["barangay_captain","admin"],"path":"captain/secretaries"} 
[2026-02-08 21:43:28] local.DEBUG: CheckRole: Checking access {"user_id":17,"user_role":"barangay_captain","allowed_roles":["barangay_captain","admin"],"path":"captain/secretaries"} 
[2026-02-08 21:45:19] local.INFO: PurokLeaderMiddleware - User check {"user_id":46,"user_role":"purok_leader","purok_id":3,"allowed_roles":["purok_leader","admin"]} 
[2026-02-08 21:45:39] local.DEBUG: CheckRole: Checking access {"user_id":46,"user_role":"purok_leader","allowed_roles":["purok_leader","secretary","barangay_captain","barangay_kagawad","admin"],"path":"purok-leader/resident-records"} 
[2026-02-08 21:47:19] local.DEBUG: CheckRole: Checking access {"user_id":46,"user_role":"purok_leader","allowed_roles":["purok_leader","secretary","barangay_captain","barangay_kagawad","admin"],"path":"purok-leader/resident-records"} 
[2026-02-08 21:47:20] local.DEBUG: CheckRole: Checking access {"user_id":46,"user_role":"purok_leader","allowed_roles":["purok_leader","secretary","barangay_captain","barangay_kagawad","admin"],"path":"purok-leader/resident-records"} 
[2026-02-08 21:48:45] local.DEBUG: CheckRole: Checking access {"user_id":46,"user_role":"purok_leader","allowed_roles":["purok_leader","secretary","barangay_captain","barangay_kagawad","admin"],"path":"purok-leader/resident-records"} 
[2026-02-08 21:48:51] local.INFO: PurokLeaderMiddleware - User check {"user_id":46,"user_role":"purok_leader","purok_id":3,"allowed_roles":["purok_leader","admin"]} 
[2026-02-08 21:48:55] local.INFO: PurokLeaderMiddleware - User check {"user_id":46,"user_role":"purok_leader","purok_id":3,"allowed_roles":["purok_leader","admin"]} 
[2026-02-08 21:49:18] local.INFO: PurokLeaderMiddleware - User check {"user_id":46,"user_role":"purok_leader","purok_id":3,"allowed_roles":["purok_leader","admin"]} 
[2026-02-08 21:49:36] local.ERROR: Error in CheckForPendingFeedback: SQLSTATE[42S22]: Column not found: 1054 Unknown column 'resolved_at' in 'order clause' (Connection: mysql, SQL: select * from `incident_reports` where `user_id` = 20 and `status` = resolved and `feedback_skipped` = 0 and `feedback_submitted_at` is null and `feedback_dismissed_at` is null order by `resolved_at` desc limit 1)  
[2026-02-08 21:49:43] local.DEBUG: CheckRole: Checking access {"user_id":20,"user_role":"secretary","allowed_roles":["barangay_captain","barangay_kagawad","secretary","purok_leader","admin"],"path":"reports/purok-clearance"} 
[2026-02-08 21:49:47] local.DEBUG: CheckRole: Checking access {"user_id":20,"user_role":"secretary","allowed_roles":["secretary","barangay_captain","barangay_kagawad","admin"],"path":"official/requests/129/document"} 
[2026-02-08 21:50:06] local.DEBUG: CheckRole: Checking access {"user_id":20,"user_role":"secretary","allowed_roles":["secretary","barangay_captain","barangay_kagawad","admin"],"path":"official/requests/129/document/preview"} 
[2026-02-08 21:50:59] local.DEBUG: CheckRole: Checking access {"user_id":20,"user_role":"secretary","allowed_roles":["secretary","barangay_captain","barangay_kagawad","admin"],"path":"official/requests/129/document/finalize"} 
[2026-02-08 21:52:21] local.INFO: PurokLeaderMiddleware - User check {"user_id":46,"user_role":"purok_leader","purok_id":3,"allowed_roles":["purok_leader","admin"]} 
[2026-02-08 21:52:21] local.INFO: PurokLeaderMiddleware - User check {"user_id":46,"user_role":"purok_leader","purok_id":3,"allowed_roles":["purok_leader","admin"]} 
[2026-02-08 21:52:26] local.DEBUG: CheckRole: Checking access {"user_id":20,"user_role":"secretary","allowed_roles":["secretary","barangay_captain","barangay_kagawad","admin"],"path":"official/requests/129/document/preview"} 
[2026-02-08 21:52:32] local.INFO: PurokLeaderMiddleware - User check {"user_id":46,"user_role":"purok_leader","purok_id":3,"allowed_roles":["purok_leader","admin"]} 
[2026-02-08 21:53:07] local.INFO: PurokLeaderMiddleware - User check {"user_id":46,"user_role":"purok_leader","purok_id":3,"allowed_roles":["purok_leader","admin"]} 
[2026-02-08 21:53:17] local.INFO: PurokLeaderMiddleware - User check {"user_id":46,"user_role":"purok_leader","purok_id":3,"allowed_roles":["purok_leader","admin"]} 
[2026-02-08 21:54:32] local.INFO: PurokLeaderMiddleware - User check {"user_id":46,"user_role":"purok_leader","purok_id":3,"allowed_roles":["purok_leader","admin"]} 
[2026-02-08 21:54:34] local.INFO: PurokLeaderMiddleware - User check {"user_id":46,"user_role":"purok_leader","purok_id":3,"allowed_roles":["purok_leader","admin"]} 
[2026-02-08 21:54:41] local.INFO: PurokLeaderMiddleware - User check {"user_id":46,"user_role":"purok_leader","purok_id":3,"allowed_roles":["purok_leader","admin"]} 
[2026-02-08 21:54:44] local.INFO: PurokLeaderMiddleware - User check {"user_id":46,"user_role":"purok_leader","purok_id":3,"allowed_roles":["purok_leader","admin"]} 
[2026-02-08 21:54:49] local.INFO: PurokLeaderMiddleware - User check {"user_id":46,"user_role":"purok_leader","purok_id":3,"allowed_roles":["purok_leader","admin"]} 
[2026-02-08 21:54:52] local.INFO: PurokLeaderMiddleware - User check {"user_id":46,"user_role":"purok_leader","purok_id":3,"allowed_roles":["purok_leader","admin"]} 
[2026-02-08 21:54:52] local.INFO: PurokLeaderMiddleware - User check {"user_id":46,"user_role":"purok_leader","purok_id":3,"allowed_roles":["purok_leader","admin"]} 
[2026-02-08 21:54:55] local.INFO: PurokLeaderMiddleware - User check {"user_id":46,"user_role":"purok_leader","purok_id":3,"allowed_roles":["purok_leader","admin"]} 
[2026-02-08 21:54:59] local.INFO: PurokLeaderMiddleware - User check {"user_id":46,"user_role":"purok_leader","purok_id":3,"allowed_roles":["purok_leader","admin"]} 
[2026-02-08 21:55:09] local.INFO: PurokLeaderMiddleware - User check {"user_id":46,"user_role":"purok_leader","purok_id":3,"allowed_roles":["purok_leader","admin"]} 
[2026-02-08 21:55:16] local.INFO: PurokLeaderMiddleware - User check {"user_id":46,"user_role":"purok_leader","purok_id":3,"allowed_roles":["purok_leader","admin"]} 
[2026-02-08 21:55:18] local.INFO: PurokLeaderMiddleware - User check {"user_id":46,"user_role":"purok_leader","purok_id":3,"allowed_roles":["purok_leader","admin"]} 
[2026-02-08 21:55:21] local.INFO: PurokLeaderMiddleware - User check {"user_id":46,"user_role":"purok_leader","purok_id":3,"allowed_roles":["purok_leader","admin"]} 
[2026-02-08 21:55:23] local.INFO: PurokLeaderMiddleware - User check {"user_id":46,"user_role":"purok_leader","purok_id":3,"allowed_roles":["purok_leader","admin"]} 
[2026-02-08 21:55:27] local.INFO: PurokLeaderMiddleware - User check {"user_id":46,"user_role":"purok_leader","purok_id":3,"allowed_roles":["purok_leader","admin"]} 
[2026-02-08 21:55:43] local.INFO: PurokLeaderMiddleware - User check {"user_id":46,"user_role":"purok_leader","purok_id":3,"allowed_roles":["purok_leader","admin"]} 
[2026-02-08 21:58:54] local.DEBUG: CheckRole: Checking access {"user_id":20,"user_role":"secretary","allowed_roles":["barangay_captain","barangay_kagawad","secretary","purok_leader","admin"],"path":"reports/purok-clearance"} 
[2026-02-08 21:59:28] local.INFO: PurokLeaderMiddleware - User check {"user_id":46,"user_role":"purok_leader","purok_id":3,"allowed_roles":["purok_leader","admin"]} 
[2026-02-08 22:00:00] local.DEBUG: CheckRole: Checking access {"user_id":20,"user_role":"secretary","allowed_roles":["secretary","barangay_captain","barangay_kagawad","admin"],"path":"official/requests/129/document"} 
[2026-02-08 22:00:27] local.DEBUG: CheckRole: Checking access {"user_id":17,"user_role":"barangay_captain","allowed_roles":["barangay_captain","admin","barangay_kagawad"],"path":"admin/dashboard"} 
[2026-02-08 22:00:41] local.DEBUG: BarangayApprovalController@index - Starting {"user_id":17,"user_role":"barangay_captain","can_barangay_actions":true,"request_query":[]} 
[2026-02-08 22:00:41] local.DEBUG: BarangayApprovalController@index - Data loaded {"requests_count":0,"puroks_count":18,"selected_purok":null} 
[2026-02-08 22:00:49] local.DEBUG: CheckRole: Checking access {"user_id":17,"user_role":"barangay_captain","allowed_roles":["barangay_captain","barangay_kagawad","secretary","purok_leader","admin"],"path":"reports/purok-clearance"} 
[2026-02-08 22:00:59] local.DEBUG: CheckRole: Checking access {"user_id":17,"user_role":"barangay_captain","allowed_roles":["secretary","barangay_captain","barangay_kagawad","admin"],"path":"official/requests/130/document"} 
[2026-02-08 22:02:37] local.DEBUG: CheckRole: Checking access {"user_id":17,"user_role":"barangay_captain","allowed_roles":["secretary","barangay_captain","barangay_kagawad","admin"],"path":"official/requests/130/document"} 
[2026-02-08 22:02:39] local.INFO: PurokLeaderMiddleware - User check {"user_id":46,"user_role":"purok_leader","purok_id":3,"allowed_roles":["purok_leader","admin"]} 
[2026-02-08 22:02:41] local.DEBUG: CheckRole: Checking access {"user_id":20,"user_role":"secretary","allowed_roles":["secretary","barangay_captain","barangay_kagawad","admin"],"path":"official/requests/129/document"} 
[2026-02-08 22:02:44] local.DEBUG: CheckRole: Checking access {"user_id":20,"user_role":"secretary","allowed_roles":["secretary","barangay_captain","barangay_kagawad","admin"],"path":"official/requests/129/document"} 
[2026-02-08 22:02:47] local.INFO: PurokLeaderMiddleware - User check {"user_id":46,"user_role":"purok_leader","purok_id":3,"allowed_roles":["purok_leader","admin"]} 
[2026-02-08 22:02:55] local.DEBUG: CheckRole: Checking access {"user_id":17,"user_role":"barangay_captain","allowed_roles":["secretary","barangay_captain","barangay_kagawad","admin"],"path":"official/requests/130/document"} 
[2026-02-08 22:02:57] local.INFO: PurokLeaderMiddleware - User check {"user_id":46,"user_role":"purok_leader","purok_id":3,"allowed_roles":["purok_leader","admin"]} 
[2026-02-08 22:03:01] local.DEBUG: CheckRole: Checking access {"user_id":20,"user_role":"secretary","allowed_roles":["secretary","barangay_captain","barangay_kagawad","admin"],"path":"official/requests/129/document"} 
[2026-02-08 22:06:22] local.DEBUG: CheckRole: Checking access {"user_id":20,"user_role":"secretary","allowed_roles":["secretary","barangay_captain","barangay_kagawad","admin"],"path":"official/requests/129/document/finalize"} 
[2026-02-08 22:07:19] local.ERROR: include(C:\Users\PC\Documents\Capstone\Capstone System\kalawag_brgy_system\vendor\composer/../../app/Notifications/PublicClearanceReceived.php): Failed to open stream: No such file or directory {"userId":46,"exception":"[object] (ErrorException(code: 0): include(C:\\Users\\PC\\Documents\\Capstone\\Capstone System\\kalawag_brgy_system\\vendor\\composer/../../app/Notifications/PublicClearanceReceived.php): Failed to open stream: No such file or directory at C:/Users/PC/Documents/Capstone/Capstone System/kalawag_brgy_system/vendor/composer/ClassLoader.php:576)
[stacktrace]
#0 C:/Users/PC/Documents/Capstone/Capstone System/kalawag_brgy_system/vendor/laravel/framework/src/Illuminate/Foundation/Bootstrap/HandleExceptions.php(258): Illuminate/Foundation/Bootstrap/HandleExceptions->handleError(2, 'include(C://User...', 'C://Users//PC//Doc...', 576)
#1 C:/Users/PC/Documents/Capstone/Capstone System/kalawag_brgy_system/vendor/composer/ClassLoader.php(576): Illuminate/Foundation/Bootstrap/HandleExceptions->Illuminate/Foundation/Bootstrap/{closure}(2, 'include(C://User...', 'C://Users//PC//Doc...', 576)
#2 C:/Users/PC/Documents/Capstone/Capstone System/kalawag_brgy_system/vendor/composer/ClassLoader.php(576): include('C://Users//PC//Doc...')
#3 C:/Users/PC/Documents/Capstone/Capstone System/kalawag_brgy_system/vendor/composer/ClassLoader.php(427): Composer/Autoload/{closure}('C://Users//PC//Doc...')
#4 C:/Users/PC/Documents/Capstone/Capstone System/kalawag_brgy_system/app/Http/Controllers/PublicSubmission/PublicClearanceController.php(73): Composer/Autoload/ClassLoader->loadClass('App//Notificatio...')
#5 C:/Users/PC/Documents/Capstone/Capstone System/kalawag_brgy_system/vendor/laravel/framework/src/Illuminate/Routing/Controller.php(54): App/Http/Controllers/PublicSubmission/PublicClearanceController->store(Object(App/Http/Requests/PublicClearanceRequest))
#6 C:/Users/PC/Documents/Capstone/Capstone System/kalawag_brgy_system/vendor/laravel/framework/src/Illuminate/Routing/ControllerDispatcher.php(44): Illuminate/Routing/Controller->callAction('store', Array)
#7 C:/Users/PC/Documents/Capstone/Capstone System/kalawag_brgy_system/vendor/laravel/framework/src/Illuminate/Routing/Route.php(266): Illuminate/Routing/ControllerDispatcher->dispatch(Object(Illuminate/Routing/Route), Object(App/Http/Controllers/PublicSubmission/PublicClearanceController), 'store')
#8 C:/Users/PC/Documents/Capstone/Capstone System/kalawag_brgy_system/vendor/laravel/framework/src/Illuminate/Routing/Route.php(212): Illuminate/Routing/Route->runController()
#9 C:/Users/PC/Documents/Capstone/Capstone System/kalawag_brgy_system/vendor/laravel/framework/src/Illuminate/Routing/Router.php(808): Illuminate/Routing/Route->run()
#10 C:/Users/PC/Documents/Capstone/Capstone System/kalawag_brgy_system/vendor/laravel/framework/src/Illuminate/Pipeline/Pipeline.php(170): Illuminate/Routing/Router->Illuminate/Routing/{closure}(Object(Illuminate/Http/Request))
#11 C:/Users/PC/Documents/Capstone/Capstone System/kalawag_brgy_system/app/Http/Middleware/CheckForPendingFeedback.php(29): Illuminate/Pipeline/Pipeline->Illuminate/Pipeline/{closure}(Object(Illuminate/Http/Request))
#12 C:/Users/PC/Documents/Capstone/Capstone System/kalawag_brgy_system/vendor/laravel/framework/src/Illuminate/Pipeline/Pipeline.php(209): App/Http/Middleware/CheckForPendingFeedback->handle(Object(Illuminate/Http/Request), Object(Closure))
#13 C:/Users/PC/Documents/Capstone/Capstone System/kalawag_brgy_system/app/Http/Middleware/CheckFeedbackEligibility.php(57): Illuminate/Pipeline/Pipeline->Illuminate/Pipeline/{closure}(Object(Illuminate/Http/Request))
#14 C:/Users/PC/Documents/Capstone/Capstone System/kalawag_brgy_system/vendor/laravel/framework/src/Illuminate/Pipeline/Pipeline.php(209): App/Http/Middleware/CheckFeedbackEligibility->handle(Object(Illuminate/Http/Request), Object(Closure))
#15 C:/Users/PC/Documents/Capstone/Capstone System/kalawag_brgy_system/vendor/laravel/framework/src/Illuminate/Routing/Middleware/SubstituteBindings.php(51): Illuminate/Pipeline/Pipeline->Illuminate/Pipeline/{closure}(Object(Illuminate/Http/Request))
#16 C:/Users/PC/Documents/Capstone/Capstone System/kalawag_brgy_system/vendor/laravel/framework/src/Illuminate/Pipeline/Pipeline.php(209): Illuminate/Routing/Middleware/SubstituteBindings->handle(Object(Illuminate/Http/Request), Object(Closure))
#17 C:/Users/PC/Documents/Capstone/Capstone System/kalawag_brgy_system/vendor/laravel/framework/src/Illuminate/Routing/Middleware/ThrottleRequests.php(161): Illuminate/Pipeline/Pipeline->Illuminate/Pipeline/{closure}(Object(Illuminate/Http/Request))
#18 C:/Users/PC/Documents/Capstone/Capstone System/kalawag_brgy_system/vendor/laravel/framework/src/Illuminate/Routing/Middleware/ThrottleRequests.php(92): Illuminate/Routing/Middleware/ThrottleRequests->handleRequest(Object(Illuminate/Http/Request), Object(Closure), Array)
#19 C:/Users/PC/Documents/Capstone/Capstone System/kalawag_brgy_system/vendor/laravel/framework/src/Illuminate/Pipeline/Pipeline.php(209): Illuminate/Routing/Middleware/ThrottleRequests->handle(Object(Illuminate/Http/Request), Object(Closure), '5', '60')
#20 C:/Users/PC/Documents/Capstone/Capstone System/kalawag_brgy_system/vendor/laravel/framework/src/Illuminate/Foundation/Http/Middleware/VerifyCsrfToken.php(88): Illuminate/Pipeline/Pipeline->Illuminate/Pipeline/{closure}(Object(Illuminate/Http/Request))
#21 C:/Users/PC/Documents/Capstone/Capstone System/kalawag_brgy_system/vendor/laravel/framework/src/Illuminate/Pipeline/Pipeline.php(209): Illuminate/Foundation/Http/Middleware/VerifyCsrfToken->handle(Object(Illuminate/Http/Request), Object(Closure))
#22 C:/Users/PC/Documents/Capstone/Capstone System/kalawag_brgy_system/vendor/laravel/framework/src/Illuminate/View/Middleware/ShareErrorsFromSession.php(49): Illuminate/Pipeline/Pipeline->Illuminate/Pipeline/{closure}(Object(Illuminate/Http/Request))
#23 C:/Users/PC/Documents/Capstone/Capstone System/kalawag_brgy_system/vendor/laravel/framework/src/Illuminate/Pipeline/Pipeline.php(209): Illuminate/View/Middleware/ShareErrorsFromSession->handle(Object(Illuminate/Http/Request), Object(Closure))
#24 C:/Users/PC/Documents/Capstone/Capstone System/kalawag_brgy_system/vendor/laravel/framework/src/Illuminate/Session/Middleware/StartSession.php(121): Illuminate/Pipeline/Pipeline->Illuminate/Pipeline/{closure}(Object(Illuminate/Http/Request))
#25 C:/Users/PC/Documents/Capstone/Capstone System/kalawag_brgy_system/vendor/laravel/framework/src/Illuminate/Session/Middleware/StartSession.php(64): Illuminate/Session/Middleware/StartSession->handleStatefulRequest(Object(Illuminate/Http/Request), Object(Illuminate/Session/Store), Object(Closure))
#26 C:/Users/PC/Documents/Capstone/Capstone System/kalawag_brgy_system/vendor/laravel/framework/src/Illuminate/Pipeline/Pipeline.php(209): Illuminate/Session/Middleware/StartSession->handle(Object(Illuminate/Http/Request), Object(Closure))
#27 C:/Users/PC/Documents/Capstone/Capstone System/kalawag_brgy_system/vendor/laravel/framework/src/Illuminate/Cookie/Middleware/AddQueuedCookiesToResponse.php(37): Illuminate/Pipeline/Pipeline->Illuminate/Pipeline/{closure}(Object(Illuminate/Http/Request))
#28 C:/Users/PC/Documents/Capstone/Capstone System/kalawag_brgy_system/vendor/laravel/framework/src/Illuminate/Pipeline/Pipeline.php(209): Illuminate/Cookie/Middleware/AddQueuedCookiesToResponse->handle(Object(Illuminate/Http/Request), Object(Closure))
#29 C:/Users/PC/Documents/Capstone/Capstone System/kalawag_brgy_system/vendor/laravel/framework/src/Illuminate/Cookie/Middleware/EncryptCookies.php(75): Illuminate/Pipeline/Pipeline->Illuminate/Pipeline/{closure}(Object(Illuminate/Http/Request))
#30 C:/Users/PC/Documents/Capstone/Capstone System/kalawag_brgy_system/vendor/laravel/framework/src/Illuminate/Pipeline/Pipeline.php(209): Illuminate/Cookie/Middleware/EncryptCookies->handle(Object(Illuminate/Http/Request), Object(Closure))
#31 C:/Users/PC/Documents/Capstone/Capstone System/kalawag_brgy_system/vendor/laravel/framework/src/Illuminate/Pipeline/Pipeline.php(127): Illuminate/Pipeline/Pipeline->Illuminate/Pipeline/{closure}(Object(Illuminate/Http/Request))
#32 C:/Users/PC/Documents/Capstone/Capstone System/kalawag_brgy_system/vendor/laravel/framework/src/Illuminate/Routing/Router.php(807): Illuminate/Pipeline/Pipeline->then(Object(Closure))
#33 C:/Users/PC/Documents/Capstone/Capstone System/kalawag_brgy_system/vendor/laravel/framework/src/Illuminate/Routing/Router.php(786): Illuminate/Routing/Router->runRouteWithinStack(Object(Illuminate/Routing/Route), Object(Illuminate/Http/Request))
#34 C:/Users/PC/Documents/Capstone/Capstone System/kalawag_brgy_system/vendor/laravel/framework/src/Illuminate/Routing/Router.php(750): Illuminate/Routing/Router->runRoute(Object(Illuminate/Http/Request), Object(Illuminate/Routing/Route))
#35 C:/Users/PC/Documents/Capstone/Capstone System/kalawag_brgy_system/vendor/laravel/framework/src/Illuminate/Routing/Router.php(739): Illuminate/Routing/Router->dispatchToRoute(Object(Illuminate/Http/Request))
#36 C:/Users/PC/Documents/Capstone/Capstone System/kalawag_brgy_system/vendor/laravel/framework/src/Illuminate/Foundation/Http/Kernel.php(201): Illuminate/Routing/Router->dispatch(Object(Illuminate/Http/Request))
#37 C:/Users/PC/Documents/Capstone/Capstone System/kalawag_brgy_system/vendor/laravel/framework/src/Illuminate/Pipeline/Pipeline.php(170): Illuminate/Foundation/Http/Kernel->Illuminate/Foundation/Http/{closure}(Object(Illuminate/Http/Request))
#38 C:/Users/PC/Documents/Capstone/Capstone System/kalawag_brgy_system/vendor/laravel/framework/src/Illuminate/Foundation/Http/Middleware/TransformsRequest.php(21): Illuminate/Pipeline/Pipeline->Illuminate/Pipeline/{closure}(Object(Illuminate/Http/Request))
#39 C:/Users/PC/Documents/Capstone/Capstone System/kalawag_brgy_system/vendor/laravel/framework/src/Illuminate/Foundation/Http/Middleware/ConvertEmptyStringsToNull.php(31): Illuminate/Foundation/Http/Middleware/TransformsRequest->handle(Object(Illuminate/Http/Request), Object(Closure))
#40 C:/Users/PC/Documents/Capstone/Capstone System/kalawag_brgy_system/vendor/laravel/framework/src/Illuminate/Pipeline/Pipeline.php(209): Illuminate/Foundation/Http/Middleware/ConvertEmptyStringsToNull->handle(Object(Illuminate/Http/Request), Object(Closure))
#41 C:/Users/PC/Documents/Capstone/Capstone System/kalawag_brgy_system/vendor/laravel/framework/src/Illuminate/Foundation/Http/Middleware/TransformsRequest.php(21): Illuminate/Pipeline/Pipeline->Illuminate/Pipeline/{closure}(Object(Illuminate/Http/Request))
#42 C:/Users/PC/Documents/Capstone/Capstone System/kalawag_brgy_system/vendor/laravel/framework/src/Illuminate/Foundation/Http/Middleware/TrimStrings.php(51): Illuminate/Foundation/Http/Middleware/TransformsRequest->handle(Object(Illuminate/Http/Request), Object(Closure))
#43 C:/Users/PC/Documents/Capstone/Capstone System/kalawag_brgy_system/vendor/laravel/framework/src/Illuminate/Pipeline/Pipeline.php(209): Illuminate/Foundation/Http/Middleware/TrimStrings->handle(Object(Illuminate/Http/Request), Object(Closure))
#44 C:/Users/PC/Documents/Capstone/Capstone System/kalawag_brgy_system/vendor/laravel/framework/src/Illuminate/Http/Middleware/ValidatePostSize.php(27): Illuminate/Pipeline/Pipeline->Illuminate/Pipeline/{closure}(Object(Illuminate/Http/Request))
#45 C:/Users/PC/Documents/Capstone/Capstone System/kalawag_brgy_system/vendor/laravel/framework/src/Illuminate/Pipeline/Pipeline.php(209): Illuminate/Http/Middleware/ValidatePostSize->handle(Object(Illuminate/Http/Request), Object(Closure))
#46 C:/Users/PC/Documents/Capstone/Capstone System/kalawag_brgy_system/vendor/laravel/framework/src/Illuminate/Foundation/Http/Middleware/PreventRequestsDuringMaintenance.php(110): Illuminate/Pipeline/Pipeline->Illuminate/Pipeline/{closure}(Object(Illuminate/Http/Request))
#47 C:/Users/PC/Documents/Capstone/Capstone System/kalawag_brgy_system/vendor/laravel/framework/src/Illuminate/Pipeline/Pipeline.php(209): Illuminate/Foundation/Http/Middleware/PreventRequestsDuringMaintenance->handle(Object(Illuminate/Http/Request), Object(Closure))
#48 C:/Users/PC/Documents/Capstone/Capstone System/kalawag_brgy_system/vendor/laravel/framework/src/Illuminate/Http/Middleware/HandleCors.php(49): Illuminate/Pipeline/Pipeline->Illuminate/Pipeline/{closure}(Object(Illuminate/Http/Request))
#49 C:/Users/PC/Documents/Capstone/Capstone System/kalawag_brgy_system/vendor/laravel/framework/src/Illuminate/Pipeline/Pipeline.php(209): Illuminate/Http/Middleware/HandleCors->handle(Object(Illuminate/Http/Request), Object(Closure))
#50 C:/Users/PC/Documents/Capstone/Capstone System/kalawag_brgy_system/vendor/laravel/framework/src/Illuminate/Http/Middleware/TrustProxies.php(58): Illuminate/Pipeline/Pipeline->Illuminate/Pipeline/{closure}(Object(Illuminate/Http/Request))
#51 C:/Users/PC/Documents/Capstone/Capstone System/kalawag_brgy_system/vendor/laravel/framework/src/Illuminate/Pipeline/Pipeline.php(209): Illuminate/Http/Middleware/TrustProxies->handle(Object(Illuminate/Http/Request), Object(Closure))
#52 C:/Users/PC/Documents/Capstone/Capstone System/kalawag_brgy_system/vendor/laravel/framework/src/Illuminate/Foundation/Http/Middleware/InvokeDeferredCallbacks.php(22): Illuminate/Pipeline/Pipeline->Illuminate/Pipeline/{closure}(Object(Illuminate/Http/Request))
#53 C:/Users/PC/Documents/Capstone/Capstone System/kalawag_brgy_system/vendor/laravel/framework/src/Illuminate/Pipeline/Pipeline.php(209): Illuminate/Foundation/Http/Middleware/InvokeDeferredCallbacks->handle(Object(Illuminate/Http/Request), Object(Closure))
#54 C:/Users/PC/Documents/Capstone/Capstone System/kalawag_brgy_system/vendor/laravel/framework/src/Illuminate/Pipeline/Pipeline.php(127): Illuminate/Pipeline/Pipeline->Illuminate/Pipeline/{closure}(Object(Illuminate/Http/Request))
#55 C:/Users/PC/Documents/Capstone/Capstone System/kalawag_brgy_system/vendor/laravel/framework/src/Illuminate/Foundation/Http/Kernel.php(176): Illuminate/Pipeline/Pipeline->then(Object(Closure))
#56 C:/Users/PC/Documents/Capstone/Capstone System/kalawag_brgy_system/vendor/laravel/framework/src/Illuminate/Foundation/Http/Kernel.php(145): Illuminate/Foundation/Http/Kernel->sendRequestThroughRouter(Object(Illuminate/Http/Request))
#57 C:/Users/PC/Documents/Capstone/Capstone System/kalawag_brgy_system/vendor/laravel/framework/src/Illuminate/Foundation/Application.php(1220): Illuminate/Foundation/Http/Kernel->handle(Object(Illuminate/Http/Request))
#58 C:/Users/PC/Documents/Capstone/Capstone System/kalawag_brgy_system/public/index.php(20): Illuminate/Foundation/Application->handleRequest(Object(Illuminate/Http/Request))
#59 C:/Users/PC/Documents/Capstone/Capstone System/kalawag_brgy_system/vendor/laravel/framework/src/Illuminate/Foundation/resources/server.php(23): require_once('C://Users//PC//Doc...')
#60 {main}
"} 
[2026-02-08 22:13:32] local.DEBUG: CheckRole: Checking access {"user_id":20,"user_role":"secretary","allowed_roles":["barangay_captain","barangay_kagawad","secretary","purok_leader","admin"],"path":"reports/purok-clearance"} 
[2026-02-08 22:13:39] local.INFO: PurokLeaderMiddleware - User check {"user_id":46,"user_role":"purok_leader","purok_id":3,"allowed_roles":["purok_leader","admin"]} 
[2026-02-08 22:13:43] local.INFO: PurokLeaderMiddleware - User check {"user_id":46,"user_role":"purok_leader","purok_id":3,"allowed_roles":["purok_leader","admin"]} 
[2026-02-08 22:13:50] local.INFO: PurokLeaderMiddleware - User check {"user_id":46,"user_role":"purok_leader","purok_id":3,"allowed_roles":["purok_leader","admin"]} 
[2026-02-08 22:13:57] local.INFO: PurokLeaderMiddleware - User check {"user_id":46,"user_role":"purok_leader","purok_id":3,"allowed_roles":["purok_leader","admin"]} 
[2026-02-08 22:14:44] local.INFO: PurokLeaderMiddleware - User check {"user_id":46,"user_role":"purok_leader","purok_id":3,"allowed_roles":["purok_leader","admin"]} 
[2026-02-08 22:14:45] local.DEBUG: CheckRole: Checking access {"user_id":20,"user_role":"secretary","allowed_roles":["barangay_captain","barangay_kagawad","secretary","purok_leader","admin"],"path":"reports/purok-clearance"} 
[2026-02-08 22:14:45] local.DEBUG: CheckRole: Checking access {"user_id":17,"user_role":"barangay_captain","allowed_roles":["secretary","barangay_captain","barangay_kagawad","admin"],"path":"official/requests/130/document"} 
[2026-02-08 22:17:08] local.DEBUG: CheckRole: Checking access {"user_id":20,"user_role":"secretary","allowed_roles":["barangay_captain","barangay_kagawad","secretary","purok_leader","admin"],"path":"reports/purok-clearance"} 
[2026-02-08 22:17:09] local.DEBUG: CheckRole: Checking access {"user_id":17,"user_role":"barangay_captain","allowed_roles":["secretary","barangay_captain","barangay_kagawad","admin"],"path":"official/requests/130/document"} 
[2026-02-08 22:17:11] local.INFO: PurokLeaderMiddleware - User check {"user_id":46,"user_role":"purok_leader","purok_id":3,"allowed_roles":["purok_leader","admin"]} 
[2026-02-08 22:17:20] local.DEBUG: CheckRole: Checking access {"user_id":17,"user_role":"barangay_captain","allowed_roles":["secretary","barangay_captain","barangay_kagawad","admin"],"path":"official/requests/130/document"} 
[2026-02-08 22:17:21] local.DEBUG: CheckRole: Checking access {"user_id":20,"user_role":"secretary","allowed_roles":["barangay_captain","barangay_kagawad","secretary","purok_leader","admin"],"path":"reports/purok-clearance"} 
[2026-02-08 22:17:22] local.INFO: PurokLeaderMiddleware - User check {"user_id":46,"user_role":"purok_leader","purok_id":3,"allowed_roles":["purok_leader","admin"]} 
[2026-02-08 22:17:26] local.INFO: PurokLeaderMiddleware - User check {"user_id":46,"user_role":"purok_leader","purok_id":3,"allowed_roles":["purok_leader","admin"]} 
[2026-02-08 22:17:31] local.DEBUG: CheckRole: Checking access {"user_id":20,"user_role":"secretary","allowed_roles":["barangay_captain","barangay_kagawad","secretary","purok_leader","admin"],"path":"reports/purok-clearance"} 
[2026-02-08 22:17:32] local.DEBUG: CheckRole: Checking access {"user_id":17,"user_role":"barangay_captain","allowed_roles":["secretary","barangay_captain","barangay_kagawad","admin"],"path":"official/requests/130/document"} 
[2026-02-08 22:17:34] local.INFO: PurokLeaderMiddleware - User check {"user_id":46,"user_role":"purok_leader","purok_id":3,"allowed_roles":["purok_leader","admin"]} 
[2026-02-08 22:17:36] local.INFO: PurokLeaderMiddleware - User check {"user_id":46,"user_role":"purok_leader","purok_id":3,"allowed_roles":["purok_leader","admin"]} 
[2026-02-08 22:17:46] local.DEBUG: CheckRole: Checking access {"user_id":20,"user_role":"secretary","allowed_roles":["barangay_captain","barangay_kagawad","secretary","purok_leader","admin"],"path":"reports/purok-clearance"} 
[2026-02-08 22:17:47] local.INFO: PurokLeaderMiddleware - User check {"user_id":46,"user_role":"purok_leader","purok_id":3,"allowed_roles":["purok_leader","admin"]} 
[2026-02-08 22:17:47] local.DEBUG: CheckRole: Checking access {"user_id":17,"user_role":"barangay_captain","allowed_roles":["secretary","barangay_captain","barangay_kagawad","admin"],"path":"official/requests/130/document"} 
[2026-02-08 22:18:31] local.INFO: PurokLeaderMiddleware - User check {"user_id":46,"user_role":"purok_leader","purok_id":3,"allowed_roles":["purok_leader","admin"]} 
[2026-02-08 22:18:36] local.INFO: PurokLeaderMiddleware - User check {"user_id":46,"user_role":"purok_leader","purok_id":3,"allowed_roles":["purok_leader","admin"]} 
[2026-02-08 22:21:28] local.DEBUG: CheckRole: Checking access {"user_id":17,"user_role":"barangay_captain","allowed_roles":["secretary","barangay_captain","barangay_kagawad","admin"],"path":"official/requests/130/document"} 
[2026-02-08 22:21:30] local.DEBUG: CheckRole: Checking access {"user_id":20,"user_role":"secretary","allowed_roles":["barangay_captain","barangay_kagawad","secretary","purok_leader","admin"],"path":"reports/purok-clearance"} 
[2026-02-08 22:21:31] local.INFO: PurokLeaderMiddleware - User check {"user_id":46,"user_role":"purok_leader","purok_id":3,"allowed_roles":["purok_leader","admin"]} 
[2026-02-08 22:21:32] local.INFO: PurokLeaderMiddleware - User check {"user_id":46,"user_role":"purok_leader","purok_id":3,"allowed_roles":["purok_leader","admin"]} 
[2026-02-08 22:21:38] local.INFO: PurokLeaderMiddleware - User check {"user_id":46,"user_role":"purok_leader","purok_id":3,"allowed_roles":["purok_leader","admin"]} 
[2026-02-08 22:21:40] local.INFO: PurokLeaderMiddleware - User check {"user_id":46,"user_role":"purok_leader","purok_id":3,"allowed_roles":["purok_leader","admin"]} 
[2026-02-08 22:21:44] local.DEBUG: CheckRole: Checking access {"user_id":17,"user_role":"barangay_captain","allowed_roles":["secretary","barangay_captain","barangay_kagawad","admin"],"path":"official/requests/130/document"} 
[2026-02-08 22:21:45] local.DEBUG: CheckRole: Checking access {"user_id":20,"user_role":"secretary","allowed_roles":["barangay_captain","barangay_kagawad","secretary","purok_leader","admin"],"path":"reports/purok-clearance"} 
[2026-02-08 22:21:49] local.DEBUG: CheckRole: Checking access {"user_id":20,"user_role":"secretary","allowed_roles":["barangay_captain","barangay_kagawad","secretary","purok_leader","admin"],"path":"reports/purok-clearance"} 
[2026-02-08 22:21:51] local.DEBUG: CheckRole: Checking access {"user_id":17,"user_role":"barangay_captain","allowed_roles":["secretary","barangay_captain","barangay_kagawad","admin"],"path":"official/requests/130/document"} 
[2026-02-08 22:21:52] local.INFO: PurokLeaderMiddleware - User check {"user_id":46,"user_role":"purok_leader","purok_id":3,"allowed_roles":["purok_leader","admin"]} 
[2026-02-08 22:22:03] local.DEBUG: CheckRole: Checking access {"user_id":17,"user_role":"barangay_captain","allowed_roles":["secretary","barangay_captain","barangay_kagawad","admin"],"path":"official/requests/130/document"} 
[2026-02-08 22:22:05] local.DEBUG: CheckRole: Checking access {"user_id":20,"user_role":"secretary","allowed_roles":["barangay_captain","barangay_kagawad","secretary","purok_leader","admin"],"path":"reports/purok-clearance"} 
[2026-02-08 22:22:06] local.INFO: PurokLeaderMiddleware - User check {"user_id":46,"user_role":"purok_leader","purok_id":3,"allowed_roles":["purok_leader","admin"]} 
[2026-02-08 22:22:12] local.INFO: PurokLeaderMiddleware - User check {"user_id":46,"user_role":"purok_leader","purok_id":3,"allowed_roles":["purok_leader","admin"]} 
[2026-02-08 22:23:58] local.DEBUG: CheckRole: Checking access {"user_id":17,"user_role":"barangay_captain","allowed_roles":["secretary","barangay_captain","barangay_kagawad","admin"],"path":"official/requests/130/document"} 
[2026-02-08 22:23:59] local.DEBUG: CheckRole: Checking access {"user_id":20,"user_role":"secretary","allowed_roles":["barangay_captain","barangay_kagawad","secretary","purok_leader","admin"],"path":"reports/purok-clearance"} 
[2026-02-08 22:24:00] local.INFO: PurokLeaderMiddleware - User check {"user_id":46,"user_role":"purok_leader","purok_id":3,"allowed_roles":["purok_leader","admin"]} 
[2026-02-08 22:24:44] local.DEBUG: CheckRole: Checking access {"user_id":17,"user_role":"barangay_captain","allowed_roles":["secretary","barangay_captain","barangay_kagawad","admin"],"path":"official/requests/130/document"} 
[2026-02-08 22:24:45] local.DEBUG: CheckRole: Checking access {"user_id":20,"user_role":"secretary","allowed_roles":["barangay_captain","barangay_kagawad","secretary","purok_leader","admin"],"path":"reports/purok-clearance"} 
[2026-02-08 22:24:46] local.INFO: PurokLeaderMiddleware - User check {"user_id":46,"user_role":"purok_leader","purok_id":3,"allowed_roles":["purok_leader","admin"]} 
[2026-02-08 22:24:47] local.DEBUG: CheckRole: Checking access {"user_id":20,"user_role":"secretary","allowed_roles":["barangay_captain","barangay_kagawad","secretary","purok_leader","admin"],"path":"reports/purok-clearance"} 
[2026-02-08 22:24:48] local.INFO: PurokLeaderMiddleware - User check {"user_id":46,"user_role":"purok_leader","purok_id":3,"allowed_roles":["purok_leader","admin"]} 
[2026-02-08 22:25:10] local.DEBUG: CheckRole: Checking access {"user_id":20,"user_role":"secretary","allowed_roles":["secretary","barangay_captain","barangay_kagawad","admin"],"path":"official/requests/132/document"} 
[2026-02-08 22:25:29] local.DEBUG: CheckRole: Checking access {"user_id":20,"user_role":"secretary","allowed_roles":["secretary","barangay_captain","barangay_kagawad","admin"],"path":"official/requests/132/document/finalize"} 
[2026-02-08 22:26:18] local.INFO: PurokLeaderMiddleware - User check {"user_id":46,"user_role":"purok_leader","purok_id":3,"allowed_roles":["purok_leader","admin"]} 
[2026-02-08 22:31:14] local.DEBUG: CheckRole: Checking access {"user_id":17,"user_role":"barangay_captain","allowed_roles":["secretary","barangay_captain","barangay_kagawad","admin"],"path":"official/requests/130/document"} 
[2026-02-08 22:31:15] local.DEBUG: CheckRole: Checking access {"user_id":20,"user_role":"secretary","allowed_roles":["secretary","barangay_captain","barangay_kagawad","admin"],"path":"official/requests/132/document"} 
[2026-02-08 22:31:16] local.INFO: PurokLeaderMiddleware - User check {"user_id":46,"user_role":"purok_leader","purok_id":3,"allowed_roles":["purok_leader","admin"]} 
[2026-02-08 22:34:37] local.INFO: PurokLeaderMiddleware - User check {"user_id":46,"user_role":"purok_leader","purok_id":3,"allowed_roles":["purok_leader","admin"]} 
[2026-02-08 22:34:46] local.DEBUG: CheckRole: Checking access {"user_id":20,"user_role":"secretary","allowed_roles":["secretary","barangay_captain","barangay_kagawad","admin"],"path":"official/requests/132/document"} 
[2026-02-08 22:34:47] local.DEBUG: CheckRole: Checking access {"user_id":17,"user_role":"barangay_captain","allowed_roles":["secretary","barangay_captain","barangay_kagawad","admin"],"path":"official/requests/130/document"} 
[2026-02-08 22:34:48] local.INFO: PurokLeaderMiddleware - User check {"user_id":46,"user_role":"purok_leader","purok_id":3,"allowed_roles":["purok_leader","admin"]} 
[2026-02-08 22:35:29] local.INFO: PurokLeaderMiddleware - User check {"user_id":46,"user_role":"purok_leader","purok_id":3,"allowed_roles":["purok_leader","admin"]} 
[2026-02-08 22:35:45] local.INFO: PurokLeaderMiddleware - User check {"user_id":46,"user_role":"purok_leader","purok_id":3,"allowed_roles":["purok_leader","admin"]} 
[2026-02-08 22:38:21] local.INFO: PurokLeaderMiddleware - User check {"user_id":46,"user_role":"purok_leader","purok_id":3,"allowed_roles":["purok_leader","admin"]} 
[2026-02-08 22:39:34] local.INFO: PurokLeaderMiddleware - User check {"user_id":46,"user_role":"purok_leader","purok_id":3,"allowed_roles":["purok_leader","admin"]} 
[2026-02-08 22:39:37] local.INFO: PurokLeaderMiddleware - User check {"user_id":46,"user_role":"purok_leader","purok_id":3,"allowed_roles":["purok_leader","admin"]} 
[2026-02-08 22:39:53] local.INFO: PurokLeaderMiddleware - User check {"user_id":46,"user_role":"purok_leader","purok_id":3,"allowed_roles":["purok_leader","admin"]} 
[2026-02-08 22:40:08] local.INFO: PurokLeaderMiddleware - User check {"user_id":46,"user_role":"purok_leader","purok_id":3,"allowed_roles":["purok_leader","admin"]} 
[2026-02-08 22:43:32] local.INFO: PurokLeaderMiddleware - User check {"user_id":46,"user_role":"purok_leader","purok_id":3,"allowed_roles":["purok_leader","admin"]} 
[2026-02-08 22:43:35] local.INFO: PurokLeaderMiddleware - User check {"user_id":46,"user_role":"purok_leader","purok_id":3,"allowed_roles":["purok_leader","admin"]} 
[2026-02-08 22:44:01] local.INFO: PurokLeaderMiddleware - User check {"user_id":46,"user_role":"purok_leader","purok_id":3,"allowed_roles":["purok_leader","admin"]} 
[2026-02-08 22:44:02] local.ERROR: Call to undefined method App\Models\Request::notify() {"userId":46,"exception":"[object] (BadMethodCallException(code: 0): Call to undefined method App\\Models\\Request::notify() at C:/Users/PC/Documents/Capstone/Capstone System/kalawag_brgy_system/vendor/laravel/framework/src/Illuminate/Support/Traits/ForwardsCalls.php:67)
[stacktrace]
#0 C:/Users/PC/Documents/Capstone/Capstone System/kalawag_brgy_system/vendor/laravel/framework/src/Illuminate/Support/Traits/ForwardsCalls.php(36): Illuminate/Database/Eloquent/Model::throwBadMethodCallException('notify')
#1 C:/Users/PC/Documents/Capstone/Capstone System/kalawag_brgy_system/vendor/laravel/framework/src/Illuminate/Database/Eloquent/Model.php(2372): Illuminate/Database/Eloquent/Model->forwardCallTo(Object(Illuminate/Database/Eloquent/Builder), 'notify', Array)
#2 C:/Users/PC/Documents/Capstone/Capstone System/kalawag_brgy_system/app/Http/Controllers/Pdf/PurokClearanceDocumentController.php(314): Illuminate/Database/Eloquent/Model->__call('notify', Array)
#3 C:/Users/PC/Documents/Capstone/Capstone System/kalawag_brgy_system/vendor/laravel/framework/src/Illuminate/Routing/Controller.php(54): App/Http/Controllers/Pdf/PurokClearanceDocumentController->finalize(Object(App/Models/Request), Object(Illuminate/Http/Request))
#4 C:/Users/PC/Documents/Capstone/Capstone System/kalawag_brgy_system/vendor/laravel/framework/src/Illuminate/Routing/ControllerDispatcher.php(44): Illuminate/Routing/Controller->callAction('finalize', Array)
#5 C:/Users/PC/Documents/Capstone/Capstone System/kalawag_brgy_system/vendor/laravel/framework/src/Illuminate/Routing/Route.php(266): Illuminate/Routing/ControllerDispatcher->dispatch(Object(Illuminate/Routing/Route), Object(App/Http/Controllers/Pdf/PurokClearanceDocumentController), 'finalize')
#6 C:/Users/PC/Documents/Capstone/Capstone System/kalawag_brgy_system/vendor/laravel/framework/src/Illuminate/Routing/Route.php(212): Illuminate/Routing/Route->runController()
#7 C:/Users/PC/Documents/Capstone/Capstone System/kalawag_brgy_system/vendor/laravel/framework/src/Illuminate/Routing/Router.php(808): Illuminate/Routing/Route->run()
#8 C:/Users/PC/Documents/Capstone/Capstone System/kalawag_brgy_system/vendor/laravel/framework/src/Illuminate/Pipeline/Pipeline.php(170): Illuminate/Routing/Router->Illuminate/Routing/{closure}(Object(Illuminate/Http/Request))
#9 C:/Users/PC/Documents/Capstone/Capstone System/kalawag_brgy_system/app/Http/Middleware/PurokLeaderMiddleware.php(44): Illuminate/Pipeline/Pipeline->Illuminate/Pipeline/{closure}(Object(Illuminate/Http/Request))
#10 C:/Users/PC/Documents/Capstone/Capstone System/kalawag_brgy_system/vendor/laravel/framework/src/Illuminate/Pipeline/Pipeline.php(209): App/Http/Middleware/PurokLeaderMiddleware->handle(Object(Illuminate/Http/Request), Object(Closure))
#11 C:/Users/PC/Documents/Capstone/Capstone System/kalawag_brgy_system/app/Http/Middleware/CheckForPendingFeedback.php(29): Illuminate/Pipeline/Pipeline->Illuminate/Pipeline/{closure}(Object(Illuminate/Http/Request))
#12 C:/Users/PC/Documents/Capstone/Capstone System/kalawag_brgy_system/vendor/laravel/framework/src/Illuminate/Pipeline/Pipeline.php(209): App/Http/Middleware/CheckForPendingFeedback->handle(Object(Illuminate/Http/Request), Object(Closure))
#13 C:/Users/PC/Documents/Capstone/Capstone System/kalawag_brgy_system/app/Http/Middleware/CheckFeedbackEligibility.php(57): Illuminate/Pipeline/Pipeline->Illuminate/Pipeline/{closure}(Object(Illuminate/Http/Request))
#14 C:/Users/PC/Documents/Capstone/Capstone System/kalawag_brgy_system/vendor/laravel/framework/src/Illuminate/Pipeline/Pipeline.php(209): App/Http/Middleware/CheckFeedbackEligibility->handle(Object(Illuminate/Http/Request), Object(Closure))
#15 C:/Users/PC/Documents/Capstone/Capstone System/kalawag_brgy_system/vendor/laravel/framework/src/Illuminate/Routing/Middleware/SubstituteBindings.php(51): Illuminate/Pipeline/Pipeline->Illuminate/Pipeline/{closure}(Object(Illuminate/Http/Request))
#16 C:/Users/PC/Documents/Capstone/Capstone System/kalawag_brgy_system/vendor/laravel/framework/src/Illuminate/Pipeline/Pipeline.php(209): Illuminate/Routing/Middleware/SubstituteBindings->handle(Object(Illuminate/Http/Request), Object(Closure))
#17 C:/Users/PC/Documents/Capstone/Capstone System/kalawag_brgy_system/vendor/laravel/framework/src/Illuminate/Auth/Middleware/Authenticate.php(64): Illuminate/Pipeline/Pipeline->Illuminate/Pipeline/{closure}(Object(Illuminate/Http/Request))
#18 C:/Users/PC/Documents/Capstone/Capstone System/kalawag_brgy_system/vendor/laravel/framework/src/Illuminate/Pipeline/Pipeline.php(209): Illuminate/Auth/Middleware/Authenticate->handle(Object(Illuminate/Http/Request), Object(Closure))
#19 C:/Users/PC/Documents/Capstone/Capstone System/kalawag_brgy_system/vendor/laravel/framework/src/Illuminate/Foundation/Http/Middleware/VerifyCsrfToken.php(88): Illuminate/Pipeline/Pipeline->Illuminate/Pipeline/{closure}(Object(Illuminate/Http/Request))
#20 C:/Users/PC/Documents/Capstone/Capstone System/kalawag_brgy_system/vendor/laravel/framework/src/Illuminate/Pipeline/Pipeline.php(209): Illuminate/Foundation/Http/Middleware/VerifyCsrfToken->handle(Object(Illuminate/Http/Request), Object(Closure))
#21 C:/Users/PC/Documents/Capstone/Capstone System/kalawag_brgy_system/vendor/laravel/framework/src/Illuminate/View/Middleware/ShareErrorsFromSession.php(49): Illuminate/Pipeline/Pipeline->Illuminate/Pipeline/{closure}(Object(Illuminate/Http/Request))
#22 C:/Users/PC/Documents/Capstone/Capstone System/kalawag_brgy_system/vendor/laravel/framework/src/Illuminate/Pipeline/Pipeline.php(209): Illuminate/View/Middleware/ShareErrorsFromSession->handle(Object(Illuminate/Http/Request), Object(Closure))
#23 C:/Users/PC/Documents/Capstone/Capstone System/kalawag_brgy_system/vendor/laravel/framework/src/Illuminate/Session/Middleware/StartSession.php(121): Illuminate/Pipeline/Pipeline->Illuminate/Pipeline/{closure}(Object(Illuminate/Http/Request))
#24 C:/Users/PC/Documents/Capstone/Capstone System/kalawag_brgy_system/vendor/laravel/framework/src/Illuminate/Session/Middleware/StartSession.php(64): Illuminate/Session/Middleware/StartSession->handleStatefulRequest(Object(Illuminate/Http/Request), Object(Illuminate/Session/Store), Object(Closure))
#25 C:/Users/PC/Documents/Capstone/Capstone System/kalawag_brgy_system/vendor/laravel/framework/src/Illuminate/Pipeline/Pipeline.php(209): Illuminate/Session/Middleware/StartSession->handle(Object(Illuminate/Http/Request), Object(Closure))
#26 C:/Users/PC/Documents/Capstone/Capstone System/kalawag_brgy_system/vendor/laravel/framework/src/Illuminate/Cookie/Middleware/AddQueuedCookiesToResponse.php(37): Illuminate/Pipeline/Pipeline->Illuminate/Pipeline/{closure}(Object(Illuminate/Http/Request))
#27 C:/Users/PC/Documents/Capstone/Capstone System/kalawag_brgy_system/vendor/laravel/framework/src/Illuminate/Pipeline/Pipeline.php(209): Illuminate/Cookie/Middleware/AddQueuedCookiesToResponse->handle(Object(Illuminate/Http/Request), Object(Closure))
#28 C:/Users/PC/Documents/Capstone/Capstone System/kalawag_brgy_system/vendor/laravel/framework/src/Illuminate/Cookie/Middleware/EncryptCookies.php(75): Illuminate/Pipeline/Pipeline->Illuminate/Pipeline/{closure}(Object(Illuminate/Http/Request))
#29 C:/Users/PC/Documents/Capstone/Capstone System/kalawag_brgy_system/vendor/laravel/framework/src/Illuminate/Pipeline/Pipeline.php(209): Illuminate/Cookie/Middleware/EncryptCookies->handle(Object(Illuminate/Http/Request), Object(Closure))
#30 C:/Users/PC/Documents/Capstone/Capstone System/kalawag_brgy_system/vendor/laravel/framework/src/Illuminate/Pipeline/Pipeline.php(127): Illuminate/Pipeline/Pipeline->Illuminate/Pipeline/{closure}(Object(Illuminate/Http/Request))
#31 C:/Users/PC/Documents/Capstone/Capstone System/kalawag_brgy_system/vendor/laravel/framework/src/Illuminate/Routing/Router.php(807): Illuminate/Pipeline/Pipeline->then(Object(Closure))
#32 C:/Users/PC/Documents/Capstone/Capstone System/kalawag_brgy_system/vendor/laravel/framework/src/Illuminate/Routing/Router.php(786): Illuminate/Routing/Router->runRouteWithinStack(Object(Illuminate/Routing/Route), Object(Illuminate/Http/Request))
#33 C:/Users/PC/Documents/Capstone/Capstone System/kalawag_brgy_system/vendor/laravel/framework/src/Illuminate/Routing/Router.php(750): Illuminate/Routing/Router->runRoute(Object(Illuminate/Http/Request), Object(Illuminate/Routing/Route))
#34 C:/Users/PC/Documents/Capstone/Capstone System/kalawag_brgy_system/vendor/laravel/framework/src/Illuminate/Routing/Router.php(739): Illuminate/Routing/Router->dispatchToRoute(Object(Illuminate/Http/Request))
#35 C:/Users/PC/Documents/Capstone/Capstone System/kalawag_brgy_system/vendor/laravel/framework/src/Illuminate/Foundation/Http/Kernel.php(201): Illuminate/Routing/Router->dispatch(Object(Illuminate/Http/Request))
#36 C:/Users/PC/Documents/Capstone/Capstone System/kalawag_brgy_system/vendor/laravel/framework/src/Illuminate/Pipeline/Pipeline.php(170): Illuminate/Foundation/Http/Kernel->Illuminate/Foundation/Http/{closure}(Object(Illuminate/Http/Request))
#37 C:/Users/PC/Documents/Capstone/Capstone System/kalawag_brgy_system/vendor/laravel/framework/src/Illuminate/Foundation/Http/Middleware/TransformsRequest.php(21): Illuminate/Pipeline/Pipeline->Illuminate/Pipeline/{closure}(Object(Illuminate/Http/Request))
#38 C:/Users/PC/Documents/Capstone/Capstone System/kalawag_brgy_system/vendor/laravel/framework/src/Illuminate/Foundation/Http/Middleware/ConvertEmptyStringsToNull.php(31): Illuminate/Foundation/Http/Middleware/TransformsRequest->handle(Object(Illuminate/Http/Request), Object(Closure))
#39 C:/Users/PC/Documents/Capstone/Capstone System/kalawag_brgy_system/vendor/laravel/framework/src/Illuminate/Pipeline/Pipeline.php(209): Illuminate/Foundation/Http/Middleware/ConvertEmptyStringsToNull->handle(Object(Illuminate/Http/Request), Object(Closure))
#40 C:/Users/PC/Documents/Capstone/Capstone System/kalawag_brgy_system/vendor/laravel/framework/src/Illuminate/Foundation/Http/Middleware/TransformsRequest.php(21): Illuminate/Pipeline/Pipeline->Illuminate/Pipeline/{closure}(Object(Illuminate/Http/Request))
#41 C:/Users/PC/Documents/Capstone/Capstone System/kalawag_brgy_system/vendor/laravel/framework/src/Illuminate/Foundation/Http/Middleware/TrimStrings.php(51): Illuminate/Foundation/Http/Middleware/TransformsRequest->handle(Object(Illuminate/Http/Request), Object(Closure))
#42 C:/Users/PC/Documents/Capstone/Capstone System/kalawag_brgy_system/vendor/laravel/framework/src/Illuminate/Pipeline/Pipeline.php(209): Illuminate/Foundation/Http/Middleware/TrimStrings->handle(Object(Illuminate/Http/Request), Object(Closure))
#43 C:/Users/PC/Documents/Capstone/Capstone System/kalawag_brgy_system/vendor/laravel/framework/src/Illuminate/Http/Middleware/ValidatePostSize.php(27): Illuminate/Pipeline/Pipeline->Illuminate/Pipeline/{closure}(Object(Illuminate/Http/Request))
#44 C:/Users/PC/Documents/Capstone/Capstone System/kalawag_brgy_system/vendor/laravel/framework/src/Illuminate/Pipeline/Pipeline.php(209): Illuminate/Http/Middleware/ValidatePostSize->handle(Object(Illuminate/Http/Request), Object(Closure))
#45 C:/Users/PC/Documents/Capstone/Capstone System/kalawag_brgy_system/vendor/laravel/framework/src/Illuminate/Foundation/Http/Middleware/PreventRequestsDuringMaintenance.php(110): Illuminate/Pipeline/Pipeline->Illuminate/Pipeline/{closure}(Object(Illuminate/Http/Request))
#46 C:/Users/PC/Documents/Capstone/Capstone System/kalawag_brgy_system/vendor/laravel/framework/src/Illuminate/Pipeline/Pipeline.php(209): Illuminate/Foundation/Http/Middleware/PreventRequestsDuringMaintenance->handle(Object(Illuminate/Http/Request), Object(Closure))
#47 C:/Users/PC/Documents/Capstone/Capstone System/kalawag_brgy_system/vendor/laravel/framework/src/Illuminate/Http/Middleware/HandleCors.php(49): Illuminate/Pipeline/Pipeline->Illuminate/Pipeline/{closure}(Object(Illuminate/Http/Request))
#48 C:/Users/PC/Documents/Capstone/Capstone System/kalawag_brgy_system/vendor/laravel/framework/src/Illuminate/Pipeline/Pipeline.php(209): Illuminate/Http/Middleware/HandleCors->handle(Object(Illuminate/Http/Request), Object(Closure))
#49 C:/Users/PC/Documents/Capstone/Capstone System/kalawag_brgy_system/vendor/laravel/framework/src/Illuminate/Http/Middleware/TrustProxies.php(58): Illuminate/Pipeline/Pipeline->Illuminate/Pipeline/{closure}(Object(Illuminate/Http/Request))
#50 C:/Users/PC/Documents/Capstone/Capstone System/kalawag_brgy_system/vendor/laravel/framework/src/Illuminate/Pipeline/Pipeline.php(209): Illuminate/Http/Middleware/TrustProxies->handle(Object(Illuminate/Http/Request), Object(Closure))
#51 C:/Users/PC/Documents/Capstone/Capstone System/kalawag_brgy_system/vendor/laravel/framework/src/Illuminate/Foundation/Http/Middleware/InvokeDeferredCallbacks.php(22): Illuminate/Pipeline/Pipeline->Illuminate/Pipeline/{closure}(Object(Illuminate/Http/Request))
#52 C:/Users/PC/Documents/Capstone/Capstone System/kalawag_brgy_system/vendor/laravel/framework/src/Illuminate/Pipeline/Pipeline.php(209): Illuminate/Foundation/Http/Middleware/InvokeDeferredCallbacks->handle(Object(Illuminate/Http/Request), Object(Closure))
#53 C:/Users/PC/Documents/Capstone/Capstone System/kalawag_brgy_system/vendor/laravel/framework/src/Illuminate/Pipeline/Pipeline.php(127): Illuminate/Pipeline/Pipeline->Illuminate/Pipeline/{closure}(Object(Illuminate/Http/Request))
#54 C:/Users/PC/Documents/Capstone/Capstone System/kalawag_brgy_system/vendor/laravel/framework/src/Illuminate/Foundation/Http/Kernel.php(176): Illuminate/Pipeline/Pipeline->then(Object(Closure))
#55 C:/Users/PC/Documents/Capstone/Capstone System/kalawag_brgy_system/vendor/laravel/framework/src/Illuminate/Foundation/Http/Kernel.php(145): Illuminate/Foundation/Http/Kernel->sendRequestThroughRouter(Object(Illuminate/Http/Request))
#56 C:/Users/PC/Documents/Capstone/Capstone System/kalawag_brgy_system/vendor/laravel/framework/src/Illuminate/Foundation/Application.php(1220): Illuminate/Foundation/Http/Kernel->handle(Object(Illuminate/Http/Request))
#57 C:/Users/PC/Documents/Capstone/Capstone System/kalawag_brgy_system/public/index.php(20): Illuminate/Foundation/Application->handleRequest(Object(Illuminate/Http/Request))
#58 C:/Users/PC/Documents/Capstone/Capstone System/kalawag_brgy_system/vendor/laravel/framework/src/Illuminate/Foundation/resources/server.php(23): require_once('C://Users//PC//Doc...')
#59 {main}
"} 
[2026-02-08 23:01:48] local.INFO: PurokLeaderMiddleware - User check {"user_id":46,"user_role":"purok_leader","purok_id":3,"allowed_roles":["purok_leader","admin"]} 
[2026-02-08 23:02:01] local.INFO: PurokLeaderMiddleware - User check {"user_id":46,"user_role":"purok_leader","purok_id":3,"allowed_roles":["purok_leader","admin"]} 
[2026-02-08 23:02:04] local.INFO: PurokLeaderMiddleware - User check {"user_id":46,"user_role":"purok_leader","purok_id":3,"allowed_roles":["purok_leader","admin"]} 
[2026-02-08 23:03:09] local.INFO: PurokLeaderMiddleware - User check {"user_id":46,"user_role":"purok_leader","purok_id":3,"allowed_roles":["purok_leader","admin"]} 
[2026-02-08 23:03:16] local.INFO: PurokLeaderMiddleware - User check {"user_id":46,"user_role":"purok_leader","purok_id":3,"allowed_roles":["purok_leader","admin"]} 
[2026-02-08 23:03:42] local.DEBUG: CheckRole: Checking access {"user_id":20,"user_role":"secretary","allowed_roles":["barangay_captain","barangay_kagawad","secretary","purok_leader","admin"],"path":"reports/purok-clearance"} 
[2026-02-08 23:03:49] local.INFO: PurokLeaderMiddleware - User check {"user_id":46,"user_role":"purok_leader","purok_id":3,"allowed_roles":["purok_leader","admin"]} 
[2026-02-08 23:03:55] local.INFO: PurokLeaderMiddleware - User check {"user_id":46,"user_role":"purok_leader","purok_id":3,"allowed_roles":["purok_leader","admin"]} 
[2026-02-08 23:05:52] local.INFO: PurokLeaderMiddleware - User check {"user_id":46,"user_role":"purok_leader","purok_id":3,"allowed_roles":["purok_leader","admin"]} 
[2026-02-08 23:06:52] local.ERROR: Error in CheckForPendingFeedback: SQLSTATE[42S22]: Column not found: 1054 Unknown column 'resolved_at' in 'order clause' (Connection: mysql, SQL: select * from `incident_reports` where `user_id` = 17 and `status` = resolved and `feedback_skipped` = 0 and `feedback_submitted_at` is null and `feedback_dismissed_at` is null order by `resolved_at` desc limit 1)  
[2026-02-08 23:07:19] local.DEBUG: CheckRole: Checking access {"user_id":20,"user_role":"secretary","allowed_roles":["secretary","barangay_captain","barangay_kagawad","admin"],"path":"official/requests/135/document"} 
[2026-02-08 23:07:24] local.DEBUG: CheckRole: Checking access {"user_id":20,"user_role":"secretary","allowed_roles":["barangay_captain","barangay_kagawad","secretary","purok_leader","admin"],"path":"reports/purok-clearance"} 
[2026-02-08 23:07:37] local.DEBUG: CheckRole: Checking access {"user_id":20,"user_role":"secretary","allowed_roles":["barangay_captain","barangay_kagawad","secretary","purok_leader","admin"],"path":"reports/purok-clearance"} 
[2026-02-08 23:07:39] local.DEBUG: CheckRole: Checking access {"user_id":20,"user_role":"secretary","allowed_roles":["secretary","barangay_captain","barangay_kagawad","admin"],"path":"official/requests/136/document"} 
[2026-02-08 23:07:44] local.DEBUG: CheckRole: Checking access {"user_id":20,"user_role":"secretary","allowed_roles":["secretary","barangay_captain","barangay_kagawad","admin"],"path":"official/requests/136/document/finalize"} 
[2026-02-08 23:07:53] local.INFO: PurokLeaderMiddleware - User check {"user_id":46,"user_role":"purok_leader","purok_id":3,"allowed_roles":["purok_leader","admin"]} 
[2026-02-08 23:10:15] local.INFO: PurokLeaderMiddleware - User check {"user_id":46,"user_role":"purok_leader","purok_id":3,"allowed_roles":["purok_leader","admin"]} 
[2026-02-08 23:10:17] local.INFO: PurokLeaderMiddleware - User check {"user_id":46,"user_role":"purok_leader","purok_id":3,"allowed_roles":["purok_leader","admin"]} 
[2026-02-08 23:10:21] local.INFO: PurokLeaderMiddleware - User check {"user_id":46,"user_role":"purok_leader","purok_id":3,"allowed_roles":["purok_leader","admin"]} 
[2026-02-08 23:11:49] local.INFO: PurokLeaderMiddleware - User check {"user_id":46,"user_role":"purok_leader","purok_id":3,"allowed_roles":["purok_leader","admin"]} 
[2026-02-08 23:11:52] local.INFO: PurokLeaderMiddleware - User check {"user_id":46,"user_role":"purok_leader","purok_id":3,"allowed_roles":["purok_leader","admin"]} 
[2026-02-08 23:12:40] local.INFO: PurokLeaderMiddleware - User check {"user_id":46,"user_role":"purok_leader","purok_id":3,"allowed_roles":["purok_leader","admin"]} 
[2026-02-08 23:15:31] local.INFO: PurokLeaderMiddleware - User check {"user_id":46,"user_role":"purok_leader","purok_id":3,"allowed_roles":["purok_leader","admin"]} 
[2026-02-08 23:16:14] local.INFO: PurokLeaderMiddleware - User check {"user_id":46,"user_role":"purok_leader","purok_id":3,"allowed_roles":["purok_leader","admin"]} 
[2026-02-08 23:16:40] local.INFO: PurokLeaderMiddleware - User check {"user_id":46,"user_role":"purok_leader","purok_id":3,"allowed_roles":["purok_leader","admin"]} 
[2026-02-08 23:17:09] local.INFO: PurokLeaderMiddleware - User check {"user_id":46,"user_role":"purok_leader","purok_id":3,"allowed_roles":["purok_leader","admin"]} 
[2026-02-08 23:17:40] local.INFO: PurokLeaderMiddleware - User check {"user_id":46,"user_role":"purok_leader","purok_id":3,"allowed_roles":["purok_leader","admin"]} 
[2026-02-08 23:19:15] local.INFO: PurokLeaderMiddleware - User check {"user_id":46,"user_role":"purok_leader","purok_id":3,"allowed_roles":["purok_leader","admin"]} 
[2026-02-08 23:19:41] local.INFO: PurokLeaderMiddleware - User check {"user_id":46,"user_role":"purok_leader","purok_id":3,"allowed_roles":["purok_leader","admin"]} 
[2026-02-08 23:22:12] local.DEBUG: CheckRole: Checking access {"user_id":17,"user_role":"barangay_captain","allowed_roles":["barangay_captain","barangay_kagawad","secretary","purok_leader","admin"],"path":"reports/purok-clearance"} 
[2026-02-08 23:22:15] local.DEBUG: CheckRole: Checking access {"user_id":17,"user_role":"barangay_captain","allowed_roles":["secretary","barangay_captain","barangay_kagawad","admin"],"path":"official/requests/139/document"} 
[2026-02-08 23:23:14] local.DEBUG: CheckRole: Checking access {"user_id":17,"user_role":"barangay_captain","allowed_roles":["secretary","barangay_captain","barangay_kagawad","admin"],"path":"official/requests/139/document"} 
[2026-02-08 23:23:16] local.INFO: PurokLeaderMiddleware - User check {"user_id":46,"user_role":"purok_leader","purok_id":3,"allowed_roles":["purok_leader","admin"]} 
[2026-02-08 23:24:11] local.INFO: PurokLeaderMiddleware - User check {"user_id":46,"user_role":"purok_leader","purok_id":3,"allowed_roles":["purok_leader","admin"]} 
[2026-02-08 23:25:15] local.INFO: PurokLeaderMiddleware - User check {"user_id":46,"user_role":"purok_leader","purok_id":3,"allowed_roles":["purok_leader","admin"]} 
[2026-02-08 23:26:09] local.DEBUG: CheckRole: Checking access {"user_id":17,"user_role":"barangay_captain","allowed_roles":["barangay_captain","barangay_kagawad","secretary","purok_leader","admin"],"path":"reports/purok-clearance"} 
[2026-02-08 23:27:30] local.DEBUG: CheckRole: Checking access {"user_id":17,"user_role":"barangay_captain","allowed_roles":["secretary","barangay_captain","barangay_kagawad","admin"],"path":"official/requests/140/document"} 
[2026-02-08 23:27:47] local.DEBUG: RequestPolicy@view - Authorization Check {"user_id":20,"user_role":"secretary","request_user_id":null,"request_status":"completed","is_requester":false,"is_purok_leader":false,"same_purok":false,"is_barangay_official":true,"user_purok_id":null,"request_purok_id":3} 
[2026-02-08 23:27:47] local.DEBUG: RequestPolicy@view - User object {"id":20,"name":"Gee Diamante","first_name":"Gee","middle_name":null,"last_name":"Diamante","suffix":null,"birth_date":null,"gender":null,"civil_status":null,"nationality":null,"occupation":null,"house_number":null,"street":null,"contact_number":null,"date_of_birth":null,"place_of_birth":null,"sex":null,"address":null,"email":"secretary200001@example.com","username":"200001","email_verified_at":null,"role":"secretary","is_approved":true,"is_dummy":0,"approved_at":null,"approved_by":null,"rejected_at":null,"rejected_by":null,"rejection_reason":null,"purok_id":null,"created_at":"2026-02-03T04:10:38.000000Z","updated_at":"2026-02-05T04:13:32.000000Z","leader_flag":null} 
[2026-02-08 23:27:47] local.DEBUG: RequestPolicy@view - Request object {"id":138,"user_id":null,"contact_number":"09569555022","email":"lauricoedison@gmail.com","requester_name":"Edison D. Laurico","birth_date":"2003-02-07T16:00:00.000000Z","gender":"Male","civil_status":null,"occupation":null,"address":"Gallego","form_type":"barangay_clearance","valid_id_front_path":"requests/face/Zhj9DZVjtXUVgtx2P4XIyaUymri1xS8X8x7Ai6SE.jpg","valid_id_back_path":null,"valid_id_path":null,"purpose":"diff email testing","status":"completed","incident_type":"other","remarks":null,"created_at":"2026-02-08T15:10:00.000000Z","updated_at":"2026-02-08T15:10:21.000000Z","last_viewed_at":null,"barangay_rejected_at":null,"barangay_rejected_by":null,"purok_id":3,"purok_leader_id":null,"purok_approved_at":null,"purok_approved_by":null,"purok_notes":null,"purok_private_notes":"{\"age\":23}","barangay_approved_at":null,"barangay_approved_by":null,"barangay_notes":null,"barangay_rejection_reason":null,"document_path":null,"document_generated_at":"2026-02-08T15:10:21.000000Z","feedback_requested_at":null,"feedback_provided_at":null,"feedback_dismissed_at":null,"feedback_skipped":0,"rejected_at":null,"rejected_by":null,"rejection_reason":null} 
[2026-02-08 23:27:47] local.DEBUG: RequestPolicy@view - Allowed: User is barangay official or admin  
[2026-02-08 23:27:57] local.DEBUG: CheckRole: Checking access {"user_id":20,"user_role":"secretary","allowed_roles":["barangay_captain","barangay_kagawad","secretary","purok_leader","admin"],"path":"reports/purok-clearance"} 
[2026-02-08 23:28:00] local.DEBUG: CheckRole: Checking access {"user_id":20,"user_role":"secretary","allowed_roles":["secretary","barangay_captain","barangay_kagawad","admin"],"path":"official/requests/140/document"} 
[2026-02-08 23:28:35] local.DEBUG: CheckRole: Checking access {"user_id":20,"user_role":"secretary","allowed_roles":["secretary","barangay_captain","barangay_kagawad","admin"],"path":"official/requests/140/document"} 
[2026-02-08 23:28:36] local.INFO: PurokLeaderMiddleware - User check {"user_id":46,"user_role":"purok_leader","purok_id":3,"allowed_roles":["purok_leader","admin"]} 
[2026-02-08 23:28:36] local.DEBUG: CheckRole: Checking access {"user_id":17,"user_role":"barangay_captain","allowed_roles":["secretary","barangay_captain","barangay_kagawad","admin"],"path":"official/requests/140/document"} 
[2026-02-08 23:30:10] local.DEBUG: CheckRole: Checking access {"user_id":20,"user_role":"secretary","allowed_roles":["barangay_captain","barangay_kagawad","secretary","purok_leader","admin"],"path":"reports/purok-clearance"} 
[2026-02-08 23:40:59] local.DEBUG: CheckRole: Checking access {"user_id":20,"user_role":"secretary","allowed_roles":["barangay_captain","barangay_kagawad","secretary","purok_leader","admin"],"path":"reports/purok-clearance"} 
[2026-02-08 23:41:00] local.DEBUG: CheckRole: Checking access {"user_id":17,"user_role":"barangay_captain","allowed_roles":["secretary","barangay_captain","barangay_kagawad","admin"],"path":"official/requests/140/document"} 
[2026-02-08 23:41:02] local.INFO: PurokLeaderMiddleware - User check {"user_id":46,"user_role":"purok_leader","purok_id":3,"allowed_roles":["purok_leader","admin"]} 
[2026-02-08 23:41:05] local.INFO: PurokLeaderMiddleware - User check {"user_id":46,"user_role":"purok_leader","purok_id":3,"allowed_roles":["purok_leader","admin"]} 
[2026-02-08 23:41:09] local.DEBUG: CheckRole: Checking access {"user_id":20,"user_role":"secretary","allowed_roles":["secretary","barangay_captain","barangay_kagawad","admin"],"path":"official/requests/138/document"} 
[2026-02-08 23:41:26] local.DEBUG: BarangayApprovalController@index - Starting {"user_id":17,"user_role":"barangay_captain","can_barangay_actions":true,"request_query":[]} 
[2026-02-08 23:41:26] local.DEBUG: BarangayApprovalController@index - Data loaded {"requests_count":0,"puroks_count":18,"selected_purok":null} 
[2026-02-08 23:41:55] local.DEBUG: CheckRole: Checking access {"user_id":17,"user_role":"barangay_captain","allowed_roles":["barangay_captain","admin","barangay_kagawad"],"path":"admin/users"} 
[2026-02-08 23:42:07] local.DEBUG: CheckRole: Checking access {"user_id":17,"user_role":"barangay_captain","allowed_roles":["barangay_captain","admin","barangay_kagawad"],"path":"admin/users/55"} 
[2026-02-08 23:42:12] local.DEBUG: CheckRole: Checking access {"user_id":17,"user_role":"barangay_captain","allowed_roles":["barangay_captain","admin","barangay_kagawad"],"path":"admin/users"} 
[2026-02-08 23:42:17] local.DEBUG: CheckRole: Checking access {"user_id":17,"user_role":"barangay_captain","allowed_roles":["barangay_captain","admin"],"path":"captain/secretaries"} 
[2026-02-08 23:43:52] local.DEBUG: BarangayApprovalController@index - Starting {"user_id":17,"user_role":"barangay_captain","can_barangay_actions":true,"request_query":[]} 
[2026-02-08 23:43:52] local.DEBUG: BarangayApprovalController@index - Data loaded {"requests_count":0,"puroks_count":18,"selected_purok":null} 
[2026-02-08 23:44:07] local.DEBUG: CheckRole: Checking access {"user_id":17,"user_role":"barangay_captain","allowed_roles":["barangay_captain","barangay_kagawad","secretary","admin"],"path":"reports/incident-reports"} 
[2026-02-08 23:46:04] local.DEBUG: CheckRole: Checking access {"user_id":20,"user_role":"secretary","allowed_roles":["barangay_captain","barangay_kagawad","secretary","purok_leader","admin"],"path":"reports/purok-clearance"} 
[2026-02-08 23:46:05] local.DEBUG: CheckRole: Checking access {"user_id":20,"user_role":"secretary","allowed_roles":["secretary","barangay_captain","barangay_kagawad","admin"],"path":"official/requests/138/document"} 
[2026-02-08 23:46:07] local.INFO: PurokLeaderMiddleware - User check {"user_id":46,"user_role":"purok_leader","purok_id":3,"allowed_roles":["purok_leader","admin"]} 
[2026-02-08 23:48:49] local.DEBUG: CheckRole: Checking access {"user_id":17,"user_role":"barangay_captain","allowed_roles":["barangay_captain","admin","barangay_kagawad"],"path":"admin/users"} 
[2026-02-08 23:48:53] local.DEBUG: BarangayApprovalController@index - Starting {"user_id":17,"user_role":"barangay_captain","can_barangay_actions":true,"request_query":[]} 
[2026-02-08 23:48:53] local.DEBUG: BarangayApprovalController@index - Data loaded {"requests_count":0,"puroks_count":18,"selected_purok":null} 
[2026-02-08 23:49:07] local.DEBUG: CheckRole: Checking access {"user_id":17,"user_role":"barangay_captain","allowed_roles":["barangay_captain","barangay_kagawad","secretary","admin"],"path":"reports/incident-reports"} 
[2026-02-08 23:49:15] local.DEBUG: CheckRole: Checking access {"user_id":17,"user_role":"barangay_captain","allowed_roles":["barangay_captain","barangay_kagawad","secretary","admin"],"path":"reports/incident-reports"} 
[2026-02-08 23:49:19] local.DEBUG: CheckRole: Checking access {"user_id":17,"user_role":"barangay_captain","allowed_roles":["barangay_captain","barangay_kagawad","secretary","purok_leader","admin"],"path":"reports/purok-clearance"} 
[2026-02-08 23:49:26] local.DEBUG: BarangayApprovalController@index - Starting {"user_id":17,"user_role":"barangay_captain","can_barangay_actions":true,"request_query":[]} 
[2026-02-08 23:49:26] local.DEBUG: BarangayApprovalController@index - Data loaded {"requests_count":0,"puroks_count":18,"selected_purok":null} 
[2026-02-08 23:49:36] local.DEBUG: CheckRole: Checking access {"user_id":17,"user_role":"barangay_captain","allowed_roles":["barangay_captain","barangay_kagawad","secretary","purok_leader","admin"],"path":"reports/purok-clearance"} 
[2026-02-08 23:52:21] local.DEBUG: CheckRole: Checking access {"user_id":20,"user_role":"secretary","allowed_roles":["barangay_captain","barangay_kagawad","secretary","purok_leader","admin"],"path":"reports/purok-clearance"} 
[2026-02-08 23:52:22] local.DEBUG: CheckRole: Checking access {"user_id":20,"user_role":"secretary","allowed_roles":["secretary","barangay_captain","barangay_kagawad","admin"],"path":"official/requests/138/document"} 
[2026-02-08 23:52:22] local.INFO: PurokLeaderMiddleware - User check {"user_id":46,"user_role":"purok_leader","purok_id":3,"allowed_roles":["purok_leader","admin"]} 
[2026-02-08 23:52:24] local.DEBUG: CheckRole: Checking access {"user_id":20,"user_role":"secretary","allowed_roles":["secretary","barangay_captain","barangay_kagawad","admin"],"path":"official/requests/138/document"} 
[2026-02-08 23:52:24] local.DEBUG: CheckRole: Checking access {"user_id":20,"user_role":"secretary","allowed_roles":["barangay_captain","barangay_kagawad","secretary","purok_leader","admin"],"path":"reports/purok-clearance"} 
[2026-02-08 23:52:25] local.INFO: PurokLeaderMiddleware - User check {"user_id":46,"user_role":"purok_leader","purok_id":3,"allowed_roles":["purok_leader","admin"]} 
[2026-02-08 23:52:27] local.DEBUG: CheckRole: Checking access {"user_id":17,"user_role":"barangay_captain","allowed_roles":["barangay_captain","barangay_kagawad","secretary","purok_leader","admin"],"path":"reports/purok-clearance"} 
[2026-02-08 23:54:17] local.DEBUG: CheckRole: Checking access {"user_id":20,"user_role":"secretary","allowed_roles":["secretary","barangay_captain","barangay_kagawad","admin"],"path":"official/requests/138/document"} 
[2026-02-08 23:54:18] local.DEBUG: CheckRole: Checking access {"user_id":20,"user_role":"secretary","allowed_roles":["barangay_captain","barangay_kagawad","secretary","purok_leader","admin"],"path":"reports/purok-clearance"} 
[2026-02-08 23:54:18] local.INFO: PurokLeaderMiddleware - User check {"user_id":46,"user_role":"purok_leader","purok_id":3,"allowed_roles":["purok_leader","admin"]} 
[2026-02-08 23:54:19] local.DEBUG: CheckRole: Checking access {"user_id":20,"user_role":"secretary","allowed_roles":["secretary","barangay_captain","barangay_kagawad","admin"],"path":"official/requests/138/document"} 
[2026-02-08 23:54:20] local.DEBUG: CheckRole: Checking access {"user_id":20,"user_role":"secretary","allowed_roles":["barangay_captain","barangay_kagawad","secretary","purok_leader","admin"],"path":"reports/purok-clearance"} 
[2026-02-08 23:54:20] local.INFO: PurokLeaderMiddleware - User check {"user_id":46,"user_role":"purok_leader","purok_id":3,"allowed_roles":["purok_leader","admin"]} 
[2026-02-08 23:55:36] local.DEBUG: CheckRole: Checking access {"user_id":20,"user_role":"secretary","allowed_roles":["secretary","barangay_captain","barangay_kagawad","admin"],"path":"official/requests/138/document"} 
[2026-02-08 23:55:40] local.DEBUG: CheckRole: Checking access {"user_id":20,"user_role":"secretary","allowed_roles":["barangay_captain","barangay_kagawad","secretary","purok_leader","admin"],"path":"reports/purok-clearance"} 
[2026-02-08 23:55:40] local.INFO: PurokLeaderMiddleware - User check {"user_id":46,"user_role":"purok_leader","purok_id":3,"allowed_roles":["purok_leader","admin"]} 
[2026-02-08 23:55:41] local.DEBUG: CheckRole: Checking access {"user_id":20,"user_role":"secretary","allowed_roles":["barangay_captain","barangay_kagawad","secretary","purok_leader","admin"],"path":"reports/purok-clearance"} 
[2026-02-08 23:55:41] local.INFO: PurokLeaderMiddleware - User check {"user_id":46,"user_role":"purok_leader","purok_id":3,"allowed_roles":["purok_leader","admin"]} 
[2026-02-08 23:55:45] local.DEBUG: CheckRole: Checking access {"user_id":17,"user_role":"barangay_captain","allowed_roles":["barangay_captain","admin"],"path":"captain/secretaries"} 
[2026-02-08 23:55:51] local.DEBUG: CheckRole: Checking access {"user_id":17,"user_role":"barangay_captain","allowed_roles":["barangay_captain","barangay_kagawad","secretary","admin"],"path":"reports/incident-reports"} 
[2026-02-08 23:56:47] local.DEBUG: CheckRole: Checking access {"user_id":20,"user_role":"secretary","allowed_roles":["barangay_captain","barangay_kagawad","secretary","purok_leader","admin"],"path":"reports/purok-clearance"} 
[2026-02-08 23:56:48] local.DEBUG: CheckRole: Checking access {"user_id":20,"user_role":"secretary","allowed_roles":["secretary","barangay_captain","barangay_kagawad","admin"],"path":"official/requests/138/document"} 
[2026-02-08 23:56:50] local.INFO: PurokLeaderMiddleware - User check {"user_id":46,"user_role":"purok_leader","purok_id":3,"allowed_roles":["purok_leader","admin"]} 
[2026-02-08 23:56:52] local.INFO: PurokLeaderMiddleware - User check {"user_id":46,"user_role":"purok_leader","purok_id":3,"allowed_roles":["purok_leader","admin"]} 
